0	1	mikroCPIC1618.exe -MSF -DBG -pP16F877A -DL -O11111114 -fo4 -N"D:\ArtrOnix\Artronix I\underground station\Program\Kit11\MyProject.mcppi" -SP"C:\Users\Public\Documents\Mikroelektronika\mikroC PRO for PIC\defs\" -SP"C:\Users\Public\Documents\Mikroelektronika\mikroC PRO for PIC\Uses\P16\" -SP"D:\ArtrOnix\Artronix I\underground station\Program\Kit11\" -SP"D:\4 Communication\Project\count up & down\" "MyProject.c" "__Lib_Math.mcl" "__Lib_MathDouble.mcl" "__Lib_System.mcl" "__Lib_Delays.mcl" "__Lib_CType.mcl" "__Lib_CString.mcl" "__Lib_CStdlib.mcl" "__Lib_CMath.mcl" "__Lib_MemManager.mcl" "__Lib_Conversions.mcl" "__Lib_Sprinti.mcl" "__Lib_Sprintl.mcl" "__Lib_Time.mcl" "__Lib_Trigonometry.mcl" "__Lib_Button.mcl" "__Lib_Keypad4x4.mcl" "__Lib_Manchester.mcl" "__Lib_OneWire.mcl" "__Lib_PS2.mcl" "__Lib_Sound.mcl" "__Lib_SoftI2C.mcl" "__Lib_SoftSPI.mcl" "__Lib_SoftUART.mcl" "__Lib_ADC_A_C.mcl" "__Lib_EEPROM.mcl" "__Lib_FLASH_RW.mcl" "__Lib_I2C_c34.mcl" "__Lib_PWM_c21.mcl" "__Lib_SPI_c345.mcl" "__Lib_UART_c67.mcl" "__Lib_PortExpander.mcl" "__Lib_CANSPI.mcl" "__Lib_CF.mcl" "__Lib_GlcdFonts.mcl" "__Lib_Glcd.mcl" "__Lib_LcdConsts.mcl" "__Lib_Lcd.mcl" "__Lib_RS485.mcl" "__Lib_S1D13700.mcl" "__Lib_T6963C.mcl" "__Lib_SPIGlcd.mcl" "__Lib_SPILcd.mcl" "__Lib_SPILcd8.mcl" "__Lib_SPIT6963C.mcl" "__Lib_EthEnc28j60.mcl" "__Lib_EthEnc24j600.mcl" "__Lib_TouchPanel.mcl"	 
warning: 0	1501	Specified search path does not exist: 'D:\4 Communication\Project\count up & down'	 
hint: 0	1139	Available RAM: 352 [bytes], Available ROM: 8192 [bytes]	 
diagnostics: 0	126	All files Preprocessed in 172 ms	 
diagnostics: 0	122	Compilation Started	MyProject.c
hint: 165	1163	Variable 'ldr1' has been declared, but not used	MyProject.c
hint: 165	1163	Variable 'ldr2' has been declared, but not used	MyProject.c
hint: 165	1163	Variable 'ldr1_p' has been declared, but not used	MyProject.c
hint: 165	1163	Variable 'ldr2_p' has been declared, but not used	MyProject.c
hint: 165	1163	Variable 'v' has been declared, but not used	MyProject.c
hint: 165	1163	Variable 't' has been declared, but not used	MyProject.c
hint: 166	1163	Variable 'tx' has been declared, but not used	MyProject.c
hint: 166	1163	Variable 'a' has been declared, but not used	MyProject.c
hint: 166	1163	Variable 'b' has been declared, but not used	MyProject.c
hint: 167	1163	Variable 'i' has been declared, but not used	MyProject.c
diagnostics: 255	123	Compiled Successfully	MyProject.c
hint: 62	1164	Variable 'status' has been eliminated by optimizer	MyProject.c
hint: 119	1164	Variable 'add1' has been eliminated by optimizer	MyProject.c
hint: 165	1164	Variable 'count' has been eliminated by optimizer	MyProject.c
diagnostics: 0	127	All files Compiled in 171 ms	 
hint: 0	1144	Used RAM (bytes): 51 (14%)  Free RAM (bytes): 301 (86%)	Used RAM (bytes): 51 (14%)  Free RAM (bytes): 301 (86%)
hint: 0	1144	Used ROM (program words): 585 (7%)  Free ROM (program words): 7607 (93%)	Used ROM (program words): 585 (7%)  Free ROM (program words): 7607 (93%)
diagnostics: 0	125	Project Linked Successfully	MyProject.mcppi
diagnostics: 0	128	Linked in 94 ms	 
diagnostics: 0	129	Project 'MyProject.mcppi' completed: 499 ms	 
diagnostics: 0	103	Finished successfully: 01 Jul 2014, 13:05:01	MyProject.mcppi
