;  LST file generated by mikroListExporter - v.2.0 
; Date/Time: 7/1/2014 1:05:01 PM
;----------------------------------------------

;Address Opcode 	ASM
0x0000	0x29DC      	GOTO       476
_Delay_50us:
;__Lib_Delays.c,19 :: 		void Delay_50us() {
;__Lib_Delays.c,20 :: 		Delay_us(50);
0x0003	0x3010      	MOVLW      16
0x0004	0x1283      	BCF        STATUS, 5
0x0005	0x1303      	BCF        STATUS, 6
0x0006	0x00FD      	MOVWF      R13
L_Delay_50us2:
0x0007	0x0BFD      	DECFSZ     R13, 1
0x0008	0x2807      	GOTO       L_Delay_50us2
0x0009	0x0000      	NOP
;__Lib_Delays.c,21 :: 		}
L_end_Delay_50us:
0x000A	0x0008      	RETURN
; end of _Delay_50us
_Delay_1us:
;__Lib_Delays.c,7 :: 		void Delay_1us() {
;__Lib_Delays.c,8 :: 		Delay_us(1);
0x000B	0x0000      	NOP
;__Lib_Delays.c,9 :: 		}
L_end_Delay_1us:
0x000C	0x0008      	RETURN
; end of _Delay_1us
_Delay_5500us:
;__Lib_Delays.c,31 :: 		void Delay_5500us() {
;__Lib_Delays.c,32 :: 		Delay_us(5500);
0x000D	0x3008      	MOVLW      8
0x000E	0x1283      	BCF        STATUS, 5
0x000F	0x1303      	BCF        STATUS, 6
0x0010	0x00FC      	MOVWF      R12
0x0011	0x3023      	MOVLW      35
0x0012	0x00FD      	MOVWF      R13
L_Delay_5500us5:
0x0013	0x0BFD      	DECFSZ     R13, 1
0x0014	0x2813      	GOTO       L_Delay_5500us5
0x0015	0x0BFC      	DECFSZ     R12, 1
0x0016	0x2813      	GOTO       L_Delay_5500us5
;__Lib_Delays.c,33 :: 		}
L_end_Delay_5500us:
0x0017	0x0008      	RETURN
; end of _Delay_5500us
_Lcd_Cmd:
;__Lib_Lcd.c,18 :: 		
;__Lib_Lcd.c,20 :: 		
0x0018	0x1283      	BCF        STATUS, 5
0x0019	0x1303      	BCF        STATUS, 6
0x001A	0x1BD1      	BTFSC      FARG_Lcd_Cmd_out_char, 7
0x001B	0x281E      	GOTO       L__Lcd_Cmd21
0x001C	0x1186      	BCF        LCD_D7, BitPos(LCD_D7+0)
0x001D	0x281F      	GOTO       L__Lcd_Cmd22
L__Lcd_Cmd21:
0x001E	0x1586      	BSF        LCD_D7, BitPos(LCD_D7+0)
L__Lcd_Cmd22:
;__Lib_Lcd.c,21 :: 		
0x001F	0x1B51      	BTFSC      FARG_Lcd_Cmd_out_char, 6
0x0020	0x2823      	GOTO       L__Lcd_Cmd23
0x0021	0x1106      	BCF        LCD_D6, BitPos(LCD_D6+0)
0x0022	0x2824      	GOTO       L__Lcd_Cmd24
L__Lcd_Cmd23:
0x0023	0x1506      	BSF        LCD_D6, BitPos(LCD_D6+0)
L__Lcd_Cmd24:
;__Lib_Lcd.c,22 :: 		
0x0024	0x1AD1      	BTFSC      FARG_Lcd_Cmd_out_char, 5
0x0025	0x2828      	GOTO       L__Lcd_Cmd25
0x0026	0x1086      	BCF        LCD_D5, BitPos(LCD_D5+0)
0x0027	0x2829      	GOTO       L__Lcd_Cmd26
L__Lcd_Cmd25:
0x0028	0x1486      	BSF        LCD_D5, BitPos(LCD_D5+0)
L__Lcd_Cmd26:
;__Lib_Lcd.c,23 :: 		
0x0029	0x1A51      	BTFSC      FARG_Lcd_Cmd_out_char, 4
0x002A	0x282D      	GOTO       L__Lcd_Cmd27
0x002B	0x1006      	BCF        LCD_D4, BitPos(LCD_D4+0)
0x002C	0x282E      	GOTO       L__Lcd_Cmd28
L__Lcd_Cmd27:
0x002D	0x1406      	BSF        LCD_D4, BitPos(LCD_D4+0)
L__Lcd_Cmd28:
;__Lib_Lcd.c,25 :: 		
0x002E	0x1827      	BTFSC      __Lib_Lcd_cmd_status, BitPos(__Lib_Lcd_cmd_status+0)
0x002F	0x2832      	GOTO       L__Lcd_Cmd29
0x0030	0x1606      	BSF        LCD_RS, BitPos(LCD_RS+0)
0x0031	0x2833      	GOTO       L__Lcd_Cmd30
L__Lcd_Cmd29:
0x0032	0x1206      	BCF        LCD_RS, BitPos(LCD_RS+0)
L__Lcd_Cmd30:
;__Lib_Lcd.c,28 :: 		
0x0033	0x1686      	BSF        LCD_EN, BitPos(LCD_EN+0)
;__Lib_Lcd.c,29 :: 		
0x0034	0x200B      	CALL       _Delay_1us
;__Lib_Lcd.c,30 :: 		
0x0035	0x1286      	BCF        LCD_EN, BitPos(LCD_EN+0)
;__Lib_Lcd.c,33 :: 		
0x0036	0x19D1      	BTFSC      FARG_Lcd_Cmd_out_char, 3
0x0037	0x283A      	GOTO       L__Lcd_Cmd31
0x0038	0x1186      	BCF        LCD_D7, BitPos(LCD_D7+0)
0x0039	0x283B      	GOTO       L__Lcd_Cmd32
L__Lcd_Cmd31:
0x003A	0x1586      	BSF        LCD_D7, BitPos(LCD_D7+0)
L__Lcd_Cmd32:
;__Lib_Lcd.c,34 :: 		
0x003B	0x1951      	BTFSC      FARG_Lcd_Cmd_out_char, 2
0x003C	0x283F      	GOTO       L__Lcd_Cmd33
0x003D	0x1106      	BCF        LCD_D6, BitPos(LCD_D6+0)
0x003E	0x2840      	GOTO       L__Lcd_Cmd34
L__Lcd_Cmd33:
0x003F	0x1506      	BSF        LCD_D6, BitPos(LCD_D6+0)
L__Lcd_Cmd34:
;__Lib_Lcd.c,35 :: 		
0x0040	0x18D1      	BTFSC      FARG_Lcd_Cmd_out_char, 1
0x0041	0x2844      	GOTO       L__Lcd_Cmd35
0x0042	0x1086      	BCF        LCD_D5, BitPos(LCD_D5+0)
0x0043	0x2845      	GOTO       L__Lcd_Cmd36
L__Lcd_Cmd35:
0x0044	0x1486      	BSF        LCD_D5, BitPos(LCD_D5+0)
L__Lcd_Cmd36:
;__Lib_Lcd.c,36 :: 		
0x0045	0x1851      	BTFSC      FARG_Lcd_Cmd_out_char, 0
0x0046	0x2849      	GOTO       L__Lcd_Cmd37
0x0047	0x1006      	BCF        LCD_D4, BitPos(LCD_D4+0)
0x0048	0x284A      	GOTO       L__Lcd_Cmd38
L__Lcd_Cmd37:
0x0049	0x1406      	BSF        LCD_D4, BitPos(LCD_D4+0)
L__Lcd_Cmd38:
;__Lib_Lcd.c,38 :: 		
0x004A	0x1827      	BTFSC      __Lib_Lcd_cmd_status, BitPos(__Lib_Lcd_cmd_status+0)
0x004B	0x284E      	GOTO       L__Lcd_Cmd39
0x004C	0x1606      	BSF        LCD_RS, BitPos(LCD_RS+0)
0x004D	0x284F      	GOTO       L__Lcd_Cmd40
L__Lcd_Cmd39:
0x004E	0x1206      	BCF        LCD_RS, BitPos(LCD_RS+0)
L__Lcd_Cmd40:
;__Lib_Lcd.c,40 :: 		
0x004F	0x1686      	BSF        LCD_EN, BitPos(LCD_EN+0)
;__Lib_Lcd.c,41 :: 		
0x0050	0x200B      	CALL       _Delay_1us
;__Lib_Lcd.c,42 :: 		
0x0051	0x1286      	BCF        LCD_EN, BitPos(LCD_EN+0)
;__Lib_Lcd.c,44 :: 		
0x0052	0x1C27      	BTFSS      __Lib_Lcd_cmd_status, BitPos(__Lib_Lcd_cmd_status+0)
0x0053	0x2856      	GOTO       L_Lcd_Cmd0
;__Lib_Lcd.c,45 :: 		
0x0054	0x200D      	CALL       _Delay_5500us
0x0055	0x2857      	GOTO       L_Lcd_Cmd1
L_Lcd_Cmd0:
;__Lib_Lcd.c,47 :: 		
0x0056	0x2003      	CALL       _Delay_50us
L_Lcd_Cmd1:
;__Lib_Lcd.c,48 :: 		
L_end_Lcd_Cmd:
0x0057	0x0008      	RETURN
; end of _Lcd_Cmd
_rw_register:
;MyProject.c,32 :: 		char rw_register(char add)
;MyProject.c,34 :: 		char rec=0;
0x0058	0x1283      	BCF        STATUS, 5
0x0059	0x1303      	BCF        STATUS, 6
0x005A	0x01D2      	CLRF       rw_register_rec_L0
;MyProject.c,36 :: 		for(cou=0;cou<8;cou++)
0x005B	0x01F3      	CLRF       R3
L_rw_register0:
0x005C	0x3008      	MOVLW      8
0x005D	0x0273      	SUBWF      R3, 0
0x005E	0x1803      	BTFSC      STATUS, 0
0x005F	0x2880      	GOTO       L_rw_register1
;MyProject.c,38 :: 		MOSI=(add&0x80)>>7;
0x0060	0x3080      	MOVLW      128
0x0061	0x0551      	ANDWF      FARG_rw_register_add, 0
0x0062	0x00F2      	MOVWF      R2
0x0063	0x3007      	MOVLW      7
0x0064	0x00F1      	MOVWF      R1
0x0065	0x0872      	MOVF       R2, 0
0x0066	0x00F0      	MOVWF      R0
0x0067	0x0871      	MOVF       R1, 0
L__rw_register32:
0x0068	0x1903      	BTFSC      STATUS, 2
0x0069	0x286E      	GOTO       L__rw_register33
0x006A	0x0CF0      	RRF        R0, 1
0x006B	0x13F0      	BCF        R0, 7
0x006C	0x3EFF      	ADDLW      255
0x006D	0x2868      	GOTO       L__rw_register32
L__rw_register33:
0x006E	0x1870      	BTFSC      R0, 0
0x006F	0x2872      	GOTO       L__rw_register34
0x0070	0x1187      	BCF        RC3_bit, 3
0x0071	0x2873      	GOTO       L__rw_register35
L__rw_register34:
0x0072	0x1587      	BSF        RC3_bit, 3
L__rw_register35:
;MyProject.c,39 :: 		add=add<<1;
0x0073	0x0DD1      	RLF        FARG_rw_register_add, 1
0x0074	0x1051      	BCF        FARG_rw_register_add, 0
;MyProject.c,40 :: 		rec=rec<<1;
0x0075	0x0DD2      	RLF        rw_register_rec_L0, 1
0x0076	0x1052      	BCF        rw_register_rec_L0, 0
;MyProject.c,41 :: 		CSK=1;
0x0077	0x1507      	BSF        RC2_bit, 2
;MyProject.c,42 :: 		rec|=MISO;
0x0078	0x01F0      	CLRF       R0
0x0079	0x1A07      	BTFSC      RC4_bit, 4
0x007A	0x0AF0      	INCF       R0, 1
0x007B	0x0870      	MOVF       R0, 0
0x007C	0x04D2      	IORWF      rw_register_rec_L0, 1
;MyProject.c,43 :: 		CSK=0;
0x007D	0x1107      	BCF        RC2_bit, 2
;MyProject.c,36 :: 		for(cou=0;cou<8;cou++)
0x007E	0x0AF3      	INCF       R3, 1
;MyProject.c,44 :: 		}
0x007F	0x285C      	GOTO       L_rw_register0
L_rw_register1:
;MyProject.c,45 :: 		return rec;
0x0080	0x0852      	MOVF       rw_register_rec_L0, 0
0x0081	0x00F0      	MOVWF      R0
;MyProject.c,46 :: 		}
L_end_rw_register:
0x0082	0x0008      	RETURN
; end of _rw_register
_read_add:
;MyProject.c,48 :: 		char read_add(char add)
;MyProject.c,51 :: 		CSN=0;
0x0083	0x1283      	BCF        STATUS, 5
0x0084	0x1303      	BCF        STATUS, 6
0x0085	0x1087      	BCF        RC1_bit, 1
;MyProject.c,52 :: 		delay_us(10);
0x0086	0x3003      	MOVLW      3
0x0087	0x00FD      	MOVWF      R13
L_read_add3:
0x0088	0x0BFD      	DECFSZ     R13, 1
0x0089	0x2888      	GOTO       L_read_add3
;MyProject.c,53 :: 		rw_register(add);
0x008A	0x084F      	MOVF       FARG_read_add_add, 0
0x008B	0x00D1      	MOVWF      FARG_rw_register_add
0x008C	0x2058      	CALL       _rw_register
;MyProject.c,54 :: 		value=rw_register(0xFF);
0x008D	0x30FF      	MOVLW      255
0x008E	0x00D1      	MOVWF      FARG_rw_register_add
0x008F	0x2058      	CALL       _rw_register
0x0090	0x0870      	MOVF       R0, 0
0x0091	0x00D0      	MOVWF      read_add_value_L0
;MyProject.c,55 :: 		CSN=1;
0x0092	0x1487      	BSF        RC1_bit, 1
;MyProject.c,56 :: 		delay_us(10);
0x0093	0x3003      	MOVLW      3
0x0094	0x00FD      	MOVWF      R13
L_read_add4:
0x0095	0x0BFD      	DECFSZ     R13, 1
0x0096	0x2895      	GOTO       L_read_add4
;MyProject.c,57 :: 		return value;
0x0097	0x0850      	MOVF       read_add_value_L0, 0
0x0098	0x00F0      	MOVWF      R0
;MyProject.c,58 :: 		}
L_end_read_add:
0x0099	0x0008      	RETURN
; end of _read_add
_write_add:
;MyProject.c,60 :: 		char write_add(char add,char value)
;MyProject.c,63 :: 		add=add|0b00100000;
0x009A	0x1283      	BCF        STATUS, 5
0x009B	0x1303      	BCF        STATUS, 6
0x009C	0x16CF      	BSF        FARG_write_add_add, 5
;MyProject.c,64 :: 		CSN=0;
0x009D	0x1087      	BCF        RC1_bit, 1
;MyProject.c,65 :: 		delay_us(10);
0x009E	0x3003      	MOVLW      3
0x009F	0x00FD      	MOVWF      R13
L_write_add5:
0x00A0	0x0BFD      	DECFSZ     R13, 1
0x00A1	0x28A0      	GOTO       L_write_add5
;MyProject.c,66 :: 		status=rw_register(add);
0x00A2	0x084F      	MOVF       FARG_write_add_add, 0
0x00A3	0x00D1      	MOVWF      FARG_rw_register_add
0x00A4	0x2058      	CALL       _rw_register
;MyProject.c,67 :: 		rw_register(value);
0x00A5	0x0850      	MOVF       FARG_write_add_value, 0
0x00A6	0x00D1      	MOVWF      FARG_rw_register_add
0x00A7	0x2058      	CALL       _rw_register
;MyProject.c,68 :: 		CSN=1;
0x00A8	0x1487      	BSF        RC1_bit, 1
;MyProject.c,69 :: 		delay_us(10);
0x00A9	0x3003      	MOVLW      3
0x00AA	0x00FD      	MOVWF      R13
L_write_add6:
0x00AB	0x0BFD      	DECFSZ     R13, 1
0x00AC	0x28AB      	GOTO       L_write_add6
;MyProject.c,70 :: 		return value;
0x00AD	0x0850      	MOVF       FARG_write_add_value, 0
0x00AE	0x00F0      	MOVWF      R0
;MyProject.c,71 :: 		}
L_end_write_add:
0x00AF	0x0008      	RETURN
; end of _write_add
_____DoICP:
;__Lib_System.c,6 :: 		
;__Lib_System.c,9 :: 		
0x00B0	0x1283      	BCF        STATUS, 5
0x00B1	0x1303      	BCF        STATUS, 6
0x00B2	0x0826      	MOVF       ___DoICPAddr+1, 0
0x00B3	0x008A      	MOVWF      PCLATH
;__Lib_System.c,10 :: 		
0x00B4	0x0825      	MOVF       ___DoICPAddr, 0
0x00B5	0x0082      	MOVWF      PCL
;__Lib_System.c,12 :: 		
L_end_____DoICP:
0x00B6	0x0008      	RETURN
; end of _____DoICP
_Lcd_Chr_CP:
;__Lib_Lcd.c,50 :: 		
;__Lib_Lcd.c,52 :: 		
0x00B7	0x1283      	BCF        STATUS, 5
0x00B8	0x1303      	BCF        STATUS, 6
0x00B9	0x1027      	BCF        __Lib_Lcd_cmd_status, BitPos(__Lib_Lcd_cmd_status+0)
;__Lib_Lcd.c,53 :: 		
0x00BA	0x084F      	MOVF       FARG_Lcd_Chr_CP_out_char, 0
0x00BB	0x00D1      	MOVWF      FARG_Lcd_Cmd_out_char
0x00BC	0x2018      	CALL       _Lcd_Cmd
;__Lib_Lcd.c,54 :: 		
0x00BD	0x1427      	BSF        __Lib_Lcd_cmd_status, BitPos(__Lib_Lcd_cmd_status+0)
;__Lib_Lcd.c,55 :: 		
L_end_Lcd_Chr_CP:
0x00BE	0x0008      	RETURN
; end of _Lcd_Chr_CP
_reset:
;MyProject.c,145 :: 		void reset()
;MyProject.c,147 :: 		write_add(0x07,0x7E);
0x00BF	0x3007      	MOVLW      7
0x00C0	0x1283      	BCF        STATUS, 5
0x00C1	0x1303      	BCF        STATUS, 6
0x00C2	0x00CF      	MOVWF      FARG_write_add_add
0x00C3	0x307E      	MOVLW      126
0x00C4	0x00D0      	MOVWF      FARG_write_add_value
0x00C5	0x209A      	CALL       _write_add
;MyProject.c,148 :: 		read_add(0xE1);
0x00C6	0x30E1      	MOVLW      225
0x00C7	0x00CF      	MOVWF      FARG_read_add_add
0x00C8	0x2083      	CALL       _read_add
;MyProject.c,149 :: 		read_add(0xE2);
0x00C9	0x30E2      	MOVLW      226
0x00CA	0x00CF      	MOVWF      FARG_read_add_add
0x00CB	0x2083      	CALL       _read_add
;MyProject.c,150 :: 		}
L_end_reset:
0x00CC	0x0008      	RETURN
; end of _reset
_Lcd_Init:
;__Lib_Lcd.c,84 :: 		
;__Lib_Lcd.c,86 :: 		
0x00CD	0x1683      	BSF        STATUS, 5
0x00CE	0x1303      	BCF        STATUS, 6
0x00CF	0x1286      	BCF        LCD_EN_Direction, BitPos(LCD_EN_Direction+0)
;__Lib_Lcd.c,87 :: 		
0x00D0	0x1206      	BCF        LCD_RS_Direction, BitPos(LCD_RS_Direction+0)
;__Lib_Lcd.c,88 :: 		
0x00D1	0x1006      	BCF        LCD_D4_Direction, BitPos(LCD_D4_Direction+0)
;__Lib_Lcd.c,89 :: 		
0x00D2	0x1086      	BCF        LCD_D5_Direction, BitPos(LCD_D5_Direction+0)
;__Lib_Lcd.c,90 :: 		
0x00D3	0x1106      	BCF        LCD_D6_Direction, BitPos(LCD_D6_Direction+0)
;__Lib_Lcd.c,91 :: 		
0x00D4	0x1186      	BCF        LCD_D7_Direction, BitPos(LCD_D7_Direction+0)
;__Lib_Lcd.c,93 :: 		
0x00D5	0x1283      	BCF        STATUS, 5
0x00D6	0x1286      	BCF        LCD_EN, BitPos(LCD_EN+0)
;__Lib_Lcd.c,94 :: 		
0x00D7	0x1206      	BCF        LCD_RS, BitPos(LCD_RS+0)
;__Lib_Lcd.c,95 :: 		
0x00D8	0x1186      	BCF        LCD_D7, BitPos(LCD_D7+0)
;__Lib_Lcd.c,96 :: 		
0x00D9	0x1106      	BCF        LCD_D6, BitPos(LCD_D6+0)
;__Lib_Lcd.c,97 :: 		
0x00DA	0x1086      	BCF        LCD_D5, BitPos(LCD_D5+0)
;__Lib_Lcd.c,98 :: 		
0x00DB	0x1006      	BCF        LCD_D4, BitPos(LCD_D4+0)
;__Lib_Lcd.c,100 :: 		
0x00DC	0x200D      	CALL       _Delay_5500us
;__Lib_Lcd.c,101 :: 		
0x00DD	0x200D      	CALL       _Delay_5500us
;__Lib_Lcd.c,102 :: 		
0x00DE	0x200D      	CALL       _Delay_5500us
;__Lib_Lcd.c,105 :: 		
0x00DF	0x1486      	BSF        LCD_D5, BitPos(LCD_D5+0)
;__Lib_Lcd.c,106 :: 		
0x00E0	0x1406      	BSF        LCD_D4, BitPos(LCD_D4+0)
;__Lib_Lcd.c,107 :: 		
0x00E1	0x1686      	BSF        LCD_EN, BitPos(LCD_EN+0)
;__Lib_Lcd.c,108 :: 		
0x00E2	0x200B      	CALL       _Delay_1us
;__Lib_Lcd.c,109 :: 		
0x00E3	0x1286      	BCF        LCD_EN, BitPos(LCD_EN+0)
;__Lib_Lcd.c,110 :: 		
0x00E4	0x200D      	CALL       _Delay_5500us
;__Lib_Lcd.c,112 :: 		
0x00E5	0x1686      	BSF        LCD_EN, BitPos(LCD_EN+0)
;__Lib_Lcd.c,113 :: 		
0x00E6	0x200B      	CALL       _Delay_1us
;__Lib_Lcd.c,114 :: 		
0x00E7	0x1286      	BCF        LCD_EN, BitPos(LCD_EN+0)
;__Lib_Lcd.c,115 :: 		
0x00E8	0x200D      	CALL       _Delay_5500us
;__Lib_Lcd.c,117 :: 		
0x00E9	0x1686      	BSF        LCD_EN, BitPos(LCD_EN+0)
;__Lib_Lcd.c,118 :: 		
0x00EA	0x200B      	CALL       _Delay_1us
;__Lib_Lcd.c,119 :: 		
0x00EB	0x1286      	BCF        LCD_EN, BitPos(LCD_EN+0)
;__Lib_Lcd.c,120 :: 		
0x00EC	0x200D      	CALL       _Delay_5500us
;__Lib_Lcd.c,123 :: 		
0x00ED	0x1006      	BCF        LCD_D4, BitPos(LCD_D4+0)
;__Lib_Lcd.c,124 :: 		
0x00EE	0x1686      	BSF        LCD_EN, BitPos(LCD_EN+0)
;__Lib_Lcd.c,125 :: 		
0x00EF	0x200B      	CALL       _Delay_1us
;__Lib_Lcd.c,126 :: 		
0x00F0	0x1286      	BCF        LCD_EN, BitPos(LCD_EN+0)
;__Lib_Lcd.c,127 :: 		
0x00F1	0x200D      	CALL       _Delay_5500us
;__Lib_Lcd.c,130 :: 		
0x00F2	0x1686      	BSF        LCD_EN, BitPos(LCD_EN+0)
;__Lib_Lcd.c,131 :: 		
0x00F3	0x200B      	CALL       _Delay_1us
;__Lib_Lcd.c,132 :: 		
0x00F4	0x1286      	BCF        LCD_EN, BitPos(LCD_EN+0)
;__Lib_Lcd.c,134 :: 		
0x00F5	0x1086      	BCF        LCD_D5, BitPos(LCD_D5+0)
;__Lib_Lcd.c,135 :: 		
0x00F6	0x1586      	BSF        LCD_D7, BitPos(LCD_D7+0)
;__Lib_Lcd.c,136 :: 		
0x00F7	0x1686      	BSF        LCD_EN, BitPos(LCD_EN+0)
;__Lib_Lcd.c,137 :: 		
0x00F8	0x200B      	CALL       _Delay_1us
;__Lib_Lcd.c,138 :: 		
0x00F9	0x1286      	BCF        LCD_EN, BitPos(LCD_EN+0)
;__Lib_Lcd.c,139 :: 		
0x00FA	0x200D      	CALL       _Delay_5500us
;__Lib_Lcd.c,142 :: 		
0x00FB	0x1186      	BCF        LCD_D7, BitPos(LCD_D7+0)
;__Lib_Lcd.c,143 :: 		
0x00FC	0x1406      	BSF        LCD_D4, BitPos(LCD_D4+0)
;__Lib_Lcd.c,144 :: 		
0x00FD	0x1686      	BSF        LCD_EN, BitPos(LCD_EN+0)
;__Lib_Lcd.c,145 :: 		
0x00FE	0x200B      	CALL       _Delay_1us
;__Lib_Lcd.c,146 :: 		
0x00FF	0x1286      	BCF        LCD_EN, BitPos(LCD_EN+0)
;__Lib_Lcd.c,148 :: 		
0x0100	0x1006      	BCF        LCD_D4, BitPos(LCD_D4+0)
;__Lib_Lcd.c,149 :: 		
0x0101	0x1686      	BSF        LCD_EN, BitPos(LCD_EN+0)
;__Lib_Lcd.c,150 :: 		
0x0102	0x200B      	CALL       _Delay_1us
;__Lib_Lcd.c,151 :: 		
0x0103	0x1286      	BCF        LCD_EN, BitPos(LCD_EN+0)
;__Lib_Lcd.c,152 :: 		
0x0104	0x200D      	CALL       _Delay_5500us
;__Lib_Lcd.c,155 :: 		
0x0105	0x1686      	BSF        LCD_EN, BitPos(LCD_EN+0)
;__Lib_Lcd.c,156 :: 		
0x0106	0x200B      	CALL       _Delay_1us
;__Lib_Lcd.c,157 :: 		
0x0107	0x1286      	BCF        LCD_EN, BitPos(LCD_EN+0)
;__Lib_Lcd.c,159 :: 		
0x0108	0x1406      	BSF        LCD_D4, BitPos(LCD_D4+0)
;__Lib_Lcd.c,160 :: 		
0x0109	0x1686      	BSF        LCD_EN, BitPos(LCD_EN+0)
;__Lib_Lcd.c,161 :: 		
0x010A	0x200B      	CALL       _Delay_1us
;__Lib_Lcd.c,162 :: 		
0x010B	0x1286      	BCF        LCD_EN, BitPos(LCD_EN+0)
;__Lib_Lcd.c,163 :: 		
0x010C	0x200D      	CALL       _Delay_5500us
;__Lib_Lcd.c,166 :: 		
0x010D	0x1006      	BCF        LCD_D4, BitPos(LCD_D4+0)
;__Lib_Lcd.c,167 :: 		
0x010E	0x1686      	BSF        LCD_EN, BitPos(LCD_EN+0)
;__Lib_Lcd.c,168 :: 		
0x010F	0x200B      	CALL       _Delay_1us
;__Lib_Lcd.c,169 :: 		
0x0110	0x1286      	BCF        LCD_EN, BitPos(LCD_EN+0)
;__Lib_Lcd.c,171 :: 		
0x0111	0x1586      	BSF        LCD_D7, BitPos(LCD_D7+0)
;__Lib_Lcd.c,172 :: 		
0x0112	0x1506      	BSF        LCD_D6, BitPos(LCD_D6+0)
;__Lib_Lcd.c,173 :: 		
0x0113	0x1486      	BSF        LCD_D5, BitPos(LCD_D5+0)
;__Lib_Lcd.c,174 :: 		
0x0114	0x1406      	BSF        LCD_D4, BitPos(LCD_D4+0)
;__Lib_Lcd.c,175 :: 		
0x0115	0x1686      	BSF        LCD_EN, BitPos(LCD_EN+0)
;__Lib_Lcd.c,176 :: 		
0x0116	0x200B      	CALL       _Delay_1us
;__Lib_Lcd.c,177 :: 		
0x0117	0x1286      	BCF        LCD_EN, BitPos(LCD_EN+0)
;__Lib_Lcd.c,179 :: 		
0x0118	0x200D      	CALL       _Delay_5500us
;__Lib_Lcd.c,181 :: 		
0x0119	0x1427      	BSF        __Lib_Lcd_cmd_status, BitPos(__Lib_Lcd_cmd_status+0)
;__Lib_Lcd.c,182 :: 		
L_end_Lcd_Init:
0x011A	0x0008      	RETURN
; end of _Lcd_Init
_read_buff:
;MyProject.c,74 :: 		void read_buff(char add,char buffer[],char bytes)
;MyProject.c,77 :: 		CSN=0;
0x011B	0x1283      	BCF        STATUS, 5
0x011C	0x1303      	BCF        STATUS, 6
0x011D	0x1087      	BCF        RC1_bit, 1
;MyProject.c,78 :: 		delay_us(10);
0x011E	0x3003      	MOVLW      3
0x011F	0x00FD      	MOVWF      R13
L_read_buff7:
0x0120	0x0BFD      	DECFSZ     R13, 1
0x0121	0x2920      	GOTO       L_read_buff7
;MyProject.c,79 :: 		rw_register(add);
0x0122	0x084A      	MOVF       FARG_read_buff_add, 0
0x0123	0x00D1      	MOVWF      FARG_rw_register_add
0x0124	0x2058      	CALL       _rw_register
;MyProject.c,80 :: 		for(counter=0;counter<bytes;counter++)
0x0125	0x01CD      	CLRF       read_buff_counter_L0
L_read_buff8:
0x0126	0x084C      	MOVF       FARG_read_buff_bytes, 0
0x0127	0x024D      	SUBWF      read_buff_counter_L0, 0
0x0128	0x1803      	BTFSC      STATUS, 0
0x0129	0x2936      	GOTO       L_read_buff9
;MyProject.c,82 :: 		buffer[counter]=rw_register(0xFF);
0x012A	0x084D      	MOVF       read_buff_counter_L0, 0
0x012B	0x074B      	ADDWF      FARG_read_buff_buffer, 0
0x012C	0x00CE      	MOVWF      FLOC__read_buff
0x012D	0x30FF      	MOVLW      255
0x012E	0x00D1      	MOVWF      FARG_rw_register_add
0x012F	0x2058      	CALL       _rw_register
0x0130	0x084E      	MOVF       FLOC__read_buff, 0
0x0131	0x0084      	MOVWF      FSR
0x0132	0x0870      	MOVF       R0, 0
0x0133	0x0080      	MOVWF      INDF
;MyProject.c,80 :: 		for(counter=0;counter<bytes;counter++)
0x0134	0x0ACD      	INCF       read_buff_counter_L0, 1
;MyProject.c,83 :: 		}
0x0135	0x2926      	GOTO       L_read_buff8
L_read_buff9:
;MyProject.c,84 :: 		CSN=1;
0x0136	0x1487      	BSF        RC1_bit, 1
;MyProject.c,85 :: 		delay_us(10);
0x0137	0x3003      	MOVLW      3
0x0138	0x00FD      	MOVWF      R13
L_read_buff11:
0x0139	0x0BFD      	DECFSZ     R13, 1
0x013A	0x2939      	GOTO       L_read_buff11
;MyProject.c,86 :: 		}
L_end_read_buff:
0x013B	0x0008      	RETURN
; end of _read_buff
___CC2DW:
;__Lib_System.c,134 :: 		
;__Lib_System.c,137 :: 		
_CC2D_Loop1:
;__Lib_System.c,139 :: 		
0x013C	0x20B0      	CALL       _____DoICP
0x013D	0x118A      	BCF        PCLATH, 3
0x013E	0x120A      	BCF        PCLATH, 4
;__Lib_System.c,141 :: 		
0x013F	0x0080      	MOVWF      INDF
;__Lib_System.c,142 :: 		
0x0140	0x0A84      	INCF       FSR, 1
;__Lib_System.c,143 :: 		
0x0141	0x0AA5      	INCF       ___DoICPAddr, 1
;__Lib_System.c,145 :: 		
0x0142	0x1903      	BTFSC      STATUS, 2
;__Lib_System.c,146 :: 		
0x0143	0x0AA6      	INCF       ___DoICPAddr+1, 1
;__Lib_System.c,147 :: 		
0x0144	0x03F0      	DECF       R0, 1
;__Lib_System.c,149 :: 		
0x0145	0x1D03      	BTFSS      STATUS, 2
;__Lib_System.c,150 :: 		
0x0146	0x293C      	GOTO       _CC2D_Loop1
;__Lib_System.c,152 :: 		
L_end___CC2DW:
0x0147	0x0008      	RETURN
; end of ___CC2DW
_nrf24_config:
;MyProject.c,117 :: 		void nrf24_config()
;MyProject.c,119 :: 		char add1[5]={'a','a','a','a','a'};
;MyProject.c,120 :: 		CSN=0;
0x0148	0x1283      	BCF        STATUS, 5
0x0149	0x1303      	BCF        STATUS, 6
0x014A	0x1087      	BCF        RC1_bit, 1
;MyProject.c,121 :: 		CE=0;
0x014B	0x1007      	BCF        RC0_bit, 0
;MyProject.c,122 :: 		delay_ms(20);
0x014C	0x301A      	MOVLW      26
0x014D	0x00FC      	MOVWF      R12
0x014E	0x30F8      	MOVLW      248
0x014F	0x00FD      	MOVWF      R13
L_nrf24_config22:
0x0150	0x0BFD      	DECFSZ     R13, 1
0x0151	0x2950      	GOTO       L_nrf24_config22
0x0152	0x0BFC      	DECFSZ     R12, 1
0x0153	0x2950      	GOTO       L_nrf24_config22
0x0154	0x0000      	NOP
;MyProject.c,124 :: 		write_add(0x01,0x3f);
0x0155	0x3001      	MOVLW      1
0x0156	0x00CF      	MOVWF      FARG_write_add_add
0x0157	0x303F      	MOVLW      63
0x0158	0x00D0      	MOVWF      FARG_write_add_value
0x0159	0x209A      	CALL       _write_add
;MyProject.c,125 :: 		write_add(0x02,0x03);
0x015A	0x3002      	MOVLW      2
0x015B	0x00CF      	MOVWF      FARG_write_add_add
0x015C	0x3003      	MOVLW      3
0x015D	0x00D0      	MOVWF      FARG_write_add_value
0x015E	0x209A      	CALL       _write_add
;MyProject.c,126 :: 		write_add(0x03,0x03);
0x015F	0x3003      	MOVLW      3
0x0160	0x00CF      	MOVWF      FARG_write_add_add
0x0161	0x3003      	MOVLW      3
0x0162	0x00D0      	MOVWF      FARG_write_add_value
0x0163	0x209A      	CALL       _write_add
;MyProject.c,127 :: 		write_add(0x04,0x4f);
0x0164	0x3004      	MOVLW      4
0x0165	0x00CF      	MOVWF      FARG_write_add_add
0x0166	0x304F      	MOVLW      79
0x0167	0x00D0      	MOVWF      FARG_write_add_value
0x0168	0x209A      	CALL       _write_add
;MyProject.c,128 :: 		write_add(0x05,0x4c);
0x0169	0x3005      	MOVLW      5
0x016A	0x00CF      	MOVWF      FARG_write_add_add
0x016B	0x304C      	MOVLW      76
0x016C	0x00D0      	MOVWF      FARG_write_add_value
0x016D	0x209A      	CALL       _write_add
;MyProject.c,129 :: 		write_add(0x06,0x07);
0x016E	0x3006      	MOVLW      6
0x016F	0x00CF      	MOVWF      FARG_write_add_add
0x0170	0x3007      	MOVLW      7
0x0171	0x00D0      	MOVWF      FARG_write_add_value
0x0172	0x209A      	CALL       _write_add
;MyProject.c,130 :: 		write_add(0x11,0x20);
0x0173	0x3011      	MOVLW      17
0x0174	0x00CF      	MOVWF      FARG_write_add_add
0x0175	0x3020      	MOVLW      32
0x0176	0x00D0      	MOVWF      FARG_write_add_value
0x0177	0x209A      	CALL       _write_add
;MyProject.c,131 :: 		write_add(0x1C,0x00);
0x0178	0x301C      	MOVLW      28
0x0179	0x00CF      	MOVWF      FARG_write_add_add
0x017A	0x01D0      	CLRF       FARG_write_add_value
0x017B	0x209A      	CALL       _write_add
;MyProject.c,132 :: 		write_add(0x1D,0x00);
0x017C	0x301D      	MOVLW      29
0x017D	0x00CF      	MOVWF      FARG_write_add_add
0x017E	0x01D0      	CLRF       FARG_write_add_value
0x017F	0x209A      	CALL       _write_add
;MyProject.c,133 :: 		write_add(0x00,0x0f);
0x0180	0x01CF      	CLRF       FARG_write_add_add
0x0181	0x300F      	MOVLW      15
0x0182	0x00D0      	MOVWF      FARG_write_add_value
0x0183	0x209A      	CALL       _write_add
;MyProject.c,134 :: 		write_add(0x00,0x0f);
0x0184	0x01CF      	CLRF       FARG_write_add_add
0x0185	0x300F      	MOVLW      15
0x0186	0x00D0      	MOVWF      FARG_write_add_value
0x0187	0x209A      	CALL       _write_add
;MyProject.c,135 :: 		delay_ms(5);
0x0188	0x3007      	MOVLW      7
0x0189	0x00FC      	MOVWF      R12
0x018A	0x307D      	MOVLW      125
0x018B	0x00FD      	MOVWF      R13
L_nrf24_config23:
0x018C	0x0BFD      	DECFSZ     R13, 1
0x018D	0x298C      	GOTO       L_nrf24_config23
0x018E	0x0BFC      	DECFSZ     R12, 1
0x018F	0x298C      	GOTO       L_nrf24_config23
;MyProject.c,137 :: 		CSN=1;
0x0190	0x1487      	BSF        RC1_bit, 1
;MyProject.c,138 :: 		CE=1;
0x0191	0x1407      	BSF        RC0_bit, 0
;MyProject.c,139 :: 		delay_ms(20);
0x0192	0x301A      	MOVLW      26
0x0193	0x00FC      	MOVWF      R12
0x0194	0x30F8      	MOVLW      248
0x0195	0x00FD      	MOVWF      R13
L_nrf24_config24:
0x0196	0x0BFD      	DECFSZ     R13, 1
0x0197	0x2996      	GOTO       L_nrf24_config24
0x0198	0x0BFC      	DECFSZ     R12, 1
0x0199	0x2996      	GOTO       L_nrf24_config24
0x019A	0x0000      	NOP
;MyProject.c,143 :: 		}
L_end_nrf24_config:
0x019B	0x0008      	RETURN
; end of _nrf24_config
_Lcd_Out:
;__Lib_Lcd.c,184 :: 		
;__Lib_Lcd.c,187 :: 		
0x019C	0x29AE      	GOTO       L_Lcd_Out11
;__Lib_Lcd.c,188 :: 		
L_Lcd_Out13:
0x019D	0x3080      	MOVLW      128
0x019E	0x1283      	BCF        STATUS, 5
0x019F	0x1303      	BCF        STATUS, 6
0x01A0	0x00CA      	MOVWF      FARG_Lcd_Out_row
0x01A1	0x29C1      	GOTO       L_Lcd_Out12
;__Lib_Lcd.c,189 :: 		
L_Lcd_Out14:
0x01A2	0x30C0      	MOVLW      192
0x01A3	0x00CA      	MOVWF      FARG_Lcd_Out_row
0x01A4	0x29C1      	GOTO       L_Lcd_Out12
;__Lib_Lcd.c,190 :: 		
L_Lcd_Out15:
0x01A5	0x3094      	MOVLW      148
0x01A6	0x00CA      	MOVWF      FARG_Lcd_Out_row
0x01A7	0x29C1      	GOTO       L_Lcd_Out12
;__Lib_Lcd.c,191 :: 		
L_Lcd_Out16:
0x01A8	0x30D4      	MOVLW      212
0x01A9	0x00CA      	MOVWF      FARG_Lcd_Out_row
0x01AA	0x29C1      	GOTO       L_Lcd_Out12
;__Lib_Lcd.c,192 :: 		
L_Lcd_Out17:
0x01AB	0x3080      	MOVLW      128
0x01AC	0x00CA      	MOVWF      FARG_Lcd_Out_row
;__Lib_Lcd.c,193 :: 		
0x01AD	0x29C1      	GOTO       L_Lcd_Out12
L_Lcd_Out11:
0x01AE	0x1283      	BCF        STATUS, 5
0x01AF	0x1303      	BCF        STATUS, 6
0x01B0	0x084A      	MOVF       FARG_Lcd_Out_row, 0
0x01B1	0x3A01      	XORLW      1
0x01B2	0x1903      	BTFSC      STATUS, 2
0x01B3	0x299D      	GOTO       L_Lcd_Out13
0x01B4	0x084A      	MOVF       FARG_Lcd_Out_row, 0
0x01B5	0x3A02      	XORLW      2
0x01B6	0x1903      	BTFSC      STATUS, 2
0x01B7	0x29A2      	GOTO       L_Lcd_Out14
0x01B8	0x084A      	MOVF       FARG_Lcd_Out_row, 0
0x01B9	0x3A03      	XORLW      3
0x01BA	0x1903      	BTFSC      STATUS, 2
0x01BB	0x29A5      	GOTO       L_Lcd_Out15
0x01BC	0x084A      	MOVF       FARG_Lcd_Out_row, 0
0x01BD	0x3A04      	XORLW      4
0x01BE	0x1903      	BTFSC      STATUS, 2
0x01BF	0x29A8      	GOTO       L_Lcd_Out16
0x01C0	0x29AB      	GOTO       L_Lcd_Out17
L_Lcd_Out12:
;__Lib_Lcd.c,194 :: 		
0x01C1	0x034B      	DECF       FARG_Lcd_Out_column, 0
0x01C2	0x00F0      	MOVWF      R0
0x01C3	0x084A      	MOVF       FARG_Lcd_Out_row, 0
0x01C4	0x07F0      	ADDWF      R0, 1
0x01C5	0x0870      	MOVF       R0, 0
0x01C6	0x00CA      	MOVWF      FARG_Lcd_Out_row
;__Lib_Lcd.c,196 :: 		
0x01C7	0x0870      	MOVF       R0, 0
0x01C8	0x00D1      	MOVWF      FARG_Lcd_Cmd_out_char
0x01C9	0x2018      	CALL       _Lcd_Cmd
;__Lib_Lcd.c,197 :: 		
0x01CA	0x1027      	BCF        __Lib_Lcd_cmd_status, BitPos(__Lib_Lcd_cmd_status+0)
;__Lib_Lcd.c,198 :: 		
0x01CB	0x01CD      	CLRF       Lcd_Out_i_L0
;__Lib_Lcd.c,199 :: 		
L_Lcd_Out18:
0x01CC	0x084D      	MOVF       Lcd_Out_i_L0, 0
0x01CD	0x074C      	ADDWF      FARG_Lcd_Out_text, 0
0x01CE	0x0084      	MOVWF      FSR
0x01CF	0x0800      	MOVF       INDF, 0
0x01D0	0x1903      	BTFSC      STATUS, 2
0x01D1	0x29DA      	GOTO       L_Lcd_Out19
;__Lib_Lcd.c,200 :: 		
0x01D2	0x084D      	MOVF       Lcd_Out_i_L0, 0
0x01D3	0x074C      	ADDWF      FARG_Lcd_Out_text, 0
0x01D4	0x0084      	MOVWF      FSR
0x01D5	0x0800      	MOVF       INDF, 0
0x01D6	0x00CF      	MOVWF      FARG_Lcd_Chr_CP_out_char
0x01D7	0x20B7      	CALL       _Lcd_Chr_CP
0x01D8	0x0ACD      	INCF       Lcd_Out_i_L0, 1
0x01D9	0x29CC      	GOTO       L_Lcd_Out18
L_Lcd_Out19:
;__Lib_Lcd.c,201 :: 		
0x01DA	0x1427      	BSF        __Lib_Lcd_cmd_status, BitPos(__Lib_Lcd_cmd_status+0)
;__Lib_Lcd.c,202 :: 		
L_end_Lcd_Out:
0x01DB	0x0008      	RETURN
; end of _Lcd_Out
_main:
0x01DC	0x306E      	MOVLW      110
0x01DD	0x1283      	BCF        STATUS, 5
0x01DE	0x1303      	BCF        STATUS, 6
0x01DF	0x00A0      	MOVWF      ?lstr1_MyProject
0x01E0	0x306F      	MOVLW      111
0x01E1	0x00A1      	MOVWF      33
0x01E2	0x3020      	MOVLW      32
0x01E3	0x00A2      	MOVWF      34
0x01E4	0x3020      	MOVLW      32
0x01E5	0x00A3      	MOVWF      35
0x01E6	0x01A4      	CLRF       36
;MyProject.c,163 :: 		void main()
;MyProject.c,171 :: 		CE_DIR=0;
0x01E7	0x1683      	BSF        STATUS, 5
0x01E8	0x1007      	BCF        TRISC0_bit, 0
;MyProject.c,172 :: 		CSN_DIR=0;
0x01E9	0x1087      	BCF        TRISC1_bit, 1
;MyProject.c,173 :: 		CSK_DIR=0;
0x01EA	0x1107      	BCF        TRISC2_bit, 2
;MyProject.c,174 :: 		MOSI_DIR=0;
0x01EB	0x1187      	BCF        TRISC3_bit, 3
;MyProject.c,175 :: 		MISO_DIR=1;
0x01EC	0x1607      	BSF        TRISC4_bit, 4
;MyProject.c,177 :: 		nrf24_config();
0x01ED	0x2148      	CALL       _nrf24_config
;MyProject.c,178 :: 		CSN=1;
0x01EE	0x1487      	BSF        RC1_bit, 1
;MyProject.c,179 :: 		CE=1;
0x01EF	0x1407      	BSF        RC0_bit, 0
;MyProject.c,182 :: 		lcd_init();
0x01F0	0x20CD      	CALL       _Lcd_Init
;MyProject.c,184 :: 		trisd=0;
0x01F1	0x1683      	BSF        STATUS, 5
0x01F2	0x0188      	CLRF       TRISD
;MyProject.c,185 :: 		portd=0;
0x01F3	0x1283      	BCF        STATUS, 5
0x01F4	0x0188      	CLRF       PORTD
;MyProject.c,187 :: 		while(1)
L_main25:
;MyProject.c,190 :: 		temp1=read_add(0x07);
0x01F5	0x3007      	MOVLW      7
0x01F6	0x00CF      	MOVWF      FARG_read_add_add
0x01F7	0x2083      	CALL       _read_add
0x01F8	0x0870      	MOVF       R0, 0
0x01F9	0x00A8      	MOVWF      main_temp1_L0
0x01FA	0x01A9      	CLRF       main_temp1_L0+1
;MyProject.c,191 :: 		if(((temp1&0b01000000)>>6)==1)
0x01FB	0x3040      	MOVLW      64
0x01FC	0x0528      	ANDWF      main_temp1_L0, 0
0x01FD	0x00F3      	MOVWF      R3
0x01FE	0x0829      	MOVF       main_temp1_L0+1, 0
0x01FF	0x00F4      	MOVWF      R3+1
0x0200	0x3000      	MOVLW      0
0x0201	0x05F4      	ANDWF      R3+1, 1
0x0202	0x3006      	MOVLW      6
0x0203	0x00F0      	MOVWF      R0
0x0204	0x0873      	MOVF       R3, 0
0x0205	0x00F1      	MOVWF      R1
0x0206	0x0874      	MOVF       R3+1, 0
0x0207	0x00F2      	MOVWF      R1+1
0x0208	0x0870      	MOVF       R0, 0
L__main44:
0x0209	0x1903      	BTFSC      STATUS, 2
0x020A	0x2A12      	GOTO       L__main45
0x020B	0x0CF2      	RRF        R1+1, 1
0x020C	0x0CF1      	RRF        R1, 1
0x020D	0x13F2      	BCF        R1+1, 7
0x020E	0x1B72      	BTFSC      R1+1, 6
0x020F	0x17F2      	BSF        R1+1, 7
0x0210	0x3EFF      	ADDLW      255
0x0211	0x2A09      	GOTO       L__main44
L__main45:
0x0212	0x3000      	MOVLW      0
0x0213	0x0672      	XORWF      R1+1, 0
0x0214	0x1D03      	BTFSS      STATUS, 2
0x0215	0x2A18      	GOTO       L__main46
0x0216	0x3001      	MOVLW      1
0x0217	0x0671      	XORWF      R1, 0
L__main46:
0x0218	0x1D03      	BTFSS      STATUS, 2
0x0219	0x2A43      	GOTO       L_main27
;MyProject.c,193 :: 		CE=0;
0x021A	0x1007      	BCF        RC0_bit, 0
;MyProject.c,194 :: 		delay_ms(50);
0x021B	0x3041      	MOVLW      65
0x021C	0x00FC      	MOVWF      R12
0x021D	0x30EE      	MOVLW      238
0x021E	0x00FD      	MOVWF      R13
L_main28:
0x021F	0x0BFD      	DECFSZ     R13, 1
0x0220	0x2A1F      	GOTO       L_main28
0x0221	0x0BFC      	DECFSZ     R12, 1
0x0222	0x2A1F      	GOTO       L_main28
0x0223	0x0000      	NOP
;MyProject.c,196 :: 		read_buff(0x61,test,32);
0x0224	0x3061      	MOVLW      97
0x0225	0x00CA      	MOVWF      FARG_read_buff_add
0x0226	0x302A      	MOVLW      main_test_L0
0x0227	0x00CB      	MOVWF      FARG_read_buff_buffer
0x0228	0x3020      	MOVLW      32
0x0229	0x00CC      	MOVWF      FARG_read_buff_bytes
0x022A	0x211B      	CALL       _read_buff
;MyProject.c,197 :: 		lcd_out(1,1,test);
0x022B	0x3001      	MOVLW      1
0x022C	0x00CA      	MOVWF      FARG_Lcd_Out_row
0x022D	0x3001      	MOVLW      1
0x022E	0x00CB      	MOVWF      FARG_Lcd_Out_column
0x022F	0x302A      	MOVLW      main_test_L0
0x0230	0x00CC      	MOVWF      FARG_Lcd_Out_text
0x0231	0x219C      	CALL       _Lcd_Out
;MyProject.c,198 :: 		delay_ms(2000);
0x0232	0x300B      	MOVLW      11
0x0233	0x00FB      	MOVWF      R11
0x0234	0x3026      	MOVLW      38
0x0235	0x00FC      	MOVWF      R12
0x0236	0x305D      	MOVLW      93
0x0237	0x00FD      	MOVWF      R13
L_main29:
0x0238	0x0BFD      	DECFSZ     R13, 1
0x0239	0x2A38      	GOTO       L_main29
0x023A	0x0BFC      	DECFSZ     R12, 1
0x023B	0x2A38      	GOTO       L_main29
0x023C	0x0BFB      	DECFSZ     R11, 1
0x023D	0x2A38      	GOTO       L_main29
0x023E	0x0000      	NOP
0x023F	0x0000      	NOP
;MyProject.c,199 :: 		reset();
0x0240	0x20BF      	CALL       _reset
;MyProject.c,200 :: 		CE=1;
0x0241	0x1407      	BSF        RC0_bit, 0
;MyProject.c,202 :: 		}
0x0242	0x2A4A      	GOTO       L_main30
L_main27:
;MyProject.c,204 :: 		lcd_out(1,1,"no  ");
0x0243	0x3001      	MOVLW      1
0x0244	0x00CA      	MOVWF      FARG_Lcd_Out_row
0x0245	0x3001      	MOVLW      1
0x0246	0x00CB      	MOVWF      FARG_Lcd_Out_column
0x0247	0x3020      	MOVLW      ?lstr1_MyProject
0x0248	0x00CC      	MOVWF      FARG_Lcd_Out_text
0x0249	0x219C      	CALL       _Lcd_Out
L_main30:
;MyProject.c,253 :: 		}
0x024A	0x29F5      	GOTO       L_main25
;MyProject.c,255 :: 		}
L_end_main:
0x024B	0x2A4B      	GOTO       $+0
; end of _main
Symbol List:
//** Routines locations **
//ADDRESS    SIZE    PROCEDURE
//----------------------------------------------
0x0003       [8]    _Delay_50us
0x000B       [2]    _Delay_1us
0x000D      [11]    _Delay_5500us
0x0018      [64]    _Lcd_Cmd
0x0058      [43]    _rw_register
0x0083      [23]    _read_add
0x009A      [22]    _write_add
0x00B0       [7]    _____DoICP
0x00B7       [8]    _Lcd_Chr_CP
0x00BF      [14]    _reset
0x00CD      [78]    _Lcd_Init
0x011B      [33]    _read_buff
0x013C      [12]    ___CC2DW
0x0148      [84]    _nrf24_config
0x019C      [64]    _Lcd_Out
0x01DC     [112]    _main
//** Variables locations ** 
//ADDRESS    SIZE    VARIABLE
//----------------------------------------------
0x0000       [1]    INDF
0x0002       [1]    PCL
0x0003       [1]    STATUS
0x0004       [1]    FSR
0x0006       [0]    RB4_bit
0x0006       [0]    RB5_bit
0x0006       [0]    RB3_bit
0x0006       [0]    RB0_bit
0x0006       [0]    RB1_bit
0x0006       [0]    RB2_bit
0x0006       [0]    LCD_D4
0x0006       [0]    LCD_D7
0x0006       [0]    LCD_EN
0x0006       [0]    LCD_RS
0x0006       [0]    LCD_D6
0x0006       [0]    LCD_D5
0x0007       [0]    CE
0x0007       [0]    CSK
0x0007       [0]    MOSI
0x0007       [0]    MISO
0x0007       [0]    RC0_bit
0x0007       [0]    RC3_bit
0x0007       [0]    RC4_bit
0x0007       [0]    RC2_bit
0x0007       [0]    RC1_bit
0x0007       [0]    CSN
0x0008       [1]    PORTD
0x000A       [1]    PCLATH
0x0020       [5]    ?lstr1_MyProject
0x0025       [2]    ___DoICPAddr
0x0027       [0]    __Lib_Lcd_cmd_status
0x0028       [2]    main_temp1_L0
0x002A      [32]    main_test_L0
0x004A       [1]    FARG_Lcd_Out_row
0x004A       [1]    FARG_read_buff_add
0x004B       [1]    FARG_Lcd_Out_column
0x004B       [1]    FARG_read_buff_buffer
0x004C       [1]    FARG_read_buff_bytes
0x004C       [1]    FARG_Lcd_Out_text
0x004D       [1]    Lcd_Out_i_L0
0x004D       [1]    read_buff_counter_L0
0x004E       [1]    FLOC__read_buff
0x004F       [1]    FARG_read_add_add
0x004F       [1]    FARG_write_add_add
0x004F       [1]    FARG_Lcd_Chr_CP_out_char
0x0050       [1]    FARG_write_add_value
0x0050       [1]    read_add_value_L0
0x0051       [1]    FARG_rw_register_add
0x0051       [1]    FARG_Lcd_Cmd_out_char
0x0052       [1]    rw_register_rec_L0
0x0070       [1]    R0
0x0071       [1]    R1
0x0072       [1]    R2
0x0073       [1]    R3
0x0074       [1]    R4
0x0075       [1]    R5
0x0076       [1]    R6
0x0077       [1]    R7
0x0078       [1]    R8
0x0079       [1]    R9
0x007A       [1]    R10
0x007B       [1]    R11
0x007C       [1]    R12
0x007D       [1]    R13
0x007E       [1]    R14
0x007F       [1]    R15
0x0086       [0]    LCD_RS_Direction
0x0086       [0]    LCD_EN_Direction
0x0086       [0]    LCD_D7_Direction
0x0086       [0]    TRISB2_bit
0x0086       [0]    TRISB0_bit
0x0086       [0]    TRISB1_bit
0x0086       [0]    LCD_D6_Direction
0x0086       [0]    TRISB5_bit
0x0086       [0]    TRISB4_bit
0x0086       [0]    LCD_D5_Direction
0x0086       [0]    LCD_D4_Direction
0x0086       [0]    TRISB3_bit
0x0087       [0]    CSN_DIR
0x0087       [0]    CE_DIR
0x0087       [0]    CSK_DIR
0x0087       [0]    MISO_DIR
0x0087       [0]    MOSI_DIR
0x0087       [0]    TRISC0_bit
0x0087       [0]    TRISC4_bit
0x0087       [0]    TRISC3_bit
0x0087       [0]    TRISC1_bit
0x0087       [0]    TRISC2_bit
0x0088       [1]    TRISD
//** Label List: ** 
//----------------------------------------------
  L_rw_register0
  L_rw_register1
  L_rw_register2
  L_read_add3
  L_read_add4
  L_write_add5
  L_write_add6
  L_read_buff7
  L_read_buff8
  L_read_buff9
  L_read_buff10
  L_read_buff11
  L_write_buff12
  L_write_buff13
  L_write_buff14
  L_write_buff15
  L_write_buff16
  L_write_tx17
  L_write_tx18
  L_write_tx19
  L_write_tx20
  L_write_tx21
  L_nrf24_config22
  L_nrf24_config23
  L_nrf24_config24
  L_main25
  L_main26
  L_main27
  L_main28
  L_main29
  L_main30
  L_end_rw_register
  _rw_register
  L__rw_register32
  L__rw_register33
  L__rw_register34
  L__rw_register35
  L_end_read_add
  _read_add
  L_end_write_add
  _write_add
  L_end_read_buff
  _read_buff
  L_end_write_buff
  _write_buff
  L_end_write_tx
  _write_tx
  L_end_nrf24_config
  _nrf24_config
  L_end_reset
  _reset
  L_end_main
  _main
  L__main44
  L__main45
  L__main46
  L_Delay_10us0
  L_Delay_22us1
  L_Delay_50us2
  L_Delay_80us3
  L_Delay_500us4
  L_Delay_5500us5
  L_Delay_1ms6
  L_Delay_5ms7
  L_Delay_8ms8
  L_Delay_10ms9
  L_Delay_100ms10
  L_Delay_1sec11
  L_boot16_Delay_5ms12
  L_Delay_Cyc13
  L_Delay_Cyc14
  L_VDelay_ms15
  L_VDelay_ms16
  L_VDelay_ms17
  L_VDelay_Advanced_ms18
  L_VDelay_Advanced_ms19
  L_VDelay_Advanced_ms20
  L_end_Get_Fosc_kHz
  _Get_Fosc_kHz
  L_end_Delay_1us
  _Delay_1us
  L_end_Delay_10us
  _Delay_10us
  L_end_Delay_22us
  _Delay_22us
  L_end_Delay_50us
  _Delay_50us
  L_end_Delay_80us
  _Delay_80us
  L_end_Delay_500us
  _Delay_500us
  L_end_Delay_5500us
  _Delay_5500us
  L_end_Delay_1ms
  _Delay_1ms
  L_end_Delay_5ms
  _Delay_5ms
  L_end_Delay_8ms
  _Delay_8ms
  L_end_Delay_10ms
  _Delay_10ms
  L_end_Delay_100ms
  _Delay_100ms
  L_end_Delay_1sec
  _Delay_1sec
  L_end_boot16_Delay_5ms
  _boot16_Delay_5ms
  L_end_Delay_Cyc
  _Delay_Cyc
  L_end_VDelay_ms
  _VDelay_ms
  L__VDelay_ms38
  L__VDelay_ms39
  L__VDelay_ms40
  L_end_VDelay_Advanced_ms
  _VDelay_Advanced_ms
  L__VDelay_Advanced_ms42
  L__VDelay_Advanced_ms43
  L__VDelay_Advanced_ms44
  L_Lcd_Cmd0
  L_Lcd_Cmd1
  L_Lcd_Out_CP2
  L_Lcd_Out_CP3
  L_Lcd_Chr4
  L_Lcd_Chr5
  L_Lcd_Chr6
  L_Lcd_Chr7
  L_Lcd_Chr8
  L_Lcd_Chr9
  L_Lcd_Chr10
  L_Lcd_Out11
  L_Lcd_Out12
  L_Lcd_Out13
  L_Lcd_Out14
  L_Lcd_Out15
  L_Lcd_Out16
  L_Lcd_Out17
  L_Lcd_Out18
  L_Lcd_Out19
  L_end_Lcd_Cmd
  _Lcd_Cmd
  L__Lcd_Cmd21
  L__Lcd_Cmd22
  L__Lcd_Cmd23
  L__Lcd_Cmd24
  L__Lcd_Cmd25
  L__Lcd_Cmd26
  L__Lcd_Cmd27
  L__Lcd_Cmd28
  L__Lcd_Cmd29
  L__Lcd_Cmd30
  L__Lcd_Cmd31
  L__Lcd_Cmd32
  L__Lcd_Cmd33
  L__Lcd_Cmd34
  L__Lcd_Cmd35
  L__Lcd_Cmd36
  L__Lcd_Cmd37
  L__Lcd_Cmd38
  L__Lcd_Cmd39
  L__Lcd_Cmd40
  L_end_Lcd_Chr_CP
  _Lcd_Chr_CP
  L_end_Lcd_Out_CP
  _Lcd_Out_CP
  L_end_Lcd_Chr
  _Lcd_Chr
  L_end_Lcd_Init
  _Lcd_Init
  L_end_Lcd_Out
  _Lcd_Out
  L_loopCA2AWs
  L_CA2AWend
  _CCA2AW_Loop1
  L_loopCS2Ss
  L_CS2Send
  _CCS2S_Loop1
  L_CCS2Send
  L_loopFZinSWs
  L_FZinSend
  _CC2D_Loop1
  L_end_____DoICP
  _____DoICP
  L_end_____DoIFC
  _____DoIFC
  L_end___CA2AW
  ___CA2AW
  L_end___CCA2AW
  ___CCA2AW
  L_end___CS2S
  ___CS2S
  L_end___CCS2S
  ___CCS2S
  L_end___FZinS
  ___FZinS
  L_end___CC2DW
  ___CC2DW
  L_end_Swap
  _Swap
