;  LST file generated by mikroListExporter - v.2.0 
; Date/Time: 7/9/2014 4:14:31 PM
;----------------------------------------------

;Address Opcode 	ASM
0x0000	0x2A28      	GOTO       552
_Delay_1us:
;__Lib_Delays.c,7 :: 		void Delay_1us() {
;__Lib_Delays.c,8 :: 		Delay_us(1);
0x0003	0x0000      	NOP
;__Lib_Delays.c,9 :: 		}
L_end_Delay_1us:
0x0004	0x0008      	RETURN
; end of _Delay_1us
_Delay_50us:
;__Lib_Delays.c,19 :: 		void Delay_50us() {
;__Lib_Delays.c,20 :: 		Delay_us(50);
0x0005	0x3010      	MOVLW      16
0x0006	0x1283      	BCF        STATUS, 5
0x0007	0x1303      	BCF        STATUS, 6
0x0008	0x00FD      	MOVWF      R13
L_Delay_50us2:
0x0009	0x0BFD      	DECFSZ     R13, 1
0x000A	0x2809      	GOTO       L_Delay_50us2
0x000B	0x0000      	NOP
;__Lib_Delays.c,21 :: 		}
L_end_Delay_50us:
0x000C	0x0008      	RETURN
; end of _Delay_50us
_Delay_5500us:
;__Lib_Delays.c,31 :: 		void Delay_5500us() {
;__Lib_Delays.c,32 :: 		Delay_us(5500);
0x000D	0x3008      	MOVLW      8
0x000E	0x1283      	BCF        STATUS, 5
0x000F	0x1303      	BCF        STATUS, 6
0x0010	0x00FC      	MOVWF      R12
0x0011	0x3023      	MOVLW      35
0x0012	0x00FD      	MOVWF      R13
L_Delay_5500us5:
0x0013	0x0BFD      	DECFSZ     R13, 1
0x0014	0x2813      	GOTO       L_Delay_5500us5
0x0015	0x0BFC      	DECFSZ     R12, 1
0x0016	0x2813      	GOTO       L_Delay_5500us5
;__Lib_Delays.c,33 :: 		}
L_end_Delay_5500us:
0x0017	0x0008      	RETURN
; end of _Delay_5500us
_Lcd_Cmd:
;__Lib_Lcd.c,18 :: 		
;__Lib_Lcd.c,20 :: 		
0x0018	0x1683      	BSF        STATUS, 5
0x0019	0x1303      	BCF        STATUS, 6
0x001A	0x1BE3      	BTFSC      FARG_Lcd_Cmd_out_char, 7
0x001B	0x281F      	GOTO       L__Lcd_Cmd21
0x001C	0x1283      	BCF        STATUS, 5
0x001D	0x1306      	BCF        LCD_D7, BitPos(LCD_D7+0)
0x001E	0x2821      	GOTO       L__Lcd_Cmd22
L__Lcd_Cmd21:
0x001F	0x1283      	BCF        STATUS, 5
0x0020	0x1706      	BSF        LCD_D7, BitPos(LCD_D7+0)
L__Lcd_Cmd22:
;__Lib_Lcd.c,21 :: 		
0x0021	0x1683      	BSF        STATUS, 5
0x0022	0x1B63      	BTFSC      FARG_Lcd_Cmd_out_char, 6
0x0023	0x2827      	GOTO       L__Lcd_Cmd23
0x0024	0x1283      	BCF        STATUS, 5
0x0025	0x1286      	BCF        LCD_D6, BitPos(LCD_D6+0)
0x0026	0x2829      	GOTO       L__Lcd_Cmd24
L__Lcd_Cmd23:
0x0027	0x1283      	BCF        STATUS, 5
0x0028	0x1686      	BSF        LCD_D6, BitPos(LCD_D6+0)
L__Lcd_Cmd24:
;__Lib_Lcd.c,22 :: 		
0x0029	0x1683      	BSF        STATUS, 5
0x002A	0x1AE3      	BTFSC      FARG_Lcd_Cmd_out_char, 5
0x002B	0x282F      	GOTO       L__Lcd_Cmd25
0x002C	0x1283      	BCF        STATUS, 5
0x002D	0x1206      	BCF        LCD_D5, BitPos(LCD_D5+0)
0x002E	0x2831      	GOTO       L__Lcd_Cmd26
L__Lcd_Cmd25:
0x002F	0x1283      	BCF        STATUS, 5
0x0030	0x1606      	BSF        LCD_D5, BitPos(LCD_D5+0)
L__Lcd_Cmd26:
;__Lib_Lcd.c,23 :: 		
0x0031	0x1683      	BSF        STATUS, 5
0x0032	0x1A63      	BTFSC      FARG_Lcd_Cmd_out_char, 4
0x0033	0x2837      	GOTO       L__Lcd_Cmd27
0x0034	0x1283      	BCF        STATUS, 5
0x0035	0x1186      	BCF        LCD_D4, BitPos(LCD_D4+0)
0x0036	0x2839      	GOTO       L__Lcd_Cmd28
L__Lcd_Cmd27:
0x0037	0x1283      	BCF        STATUS, 5
0x0038	0x1586      	BSF        LCD_D4, BitPos(LCD_D4+0)
L__Lcd_Cmd28:
;__Lib_Lcd.c,25 :: 		
0x0039	0x186F      	BTFSC      __Lib_Lcd_cmd_status, BitPos(__Lib_Lcd_cmd_status+0)
0x003A	0x283D      	GOTO       L__Lcd_Cmd29
0x003B	0x1486      	BSF        LCD_RS, BitPos(LCD_RS+0)
0x003C	0x283E      	GOTO       L__Lcd_Cmd30
L__Lcd_Cmd29:
0x003D	0x1086      	BCF        LCD_RS, BitPos(LCD_RS+0)
L__Lcd_Cmd30:
;__Lib_Lcd.c,28 :: 		
0x003E	0x1506      	BSF        LCD_EN, BitPos(LCD_EN+0)
;__Lib_Lcd.c,29 :: 		
0x003F	0x2003      	CALL       _Delay_1us
;__Lib_Lcd.c,30 :: 		
0x0040	0x1106      	BCF        LCD_EN, BitPos(LCD_EN+0)
;__Lib_Lcd.c,33 :: 		
0x0041	0x1683      	BSF        STATUS, 5
0x0042	0x19E3      	BTFSC      FARG_Lcd_Cmd_out_char, 3
0x0043	0x2847      	GOTO       L__Lcd_Cmd31
0x0044	0x1283      	BCF        STATUS, 5
0x0045	0x1306      	BCF        LCD_D7, BitPos(LCD_D7+0)
0x0046	0x2849      	GOTO       L__Lcd_Cmd32
L__Lcd_Cmd31:
0x0047	0x1283      	BCF        STATUS, 5
0x0048	0x1706      	BSF        LCD_D7, BitPos(LCD_D7+0)
L__Lcd_Cmd32:
;__Lib_Lcd.c,34 :: 		
0x0049	0x1683      	BSF        STATUS, 5
0x004A	0x1963      	BTFSC      FARG_Lcd_Cmd_out_char, 2
0x004B	0x284F      	GOTO       L__Lcd_Cmd33
0x004C	0x1283      	BCF        STATUS, 5
0x004D	0x1286      	BCF        LCD_D6, BitPos(LCD_D6+0)
0x004E	0x2851      	GOTO       L__Lcd_Cmd34
L__Lcd_Cmd33:
0x004F	0x1283      	BCF        STATUS, 5
0x0050	0x1686      	BSF        LCD_D6, BitPos(LCD_D6+0)
L__Lcd_Cmd34:
;__Lib_Lcd.c,35 :: 		
0x0051	0x1683      	BSF        STATUS, 5
0x0052	0x18E3      	BTFSC      FARG_Lcd_Cmd_out_char, 1
0x0053	0x2857      	GOTO       L__Lcd_Cmd35
0x0054	0x1283      	BCF        STATUS, 5
0x0055	0x1206      	BCF        LCD_D5, BitPos(LCD_D5+0)
0x0056	0x2859      	GOTO       L__Lcd_Cmd36
L__Lcd_Cmd35:
0x0057	0x1283      	BCF        STATUS, 5
0x0058	0x1606      	BSF        LCD_D5, BitPos(LCD_D5+0)
L__Lcd_Cmd36:
;__Lib_Lcd.c,36 :: 		
0x0059	0x1683      	BSF        STATUS, 5
0x005A	0x1863      	BTFSC      FARG_Lcd_Cmd_out_char, 0
0x005B	0x285F      	GOTO       L__Lcd_Cmd37
0x005C	0x1283      	BCF        STATUS, 5
0x005D	0x1186      	BCF        LCD_D4, BitPos(LCD_D4+0)
0x005E	0x2861      	GOTO       L__Lcd_Cmd38
L__Lcd_Cmd37:
0x005F	0x1283      	BCF        STATUS, 5
0x0060	0x1586      	BSF        LCD_D4, BitPos(LCD_D4+0)
L__Lcd_Cmd38:
;__Lib_Lcd.c,38 :: 		
0x0061	0x186F      	BTFSC      __Lib_Lcd_cmd_status, BitPos(__Lib_Lcd_cmd_status+0)
0x0062	0x2865      	GOTO       L__Lcd_Cmd39
0x0063	0x1486      	BSF        LCD_RS, BitPos(LCD_RS+0)
0x0064	0x2866      	GOTO       L__Lcd_Cmd40
L__Lcd_Cmd39:
0x0065	0x1086      	BCF        LCD_RS, BitPos(LCD_RS+0)
L__Lcd_Cmd40:
;__Lib_Lcd.c,40 :: 		
0x0066	0x1506      	BSF        LCD_EN, BitPos(LCD_EN+0)
;__Lib_Lcd.c,41 :: 		
0x0067	0x2003      	CALL       _Delay_1us
;__Lib_Lcd.c,42 :: 		
0x0068	0x1106      	BCF        LCD_EN, BitPos(LCD_EN+0)
;__Lib_Lcd.c,44 :: 		
0x0069	0x1C6F      	BTFSS      __Lib_Lcd_cmd_status, BitPos(__Lib_Lcd_cmd_status+0)
0x006A	0x286D      	GOTO       L_Lcd_Cmd0
;__Lib_Lcd.c,45 :: 		
0x006B	0x200D      	CALL       _Delay_5500us
0x006C	0x286E      	GOTO       L_Lcd_Cmd1
L_Lcd_Cmd0:
;__Lib_Lcd.c,47 :: 		
0x006D	0x2005      	CALL       _Delay_50us
L_Lcd_Cmd1:
;__Lib_Lcd.c,48 :: 		
L_end_Lcd_Cmd:
0x006E	0x0008      	RETURN
; end of _Lcd_Cmd
_rw_register:
;kit2.c,34 :: 		char rw_register(char add)
;kit2.c,36 :: 		char rec=0;
0x006F	0x1683      	BSF        STATUS, 5
0x0070	0x1303      	BCF        STATUS, 6
0x0071	0x01E4      	CLRF       rw_register_rec_L0
;kit2.c,38 :: 		for(cou=0;cou<8;cou++)
0x0072	0x01F3      	CLRF       R3
L_rw_register0:
0x0073	0x3008      	MOVLW      8
0x0074	0x0273      	SUBWF      R3, 0
0x0075	0x1803      	BTFSC      STATUS, 0
0x0076	0x289E      	GOTO       L_rw_register1
;kit2.c,40 :: 		MOSI=(add&0x80)>>7;
0x0077	0x1683      	BSF        STATUS, 5
0x0078	0x3080      	MOVLW      128
0x0079	0x0563      	ANDWF      FARG_rw_register_add, 0
0x007A	0x00F2      	MOVWF      R2
0x007B	0x3007      	MOVLW      7
0x007C	0x00F1      	MOVWF      R1
0x007D	0x0872      	MOVF       R2, 0
0x007E	0x00F0      	MOVWF      R0
0x007F	0x0871      	MOVF       R1, 0
L__rw_register95:
0x0080	0x1903      	BTFSC      STATUS, 2
0x0081	0x2886      	GOTO       L__rw_register96
0x0082	0x0CF0      	RRF        R0, 1
0x0083	0x13F0      	BCF        R0, 7
0x0084	0x3EFF      	ADDLW      255
0x0085	0x2880      	GOTO       L__rw_register95
L__rw_register96:
0x0086	0x1870      	BTFSC      R0, 0
0x0087	0x288B      	GOTO       L__rw_register97
0x0088	0x1283      	BCF        STATUS, 5
0x0089	0x1087      	BCF        RC1_bit, 1
0x008A	0x288D      	GOTO       L__rw_register98
L__rw_register97:
0x008B	0x1283      	BCF        STATUS, 5
0x008C	0x1487      	BSF        RC1_bit, 1
L__rw_register98:
;kit2.c,41 :: 		add=add<<1;
0x008D	0x1683      	BSF        STATUS, 5
0x008E	0x0DE3      	RLF        FARG_rw_register_add, 1
0x008F	0x1063      	BCF        FARG_rw_register_add, 0
;kit2.c,42 :: 		rec=rec<<1;
0x0090	0x0DE4      	RLF        rw_register_rec_L0, 1
0x0091	0x1064      	BCF        rw_register_rec_L0, 0
;kit2.c,43 :: 		CSK=1;
0x0092	0x1283      	BCF        STATUS, 5
0x0093	0x1407      	BSF        RC0_bit, 0
;kit2.c,44 :: 		rec|=MISO;
0x0094	0x01F0      	CLRF       R0
0x0095	0x1A07      	BTFSC      RC4_bit, 4
0x0096	0x0AF0      	INCF       R0, 1
0x0097	0x0870      	MOVF       R0, 0
0x0098	0x1683      	BSF        STATUS, 5
0x0099	0x04E4      	IORWF      rw_register_rec_L0, 1
;kit2.c,45 :: 		CSK=0;
0x009A	0x1283      	BCF        STATUS, 5
0x009B	0x1007      	BCF        RC0_bit, 0
;kit2.c,38 :: 		for(cou=0;cou<8;cou++)
0x009C	0x0AF3      	INCF       R3, 1
;kit2.c,46 :: 		}
0x009D	0x2873      	GOTO       L_rw_register0
L_rw_register1:
;kit2.c,47 :: 		return rec;
0x009E	0x1683      	BSF        STATUS, 5
0x009F	0x0864      	MOVF       rw_register_rec_L0, 0
0x00A0	0x00F0      	MOVWF      R0
;kit2.c,48 :: 		}
L_end_rw_register:
0x00A1	0x0008      	RETURN
; end of _rw_register
_Lcd_Chr_CP:
;__Lib_Lcd.c,50 :: 		
;__Lib_Lcd.c,52 :: 		
0x00A2	0x1283      	BCF        STATUS, 5
0x00A3	0x1303      	BCF        STATUS, 6
0x00A4	0x106F      	BCF        __Lib_Lcd_cmd_status, BitPos(__Lib_Lcd_cmd_status+0)
;__Lib_Lcd.c,53 :: 		
0x00A5	0x1683      	BSF        STATUS, 5
0x00A6	0x0861      	MOVF       FARG_Lcd_Chr_CP_out_char, 0
0x00A7	0x00E3      	MOVWF      FARG_Lcd_Cmd_out_char
0x00A8	0x2018      	CALL       _Lcd_Cmd
;__Lib_Lcd.c,54 :: 		
0x00A9	0x146F      	BSF        __Lib_Lcd_cmd_status, BitPos(__Lib_Lcd_cmd_status+0)
;__Lib_Lcd.c,55 :: 		
L_end_Lcd_Chr_CP:
0x00AA	0x0008      	RETURN
; end of _Lcd_Chr_CP
_____DoICP:
;__Lib_System.c,6 :: 		
;__Lib_System.c,9 :: 		
0x00AB	0x1283      	BCF        STATUS, 5
0x00AC	0x1303      	BCF        STATUS, 6
0x00AD	0x086E      	MOVF       ___DoICPAddr+1, 0
0x00AE	0x008A      	MOVWF      PCLATH
;__Lib_System.c,10 :: 		
0x00AF	0x086D      	MOVF       ___DoICPAddr, 0
0x00B0	0x0082      	MOVWF      PCL
;__Lib_System.c,12 :: 		
L_end_____DoICP:
0x00B1	0x0008      	RETURN
; end of _____DoICP
_read_add:
;kit2.c,50 :: 		char read_add(char add)
;kit2.c,53 :: 		CSN=0;
0x00B2	0x1283      	BCF        STATUS, 5
0x00B3	0x1303      	BCF        STATUS, 6
0x00B4	0x1107      	BCF        RC2_bit, 2
;kit2.c,54 :: 		delay_us(10);
0x00B5	0x3003      	MOVLW      3
0x00B6	0x00FD      	MOVWF      R13
L_read_add3:
0x00B7	0x0BFD      	DECFSZ     R13, 1
0x00B8	0x28B7      	GOTO       L_read_add3
;kit2.c,55 :: 		rw_register(add);
0x00B9	0x1683      	BSF        STATUS, 5
0x00BA	0x0861      	MOVF       FARG_read_add_add, 0
0x00BB	0x00E3      	MOVWF      FARG_rw_register_add
0x00BC	0x206F      	CALL       _rw_register
;kit2.c,56 :: 		value=rw_register(0xFF);
0x00BD	0x30FF      	MOVLW      255
0x00BE	0x00E3      	MOVWF      FARG_rw_register_add
0x00BF	0x206F      	CALL       _rw_register
0x00C0	0x0870      	MOVF       R0, 0
0x00C1	0x00E2      	MOVWF      read_add_value_L0
;kit2.c,57 :: 		CSN=1;
0x00C2	0x1283      	BCF        STATUS, 5
0x00C3	0x1507      	BSF        RC2_bit, 2
;kit2.c,58 :: 		delay_us(10);
0x00C4	0x3003      	MOVLW      3
0x00C5	0x00FD      	MOVWF      R13
L_read_add4:
0x00C6	0x0BFD      	DECFSZ     R13, 1
0x00C7	0x28C6      	GOTO       L_read_add4
;kit2.c,59 :: 		return value;
0x00C8	0x1683      	BSF        STATUS, 5
0x00C9	0x0862      	MOVF       read_add_value_L0, 0
0x00CA	0x00F0      	MOVWF      R0
;kit2.c,60 :: 		}
L_end_read_add:
0x00CB	0x0008      	RETURN
; end of _read_add
_write_add:
;kit2.c,62 :: 		char write_add(char add,char value)
;kit2.c,65 :: 		add=add|0b00100000;
0x00CC	0x1683      	BSF        STATUS, 5
0x00CD	0x1303      	BCF        STATUS, 6
0x00CE	0x16E1      	BSF        FARG_write_add_add, 5
;kit2.c,66 :: 		CSN=0;
0x00CF	0x1283      	BCF        STATUS, 5
0x00D0	0x1107      	BCF        RC2_bit, 2
;kit2.c,67 :: 		delay_us(10);
0x00D1	0x3003      	MOVLW      3
0x00D2	0x00FD      	MOVWF      R13
L_write_add5:
0x00D3	0x0BFD      	DECFSZ     R13, 1
0x00D4	0x28D3      	GOTO       L_write_add5
;kit2.c,68 :: 		status=rw_register(add);
0x00D5	0x1683      	BSF        STATUS, 5
0x00D6	0x0861      	MOVF       FARG_write_add_add, 0
0x00D7	0x00E3      	MOVWF      FARG_rw_register_add
0x00D8	0x206F      	CALL       _rw_register
;kit2.c,69 :: 		rw_register(value);
0x00D9	0x0862      	MOVF       FARG_write_add_value, 0
0x00DA	0x00E3      	MOVWF      FARG_rw_register_add
0x00DB	0x206F      	CALL       _rw_register
;kit2.c,70 :: 		CSN=1;
0x00DC	0x1283      	BCF        STATUS, 5
0x00DD	0x1507      	BSF        RC2_bit, 2
;kit2.c,71 :: 		delay_us(10);
0x00DE	0x3003      	MOVLW      3
0x00DF	0x00FD      	MOVWF      R13
L_write_add6:
0x00E0	0x0BFD      	DECFSZ     R13, 1
0x00E1	0x28E0      	GOTO       L_write_add6
;kit2.c,72 :: 		return value;
0x00E2	0x1683      	BSF        STATUS, 5
0x00E3	0x0862      	MOVF       FARG_write_add_value, 0
0x00E4	0x00F0      	MOVWF      R0
;kit2.c,73 :: 		}
L_end_write_add:
0x00E5	0x0008      	RETURN
; end of _write_add
_UART1_Init:
;__Lib_UART_c67.c,2 :: 		
;__Lib_UART_c67.c,5 :: 		
0x00E6	0x1683      	BSF        STATUS, 5
0x00E7	0x1303      	BCF        STATUS, 6
0x00E8	0x1698      	BSF        TXSTA, 5
;__Lib_UART_c67.c,6 :: 		
0x00E9	0x3090      	MOVLW      144
0x00EA	0x1283      	BCF        STATUS, 5
0x00EB	0x0098      	MOVWF      RCSTA
;__Lib_UART_c67.c,7 :: 		
0x00EC	0x1683      	BSF        STATUS, 5
0x00ED	0x1787      	BSF        TRISC7_bit, 7
;__Lib_UART_c67.c,8 :: 		
0x00EE	0x1307      	BCF        TRISC6_bit, 6
;__Lib_UART_c67.c,10 :: 		
L_UART1_Init0:
0x00EF	0x1283      	BCF        STATUS, 5
0x00F0	0x1E8C      	BTFSS      PIR1, 5
0x00F1	0x28F5      	GOTO       L_UART1_Init1
;__Lib_UART_c67.c,11 :: 		
0x00F2	0x081A      	MOVF       RCREG, 0
0x00F3	0x00F0      	MOVWF      R0
0x00F4	0x28EF      	GOTO       L_UART1_Init0
L_UART1_Init1:
;__Lib_UART_c67.c,12 :: 		
L_end_UART1_Init:
0x00F5	0x0008      	RETURN
; end of _UART1_Init
_UART1_Data_Ready:
;__Lib_UART_c67.c,16 :: 		
;__Lib_UART_c67.c,17 :: 		
0x00F6	0x3000      	MOVLW      0
0x00F7	0x1283      	BCF        STATUS, 5
0x00F8	0x1303      	BCF        STATUS, 6
0x00F9	0x1A8C      	BTFSC      PIR1, 5
0x00FA	0x3001      	MOVLW      1
0x00FB	0x00F0      	MOVWF      R0
;__Lib_UART_c67.c,18 :: 		
L_end_UART1_Data_Ready:
0x00FC	0x0008      	RETURN
; end of _UART1_Data_Ready
_Lcd_Out:
;__Lib_Lcd.c,184 :: 		
;__Lib_Lcd.c,187 :: 		
0x00FD	0x290F      	GOTO       L_Lcd_Out11
;__Lib_Lcd.c,188 :: 		
L_Lcd_Out13:
0x00FE	0x3080      	MOVLW      128
0x00FF	0x1683      	BSF        STATUS, 5
0x0100	0x1303      	BCF        STATUS, 6
0x0101	0x00DD      	MOVWF      FARG_Lcd_Out_row
0x0102	0x2922      	GOTO       L_Lcd_Out12
;__Lib_Lcd.c,189 :: 		
L_Lcd_Out14:
0x0103	0x30C0      	MOVLW      192
0x0104	0x00DD      	MOVWF      FARG_Lcd_Out_row
0x0105	0x2922      	GOTO       L_Lcd_Out12
;__Lib_Lcd.c,190 :: 		
L_Lcd_Out15:
0x0106	0x3094      	MOVLW      148
0x0107	0x00DD      	MOVWF      FARG_Lcd_Out_row
0x0108	0x2922      	GOTO       L_Lcd_Out12
;__Lib_Lcd.c,191 :: 		
L_Lcd_Out16:
0x0109	0x30D4      	MOVLW      212
0x010A	0x00DD      	MOVWF      FARG_Lcd_Out_row
0x010B	0x2922      	GOTO       L_Lcd_Out12
;__Lib_Lcd.c,192 :: 		
L_Lcd_Out17:
0x010C	0x3080      	MOVLW      128
0x010D	0x00DD      	MOVWF      FARG_Lcd_Out_row
;__Lib_Lcd.c,193 :: 		
0x010E	0x2922      	GOTO       L_Lcd_Out12
L_Lcd_Out11:
0x010F	0x1683      	BSF        STATUS, 5
0x0110	0x1303      	BCF        STATUS, 6
0x0111	0x085D      	MOVF       FARG_Lcd_Out_row, 0
0x0112	0x3A01      	XORLW      1
0x0113	0x1903      	BTFSC      STATUS, 2
0x0114	0x28FE      	GOTO       L_Lcd_Out13
0x0115	0x085D      	MOVF       FARG_Lcd_Out_row, 0
0x0116	0x3A02      	XORLW      2
0x0117	0x1903      	BTFSC      STATUS, 2
0x0118	0x2903      	GOTO       L_Lcd_Out14
0x0119	0x085D      	MOVF       FARG_Lcd_Out_row, 0
0x011A	0x3A03      	XORLW      3
0x011B	0x1903      	BTFSC      STATUS, 2
0x011C	0x2906      	GOTO       L_Lcd_Out15
0x011D	0x085D      	MOVF       FARG_Lcd_Out_row, 0
0x011E	0x3A04      	XORLW      4
0x011F	0x1903      	BTFSC      STATUS, 2
0x0120	0x2909      	GOTO       L_Lcd_Out16
0x0121	0x290C      	GOTO       L_Lcd_Out17
L_Lcd_Out12:
;__Lib_Lcd.c,194 :: 		
0x0122	0x035E      	DECF       FARG_Lcd_Out_column, 0
0x0123	0x00F0      	MOVWF      R0
0x0124	0x085D      	MOVF       FARG_Lcd_Out_row, 0
0x0125	0x07F0      	ADDWF      R0, 1
0x0126	0x0870      	MOVF       R0, 0
0x0127	0x00DD      	MOVWF      FARG_Lcd_Out_row
;__Lib_Lcd.c,196 :: 		
0x0128	0x0870      	MOVF       R0, 0
0x0129	0x00E3      	MOVWF      FARG_Lcd_Cmd_out_char
0x012A	0x2018      	CALL       _Lcd_Cmd
;__Lib_Lcd.c,197 :: 		
0x012B	0x106F      	BCF        __Lib_Lcd_cmd_status, BitPos(__Lib_Lcd_cmd_status+0)
;__Lib_Lcd.c,198 :: 		
0x012C	0x1683      	BSF        STATUS, 5
0x012D	0x01E0      	CLRF       Lcd_Out_i_L0
;__Lib_Lcd.c,199 :: 		
L_Lcd_Out18:
0x012E	0x0860      	MOVF       Lcd_Out_i_L0, 0
0x012F	0x075F      	ADDWF      FARG_Lcd_Out_text, 0
0x0130	0x0084      	MOVWF      FSR
0x0131	0x0800      	MOVF       INDF, 0
0x0132	0x1903      	BTFSC      STATUS, 2
0x0133	0x293D      	GOTO       L_Lcd_Out19
;__Lib_Lcd.c,200 :: 		
0x0134	0x0860      	MOVF       Lcd_Out_i_L0, 0
0x0135	0x075F      	ADDWF      FARG_Lcd_Out_text, 0
0x0136	0x0084      	MOVWF      FSR
0x0137	0x0800      	MOVF       INDF, 0
0x0138	0x00E1      	MOVWF      FARG_Lcd_Chr_CP_out_char
0x0139	0x20A2      	CALL       _Lcd_Chr_CP
0x013A	0x1683      	BSF        STATUS, 5
0x013B	0x0AE0      	INCF       Lcd_Out_i_L0, 1
0x013C	0x292E      	GOTO       L_Lcd_Out18
L_Lcd_Out19:
;__Lib_Lcd.c,201 :: 		
0x013D	0x1283      	BCF        STATUS, 5
0x013E	0x146F      	BSF        __Lib_Lcd_cmd_status, BitPos(__Lib_Lcd_cmd_status+0)
;__Lib_Lcd.c,202 :: 		
L_end_Lcd_Out:
0x013F	0x0008      	RETURN
; end of _Lcd_Out
_write_tx:
;kit2.c,105 :: 		void write_tx(char add,char buffer[],char bytes)
;kit2.c,108 :: 		CSN=0;
0x0140	0x1283      	BCF        STATUS, 5
0x0141	0x1303      	BCF        STATUS, 6
0x0142	0x1107      	BCF        RC2_bit, 2
;kit2.c,109 :: 		delay_us(10);
0x0143	0x3003      	MOVLW      3
0x0144	0x00FD      	MOVWF      R13
L_write_tx17:
0x0145	0x0BFD      	DECFSZ     R13, 1
0x0146	0x2945      	GOTO       L_write_tx17
;kit2.c,110 :: 		rw_register(add);
0x0147	0x1683      	BSF        STATUS, 5
0x0148	0x085D      	MOVF       FARG_write_tx_add, 0
0x0149	0x00E3      	MOVWF      FARG_rw_register_add
0x014A	0x206F      	CALL       _rw_register
;kit2.c,111 :: 		for(counter=0;counter<bytes;counter++)
0x014B	0x01E0      	CLRF       write_tx_counter_L0
L_write_tx18:
0x014C	0x085F      	MOVF       FARG_write_tx_bytes, 0
0x014D	0x0260      	SUBWF      write_tx_counter_L0, 0
0x014E	0x1803      	BTFSC      STATUS, 0
0x014F	0x2958      	GOTO       L_write_tx19
;kit2.c,113 :: 		rw_register(buffer[counter]);
0x0150	0x0860      	MOVF       write_tx_counter_L0, 0
0x0151	0x075E      	ADDWF      FARG_write_tx_buffer, 0
0x0152	0x0084      	MOVWF      FSR
0x0153	0x0800      	MOVF       INDF, 0
0x0154	0x00E3      	MOVWF      FARG_rw_register_add
0x0155	0x206F      	CALL       _rw_register
;kit2.c,111 :: 		for(counter=0;counter<bytes;counter++)
0x0156	0x0AE0      	INCF       write_tx_counter_L0, 1
;kit2.c,114 :: 		}
0x0157	0x294C      	GOTO       L_write_tx18
L_write_tx19:
;kit2.c,115 :: 		CSN=1;
0x0158	0x1283      	BCF        STATUS, 5
0x0159	0x1507      	BSF        RC2_bit, 2
;kit2.c,116 :: 		delay_us(10);
0x015A	0x3003      	MOVLW      3
0x015B	0x00FD      	MOVWF      R13
L_write_tx21:
0x015C	0x0BFD      	DECFSZ     R13, 1
0x015D	0x295C      	GOTO       L_write_tx21
;kit2.c,117 :: 		}
L_end_write_tx:
0x015E	0x0008      	RETURN
; end of _write_tx
_Lcd_Init:
;__Lib_Lcd.c,84 :: 		
;__Lib_Lcd.c,86 :: 		
0x015F	0x1683      	BSF        STATUS, 5
0x0160	0x1303      	BCF        STATUS, 6
0x0161	0x1106      	BCF        LCD_EN_Direction, BitPos(LCD_EN_Direction+0)
;__Lib_Lcd.c,87 :: 		
0x0162	0x1086      	BCF        LCD_RS_Direction, BitPos(LCD_RS_Direction+0)
;__Lib_Lcd.c,88 :: 		
0x0163	0x1186      	BCF        LCD_D4_Direction, BitPos(LCD_D4_Direction+0)
;__Lib_Lcd.c,89 :: 		
0x0164	0x1206      	BCF        LCD_D5_Direction, BitPos(LCD_D5_Direction+0)
;__Lib_Lcd.c,90 :: 		
0x0165	0x1286      	BCF        LCD_D6_Direction, BitPos(LCD_D6_Direction+0)
;__Lib_Lcd.c,91 :: 		
0x0166	0x1306      	BCF        LCD_D7_Direction, BitPos(LCD_D7_Direction+0)
;__Lib_Lcd.c,93 :: 		
0x0167	0x1283      	BCF        STATUS, 5
0x0168	0x1106      	BCF        LCD_EN, BitPos(LCD_EN+0)
;__Lib_Lcd.c,94 :: 		
0x0169	0x1086      	BCF        LCD_RS, BitPos(LCD_RS+0)
;__Lib_Lcd.c,95 :: 		
0x016A	0x1306      	BCF        LCD_D7, BitPos(LCD_D7+0)
;__Lib_Lcd.c,96 :: 		
0x016B	0x1286      	BCF        LCD_D6, BitPos(LCD_D6+0)
;__Lib_Lcd.c,97 :: 		
0x016C	0x1206      	BCF        LCD_D5, BitPos(LCD_D5+0)
;__Lib_Lcd.c,98 :: 		
0x016D	0x1186      	BCF        LCD_D4, BitPos(LCD_D4+0)
;__Lib_Lcd.c,100 :: 		
0x016E	0x200D      	CALL       _Delay_5500us
;__Lib_Lcd.c,101 :: 		
0x016F	0x200D      	CALL       _Delay_5500us
;__Lib_Lcd.c,102 :: 		
0x0170	0x200D      	CALL       _Delay_5500us
;__Lib_Lcd.c,105 :: 		
0x0171	0x1606      	BSF        LCD_D5, BitPos(LCD_D5+0)
;__Lib_Lcd.c,106 :: 		
0x0172	0x1586      	BSF        LCD_D4, BitPos(LCD_D4+0)
;__Lib_Lcd.c,107 :: 		
0x0173	0x1506      	BSF        LCD_EN, BitPos(LCD_EN+0)
;__Lib_Lcd.c,108 :: 		
0x0174	0x2003      	CALL       _Delay_1us
;__Lib_Lcd.c,109 :: 		
0x0175	0x1106      	BCF        LCD_EN, BitPos(LCD_EN+0)
;__Lib_Lcd.c,110 :: 		
0x0176	0x200D      	CALL       _Delay_5500us
;__Lib_Lcd.c,112 :: 		
0x0177	0x1506      	BSF        LCD_EN, BitPos(LCD_EN+0)
;__Lib_Lcd.c,113 :: 		
0x0178	0x2003      	CALL       _Delay_1us
;__Lib_Lcd.c,114 :: 		
0x0179	0x1106      	BCF        LCD_EN, BitPos(LCD_EN+0)
;__Lib_Lcd.c,115 :: 		
0x017A	0x200D      	CALL       _Delay_5500us
;__Lib_Lcd.c,117 :: 		
0x017B	0x1506      	BSF        LCD_EN, BitPos(LCD_EN+0)
;__Lib_Lcd.c,118 :: 		
0x017C	0x2003      	CALL       _Delay_1us
;__Lib_Lcd.c,119 :: 		
0x017D	0x1106      	BCF        LCD_EN, BitPos(LCD_EN+0)
;__Lib_Lcd.c,120 :: 		
0x017E	0x200D      	CALL       _Delay_5500us
;__Lib_Lcd.c,123 :: 		
0x017F	0x1186      	BCF        LCD_D4, BitPos(LCD_D4+0)
;__Lib_Lcd.c,124 :: 		
0x0180	0x1506      	BSF        LCD_EN, BitPos(LCD_EN+0)
;__Lib_Lcd.c,125 :: 		
0x0181	0x2003      	CALL       _Delay_1us
;__Lib_Lcd.c,126 :: 		
0x0182	0x1106      	BCF        LCD_EN, BitPos(LCD_EN+0)
;__Lib_Lcd.c,127 :: 		
0x0183	0x200D      	CALL       _Delay_5500us
;__Lib_Lcd.c,130 :: 		
0x0184	0x1506      	BSF        LCD_EN, BitPos(LCD_EN+0)
;__Lib_Lcd.c,131 :: 		
0x0185	0x2003      	CALL       _Delay_1us
;__Lib_Lcd.c,132 :: 		
0x0186	0x1106      	BCF        LCD_EN, BitPos(LCD_EN+0)
;__Lib_Lcd.c,134 :: 		
0x0187	0x1206      	BCF        LCD_D5, BitPos(LCD_D5+0)
;__Lib_Lcd.c,135 :: 		
0x0188	0x1706      	BSF        LCD_D7, BitPos(LCD_D7+0)
;__Lib_Lcd.c,136 :: 		
0x0189	0x1506      	BSF        LCD_EN, BitPos(LCD_EN+0)
;__Lib_Lcd.c,137 :: 		
0x018A	0x2003      	CALL       _Delay_1us
;__Lib_Lcd.c,138 :: 		
0x018B	0x1106      	BCF        LCD_EN, BitPos(LCD_EN+0)
;__Lib_Lcd.c,139 :: 		
0x018C	0x200D      	CALL       _Delay_5500us
;__Lib_Lcd.c,142 :: 		
0x018D	0x1306      	BCF        LCD_D7, BitPos(LCD_D7+0)
;__Lib_Lcd.c,143 :: 		
0x018E	0x1586      	BSF        LCD_D4, BitPos(LCD_D4+0)
;__Lib_Lcd.c,144 :: 		
0x018F	0x1506      	BSF        LCD_EN, BitPos(LCD_EN+0)
;__Lib_Lcd.c,145 :: 		
0x0190	0x2003      	CALL       _Delay_1us
;__Lib_Lcd.c,146 :: 		
0x0191	0x1106      	BCF        LCD_EN, BitPos(LCD_EN+0)
;__Lib_Lcd.c,148 :: 		
0x0192	0x1186      	BCF        LCD_D4, BitPos(LCD_D4+0)
;__Lib_Lcd.c,149 :: 		
0x0193	0x1506      	BSF        LCD_EN, BitPos(LCD_EN+0)
;__Lib_Lcd.c,150 :: 		
0x0194	0x2003      	CALL       _Delay_1us
;__Lib_Lcd.c,151 :: 		
0x0195	0x1106      	BCF        LCD_EN, BitPos(LCD_EN+0)
;__Lib_Lcd.c,152 :: 		
0x0196	0x200D      	CALL       _Delay_5500us
;__Lib_Lcd.c,155 :: 		
0x0197	0x1506      	BSF        LCD_EN, BitPos(LCD_EN+0)
;__Lib_Lcd.c,156 :: 		
0x0198	0x2003      	CALL       _Delay_1us
;__Lib_Lcd.c,157 :: 		
0x0199	0x1106      	BCF        LCD_EN, BitPos(LCD_EN+0)
;__Lib_Lcd.c,159 :: 		
0x019A	0x1586      	BSF        LCD_D4, BitPos(LCD_D4+0)
;__Lib_Lcd.c,160 :: 		
0x019B	0x1506      	BSF        LCD_EN, BitPos(LCD_EN+0)
;__Lib_Lcd.c,161 :: 		
0x019C	0x2003      	CALL       _Delay_1us
;__Lib_Lcd.c,162 :: 		
0x019D	0x1106      	BCF        LCD_EN, BitPos(LCD_EN+0)
;__Lib_Lcd.c,163 :: 		
0x019E	0x200D      	CALL       _Delay_5500us
;__Lib_Lcd.c,166 :: 		
0x019F	0x1186      	BCF        LCD_D4, BitPos(LCD_D4+0)
;__Lib_Lcd.c,167 :: 		
0x01A0	0x1506      	BSF        LCD_EN, BitPos(LCD_EN+0)
;__Lib_Lcd.c,168 :: 		
0x01A1	0x2003      	CALL       _Delay_1us
;__Lib_Lcd.c,169 :: 		
0x01A2	0x1106      	BCF        LCD_EN, BitPos(LCD_EN+0)
;__Lib_Lcd.c,171 :: 		
0x01A3	0x1706      	BSF        LCD_D7, BitPos(LCD_D7+0)
;__Lib_Lcd.c,172 :: 		
0x01A4	0x1686      	BSF        LCD_D6, BitPos(LCD_D6+0)
;__Lib_Lcd.c,173 :: 		
0x01A5	0x1606      	BSF        LCD_D5, BitPos(LCD_D5+0)
;__Lib_Lcd.c,174 :: 		
0x01A6	0x1586      	BSF        LCD_D4, BitPos(LCD_D4+0)
;__Lib_Lcd.c,175 :: 		
0x01A7	0x1506      	BSF        LCD_EN, BitPos(LCD_EN+0)
;__Lib_Lcd.c,176 :: 		
0x01A8	0x2003      	CALL       _Delay_1us
;__Lib_Lcd.c,177 :: 		
0x01A9	0x1106      	BCF        LCD_EN, BitPos(LCD_EN+0)
;__Lib_Lcd.c,179 :: 		
0x01AA	0x200D      	CALL       _Delay_5500us
;__Lib_Lcd.c,181 :: 		
0x01AB	0x146F      	BSF        __Lib_Lcd_cmd_status, BitPos(__Lib_Lcd_cmd_status+0)
;__Lib_Lcd.c,182 :: 		
L_end_Lcd_Init:
0x01AC	0x0008      	RETURN
; end of _Lcd_Init
_UART1_Read:
;__Lib_UART_c67.c,21 :: 		
;__Lib_UART_c67.c,24 :: 		
0x01AD	0x1283      	BCF        STATUS, 5
0x01AE	0x1303      	BCF        STATUS, 6
0x01AF	0x081A      	MOVF       RCREG, 0
0x01B0	0x00F1      	MOVWF      R1
;__Lib_UART_c67.c,25 :: 		
0x01B1	0x1C98      	BTFSS      RCSTA, 1
0x01B2	0x29B5      	GOTO       L_UART1_Read2
;__Lib_UART_c67.c,26 :: 		
0x01B3	0x1218      	BCF        RCSTA, 4
;__Lib_UART_c67.c,27 :: 		
0x01B4	0x1618      	BSF        RCSTA, 4
;__Lib_UART_c67.c,28 :: 		
L_UART1_Read2:
;__Lib_UART_c67.c,29 :: 		
0x01B5	0x0871      	MOVF       R1, 0
0x01B6	0x00F0      	MOVWF      R0
;__Lib_UART_c67.c,30 :: 		
L_end_UART1_Read:
0x01B7	0x0008      	RETURN
; end of _UART1_Read
_reset:
;kit2.c,147 :: 		void reset()
;kit2.c,149 :: 		write_add(0x07,0x7E);
0x01B8	0x3007      	MOVLW      7
0x01B9	0x1683      	BSF        STATUS, 5
0x01BA	0x1303      	BCF        STATUS, 6
0x01BB	0x00E1      	MOVWF      FARG_write_add_add
0x01BC	0x307E      	MOVLW      126
0x01BD	0x00E2      	MOVWF      FARG_write_add_value
0x01BE	0x20CC      	CALL       _write_add
;kit2.c,150 :: 		read_add(0xE1);
0x01BF	0x30E1      	MOVLW      225
0x01C0	0x00E1      	MOVWF      FARG_read_add_add
0x01C1	0x20B2      	CALL       _read_add
;kit2.c,151 :: 		read_add(0xE2);
0x01C2	0x30E2      	MOVLW      226
0x01C3	0x00E1      	MOVWF      FARG_read_add_add
0x01C4	0x20B2      	CALL       _read_add
;kit2.c,152 :: 		}
L_end_reset:
0x01C5	0x0008      	RETURN
; end of _reset
_nrf24_config:
;kit2.c,119 :: 		void nrf24_config()
;kit2.c,121 :: 		char add1[5]={'a','a','a','a','a'};
;kit2.c,122 :: 		CSN=0;
0x01C6	0x1283      	BCF        STATUS, 5
0x01C7	0x1303      	BCF        STATUS, 6
0x01C8	0x1107      	BCF        RC2_bit, 2
;kit2.c,123 :: 		CE=0;
0x01C9	0x1187      	BCF        RC3_bit, 3
;kit2.c,124 :: 		delay_ms(20);
0x01CA	0x301A      	MOVLW      26
0x01CB	0x00FC      	MOVWF      R12
0x01CC	0x30F8      	MOVLW      248
0x01CD	0x00FD      	MOVWF      R13
L_nrf24_config22:
0x01CE	0x0BFD      	DECFSZ     R13, 1
0x01CF	0x29CE      	GOTO       L_nrf24_config22
0x01D0	0x0BFC      	DECFSZ     R12, 1
0x01D1	0x29CE      	GOTO       L_nrf24_config22
0x01D2	0x0000      	NOP
;kit2.c,126 :: 		write_add(0x01,0x3f);
0x01D3	0x3001      	MOVLW      1
0x01D4	0x1683      	BSF        STATUS, 5
0x01D5	0x00E1      	MOVWF      FARG_write_add_add
0x01D6	0x303F      	MOVLW      63
0x01D7	0x00E2      	MOVWF      FARG_write_add_value
0x01D8	0x20CC      	CALL       _write_add
;kit2.c,127 :: 		write_add(0x02,0x03);
0x01D9	0x3002      	MOVLW      2
0x01DA	0x00E1      	MOVWF      FARG_write_add_add
0x01DB	0x3003      	MOVLW      3
0x01DC	0x00E2      	MOVWF      FARG_write_add_value
0x01DD	0x20CC      	CALL       _write_add
;kit2.c,128 :: 		write_add(0x03,0x03);
0x01DE	0x3003      	MOVLW      3
0x01DF	0x00E1      	MOVWF      FARG_write_add_add
0x01E0	0x3003      	MOVLW      3
0x01E1	0x00E2      	MOVWF      FARG_write_add_value
0x01E2	0x20CC      	CALL       _write_add
;kit2.c,129 :: 		write_add(0x04,0x4f);
0x01E3	0x3004      	MOVLW      4
0x01E4	0x00E1      	MOVWF      FARG_write_add_add
0x01E5	0x304F      	MOVLW      79
0x01E6	0x00E2      	MOVWF      FARG_write_add_value
0x01E7	0x20CC      	CALL       _write_add
;kit2.c,130 :: 		write_add(0x05,0x4c);
0x01E8	0x3005      	MOVLW      5
0x01E9	0x00E1      	MOVWF      FARG_write_add_add
0x01EA	0x304C      	MOVLW      76
0x01EB	0x00E2      	MOVWF      FARG_write_add_value
0x01EC	0x20CC      	CALL       _write_add
;kit2.c,131 :: 		write_add(0x06,0x07);
0x01ED	0x3006      	MOVLW      6
0x01EE	0x00E1      	MOVWF      FARG_write_add_add
0x01EF	0x3007      	MOVLW      7
0x01F0	0x00E2      	MOVWF      FARG_write_add_value
0x01F1	0x20CC      	CALL       _write_add
;kit2.c,132 :: 		write_add(0x11,0x20);
0x01F2	0x3011      	MOVLW      17
0x01F3	0x00E1      	MOVWF      FARG_write_add_add
0x01F4	0x3020      	MOVLW      32
0x01F5	0x00E2      	MOVWF      FARG_write_add_value
0x01F6	0x20CC      	CALL       _write_add
;kit2.c,133 :: 		write_add(0x1C,0x00);
0x01F7	0x301C      	MOVLW      28
0x01F8	0x00E1      	MOVWF      FARG_write_add_add
0x01F9	0x01E2      	CLRF       FARG_write_add_value
0x01FA	0x20CC      	CALL       _write_add
;kit2.c,134 :: 		write_add(0x1D,0x00);
0x01FB	0x301D      	MOVLW      29
0x01FC	0x00E1      	MOVWF      FARG_write_add_add
0x01FD	0x01E2      	CLRF       FARG_write_add_value
0x01FE	0x20CC      	CALL       _write_add
;kit2.c,135 :: 		write_add(0x00,0x0E);
0x01FF	0x01E1      	CLRF       FARG_write_add_add
0x0200	0x300E      	MOVLW      14
0x0201	0x00E2      	MOVWF      FARG_write_add_value
0x0202	0x20CC      	CALL       _write_add
;kit2.c,136 :: 		write_add(0x00,0x0E);
0x0203	0x01E1      	CLRF       FARG_write_add_add
0x0204	0x300E      	MOVLW      14
0x0205	0x00E2      	MOVWF      FARG_write_add_value
0x0206	0x20CC      	CALL       _write_add
;kit2.c,137 :: 		delay_ms(5);
0x0207	0x3007      	MOVLW      7
0x0208	0x00FC      	MOVWF      R12
0x0209	0x307D      	MOVLW      125
0x020A	0x00FD      	MOVWF      R13
L_nrf24_config23:
0x020B	0x0BFD      	DECFSZ     R13, 1
0x020C	0x2A0B      	GOTO       L_nrf24_config23
0x020D	0x0BFC      	DECFSZ     R12, 1
0x020E	0x2A0B      	GOTO       L_nrf24_config23
;kit2.c,139 :: 		CSN=1;
0x020F	0x1283      	BCF        STATUS, 5
0x0210	0x1507      	BSF        RC2_bit, 2
;kit2.c,140 :: 		CE=1;
0x0211	0x1587      	BSF        RC3_bit, 3
;kit2.c,141 :: 		delay_ms(20);
0x0212	0x301A      	MOVLW      26
0x0213	0x00FC      	MOVWF      R12
0x0214	0x30F8      	MOVLW      248
0x0215	0x00FD      	MOVWF      R13
L_nrf24_config24:
0x0216	0x0BFD      	DECFSZ     R13, 1
0x0217	0x2A16      	GOTO       L_nrf24_config24
0x0218	0x0BFC      	DECFSZ     R12, 1
0x0219	0x2A16      	GOTO       L_nrf24_config24
0x021A	0x0000      	NOP
;kit2.c,145 :: 		}
L_end_nrf24_config:
0x021B	0x0008      	RETURN
; end of _nrf24_config
___CC2DW:
;__Lib_System.c,134 :: 		
;__Lib_System.c,137 :: 		
_CC2D_Loop1:
;__Lib_System.c,139 :: 		
0x021C	0x20AB      	CALL       _____DoICP
0x021D	0x118A      	BCF        PCLATH, 3
0x021E	0x120A      	BCF        PCLATH, 4
;__Lib_System.c,141 :: 		
0x021F	0x0080      	MOVWF      INDF
;__Lib_System.c,142 :: 		
0x0220	0x0A84      	INCF       FSR, 1
;__Lib_System.c,143 :: 		
0x0221	0x0AED      	INCF       ___DoICPAddr, 1
;__Lib_System.c,145 :: 		
0x0222	0x1903      	BTFSC      STATUS, 2
;__Lib_System.c,146 :: 		
0x0223	0x0AEE      	INCF       ___DoICPAddr+1, 1
;__Lib_System.c,147 :: 		
0x0224	0x03F0      	DECF       R0, 1
;__Lib_System.c,149 :: 		
0x0225	0x1D03      	BTFSS      STATUS, 2
;__Lib_System.c,150 :: 		
0x0226	0x2A1C      	GOTO       _CC2D_Loop1
;__Lib_System.c,152 :: 		
L_end___CC2DW:
0x0227	0x0008      	RETURN
; end of ___CC2DW
_main:
0x0228	0x24BA      	CALL       1210
;kit2.c,165 :: 		void main() {
;kit2.c,170 :: 		CE_DIR=0;
0x0229	0x1683      	BSF        STATUS, 5
0x022A	0x1303      	BCF        STATUS, 6
0x022B	0x1187      	BCF        TRISC3_bit, 3
;kit2.c,171 :: 		CSN_DIR=0;
0x022C	0x1107      	BCF        TRISC2_bit, 2
;kit2.c,172 :: 		CSK_DIR=0;
0x022D	0x1007      	BCF        TRISC0_bit, 0
;kit2.c,173 :: 		MOSI_DIR=0;
0x022E	0x1087      	BCF        TRISC1_bit, 1
;kit2.c,174 :: 		MISO_DIR=1;
0x022F	0x1607      	BSF        TRISC4_bit, 4
;kit2.c,176 :: 		nrf24_config();
0x0230	0x21C6      	CALL       _nrf24_config
;kit2.c,177 :: 		CSN=1;
0x0231	0x1507      	BSF        RC2_bit, 2
;kit2.c,178 :: 		CE=1;
0x0232	0x1587      	BSF        RC3_bit, 3
;kit2.c,183 :: 		lcd_init();
0x0233	0x215F      	CALL       _Lcd_Init
;kit2.c,185 :: 		lcd_out(2,1,"welcome");
0x0234	0x3002      	MOVLW      2
0x0235	0x1683      	BSF        STATUS, 5
0x0236	0x00DD      	MOVWF      FARG_Lcd_Out_row
0x0237	0x3001      	MOVLW      1
0x0238	0x00DE      	MOVWF      FARG_Lcd_Out_column
0x0239	0x3020      	MOVLW      ?lstr1_kit2
0x023A	0x00DF      	MOVWF      FARG_Lcd_Out_text
0x023B	0x20FD      	CALL       _Lcd_Out
;kit2.c,186 :: 		uart1_init(2400);
0x023C	0x3067      	MOVLW      103
0x023D	0x1683      	BSF        STATUS, 5
0x023E	0x0099      	MOVWF      SPBRG
0x023F	0x1518      	BSF        TXSTA, 2
0x0240	0x20E6      	CALL       _UART1_Init
;kit2.c,187 :: 		trisb.f0=0;
0x0241	0x1683      	BSF        STATUS, 5
0x0242	0x1006      	BCF        TRISB, 0
;kit2.c,188 :: 		rb0_bit=0;
0x0243	0x1283      	BCF        STATUS, 5
0x0244	0x1006      	BCF        RB0_bit, 0
;kit2.c,189 :: 		lcd_out(1,1,"S");
0x0245	0x3001      	MOVLW      1
0x0246	0x1683      	BSF        STATUS, 5
0x0247	0x00DD      	MOVWF      FARG_Lcd_Out_row
0x0248	0x3001      	MOVLW      1
0x0249	0x00DE      	MOVWF      FARG_Lcd_Out_column
0x024A	0x3069      	MOVLW      ?lstr2_kit2
0x024B	0x00DF      	MOVWF      FARG_Lcd_Out_text
0x024C	0x20FD      	CALL       _Lcd_Out
;kit2.c,190 :: 		while(1)
L_main25:
;kit2.c,192 :: 		delay_ms(1000);
0x024D	0x3006      	MOVLW      6
0x024E	0x00FB      	MOVWF      R11
0x024F	0x3013      	MOVLW      19
0x0250	0x00FC      	MOVWF      R12
0x0251	0x30AD      	MOVLW      173
0x0252	0x00FD      	MOVWF      R13
L_main27:
0x0253	0x0BFD      	DECFSZ     R13, 1
0x0254	0x2A53      	GOTO       L_main27
0x0255	0x0BFC      	DECFSZ     R12, 1
0x0256	0x2A53      	GOTO       L_main27
0x0257	0x0BFB      	DECFSZ     R11, 1
0x0258	0x2A53      	GOTO       L_main27
0x0259	0x0000      	NOP
0x025A	0x0000      	NOP
;kit2.c,194 :: 		test[4]='o';
0x025B	0x306F      	MOVLW      111
0x025C	0x1683      	BSF        STATUS, 5
0x025D	0x00C0      	MOVWF      main_test_L0+4
;kit2.c,195 :: 		test[3]='l';
0x025E	0x306C      	MOVLW      108
0x025F	0x00BF      	MOVWF      main_test_L0+3
;kit2.c,196 :: 		test[2]='l';
0x0260	0x306C      	MOVLW      108
0x0261	0x00BE      	MOVWF      main_test_L0+2
;kit2.c,197 :: 		test[1]='e';
0x0262	0x3065      	MOVLW      101
0x0263	0x00BD      	MOVWF      main_test_L0+1
;kit2.c,198 :: 		test[0]='h';
0x0264	0x3068      	MOVLW      104
0x0265	0x00BC      	MOVWF      main_test_L0
;kit2.c,200 :: 		write_tx(0b10100000,test,32);
0x0266	0x30A0      	MOVLW      160
0x0267	0x00DD      	MOVWF      FARG_write_tx_add
0x0268	0x30BC      	MOVLW      main_test_L0
0x0269	0x00DE      	MOVWF      FARG_write_tx_buffer
0x026A	0x3020      	MOVLW      32
0x026B	0x00DF      	MOVWF      FARG_write_tx_bytes
0x026C	0x2140      	CALL       _write_tx
;kit2.c,202 :: 		CE=1;
0x026D	0x1587      	BSF        RC3_bit, 3
;kit2.c,203 :: 		delay_ms(1000);
0x026E	0x3006      	MOVLW      6
0x026F	0x00FB      	MOVWF      R11
0x0270	0x3013      	MOVLW      19
0x0271	0x00FC      	MOVWF      R12
0x0272	0x30AD      	MOVLW      173
0x0273	0x00FD      	MOVWF      R13
L_main28:
0x0274	0x0BFD      	DECFSZ     R13, 1
0x0275	0x2A74      	GOTO       L_main28
0x0276	0x0BFC      	DECFSZ     R12, 1
0x0277	0x2A74      	GOTO       L_main28
0x0278	0x0BFB      	DECFSZ     R11, 1
0x0279	0x2A74      	GOTO       L_main28
0x027A	0x0000      	NOP
0x027B	0x0000      	NOP
;kit2.c,204 :: 		CE=0;
0x027C	0x1187      	BCF        RC3_bit, 3
;kit2.c,205 :: 		delay_ms(100);
0x027D	0x3082      	MOVLW      130
0x027E	0x00FC      	MOVWF      R12
0x027F	0x30DD      	MOVLW      221
0x0280	0x00FD      	MOVWF      R13
L_main29:
0x0281	0x0BFD      	DECFSZ     R13, 1
0x0282	0x2A81      	GOTO       L_main29
0x0283	0x0BFC      	DECFSZ     R12, 1
0x0284	0x2A81      	GOTO       L_main29
0x0285	0x0000      	NOP
0x0286	0x0000      	NOP
;kit2.c,206 :: 		temp1=read_add(0x07);
0x0287	0x3007      	MOVLW      7
0x0288	0x1683      	BSF        STATUS, 5
0x0289	0x00E1      	MOVWF      FARG_read_add_add
0x028A	0x20B2      	CALL       _read_add
0x028B	0x0870      	MOVF       R0, 0
0x028C	0x00BA      	MOVWF      main_temp1_L0
0x028D	0x01BB      	CLRF       main_temp1_L0+1
;kit2.c,208 :: 		temp1=temp1&0b00100000;
0x028E	0x3020      	MOVLW      32
0x028F	0x053A      	ANDWF      main_temp1_L0, 0
0x0290	0x00F3      	MOVWF      R3
0x0291	0x083B      	MOVF       main_temp1_L0+1, 0
0x0292	0x00F4      	MOVWF      R3+1
0x0293	0x3000      	MOVLW      0
0x0294	0x05F4      	ANDWF      R3+1, 1
0x0295	0x0873      	MOVF       R3, 0
0x0296	0x00BA      	MOVWF      main_temp1_L0
0x0297	0x0874      	MOVF       R3+1, 0
0x0298	0x00BB      	MOVWF      main_temp1_L0+1
;kit2.c,209 :: 		temp1=temp1>>5;
0x0299	0x3005      	MOVLW      5
0x029A	0x00F0      	MOVWF      R0
0x029B	0x0873      	MOVF       R3, 0
0x029C	0x00F1      	MOVWF      R1
0x029D	0x0874      	MOVF       R3+1, 0
0x029E	0x00F2      	MOVWF      R1+1
0x029F	0x0870      	MOVF       R0, 0
L__main107:
0x02A0	0x1903      	BTFSC      STATUS, 2
0x02A1	0x2AA9      	GOTO       L__main108
0x02A2	0x0CF2      	RRF        R1+1, 1
0x02A3	0x0CF1      	RRF        R1, 1
0x02A4	0x13F2      	BCF        R1+1, 7
0x02A5	0x1B72      	BTFSC      R1+1, 6
0x02A6	0x17F2      	BSF        R1+1, 7
0x02A7	0x3EFF      	ADDLW      255
0x02A8	0x2AA0      	GOTO       L__main107
L__main108:
0x02A9	0x1683      	BSF        STATUS, 5
0x02AA	0x0871      	MOVF       R1, 0
0x02AB	0x00BA      	MOVWF      main_temp1_L0
0x02AC	0x0872      	MOVF       R1+1, 0
0x02AD	0x00BB      	MOVWF      main_temp1_L0+1
;kit2.c,210 :: 		if(temp1==1)
0x02AE	0x3000      	MOVLW      0
0x02AF	0x0672      	XORWF      R1+1, 0
0x02B0	0x1D03      	BTFSS      STATUS, 2
0x02B1	0x2AB4      	GOTO       L__main109
0x02B2	0x3001      	MOVLW      1
0x02B3	0x0671      	XORWF      R1, 0
L__main109:
0x02B4	0x1D03      	BTFSS      STATUS, 2
0x02B5	0x2ABE      	GOTO       L_main30
;kit2.c,212 :: 		lcd_out(1,1,"data tx   ");
0x02B6	0x3001      	MOVLW      1
0x02B7	0x00DD      	MOVWF      FARG_Lcd_Out_row
0x02B8	0x3001      	MOVLW      1
0x02B9	0x00DE      	MOVWF      FARG_Lcd_Out_column
0x02BA	0x305E      	MOVLW      ?lstr3_kit2
0x02BB	0x00DF      	MOVWF      FARG_Lcd_Out_text
0x02BC	0x20FD      	CALL       _Lcd_Out
;kit2.c,213 :: 		}
0x02BD	0x2AC6      	GOTO       L_main31
L_main30:
;kit2.c,215 :: 		lcd_out(1,1,"no data tx");
0x02BE	0x3001      	MOVLW      1
0x02BF	0x1683      	BSF        STATUS, 5
0x02C0	0x00DD      	MOVWF      FARG_Lcd_Out_row
0x02C1	0x3001      	MOVLW      1
0x02C2	0x00DE      	MOVWF      FARG_Lcd_Out_column
0x02C3	0x30A0      	MOVLW      ?lstr4_kit2
0x02C4	0x00DF      	MOVWF      FARG_Lcd_Out_text
0x02C5	0x20FD      	CALL       _Lcd_Out
L_main31:
;kit2.c,217 :: 		reset();
0x02C6	0x21B8      	CALL       _reset
;kit2.c,218 :: 		CE=1;
0x02C7	0x1283      	BCF        STATUS, 5
0x02C8	0x1587      	BSF        RC3_bit, 3
;kit2.c,219 :: 		delay_ms(100);
0x02C9	0x3082      	MOVLW      130
0x02CA	0x00FC      	MOVWF      R12
0x02CB	0x30DD      	MOVLW      221
0x02CC	0x00FD      	MOVWF      R13
L_main32:
0x02CD	0x0BFD      	DECFSZ     R13, 1
0x02CE	0x2ACD      	GOTO       L_main32
0x02CF	0x0BFC      	DECFSZ     R12, 1
0x02D0	0x2ACD      	GOTO       L_main32
0x02D1	0x0000      	NOP
0x02D2	0x0000      	NOP
;kit2.c,238 :: 		if(uart1_data_ready())
0x02D3	0x20F6      	CALL       _UART1_Data_Ready
0x02D4	0x0870      	MOVF       R0, 0
0x02D5	0x1903      	BTFSC      STATUS, 2
0x02D6	0x2C5A      	GOTO       L_main33
;kit2.c,240 :: 		rfid[idx]=uart1_read();
0x02D7	0x086B      	MOVF       _idx, 0
0x02D8	0x3EAF      	ADDLW      _rfid
0x02D9	0x1683      	BSF        STATUS, 5
0x02DA	0x00DC      	MOVWF      FLOC__main
0x02DB	0x21AD      	CALL       _UART1_Read
0x02DC	0x1683      	BSF        STATUS, 5
0x02DD	0x085C      	MOVF       FLOC__main, 0
0x02DE	0x0084      	MOVWF      FSR
0x02DF	0x0870      	MOVF       R0, 0
0x02E0	0x0080      	MOVWF      INDF
;kit2.c,243 :: 		if(rfid[idx]=='0'&&valid2<10)
0x02E1	0x1283      	BCF        STATUS, 5
0x02E2	0x086B      	MOVF       _idx, 0
0x02E3	0x3EAF      	ADDLW      _rfid
0x02E4	0x0084      	MOVWF      FSR
0x02E5	0x0800      	MOVF       INDF, 0
0x02E6	0x3A30      	XORLW      48
0x02E7	0x1D03      	BTFSS      STATUS, 2
0x02E8	0x2AF9      	GOTO       L_main36
0x02E9	0x3080      	MOVLW      128
0x02EA	0x1683      	BSF        STATUS, 5
0x02EB	0x062E      	XORWF      _valid2+1, 0
0x02EC	0x00F0      	MOVWF      R0
0x02ED	0x3080      	MOVLW      128
0x02EE	0x0270      	SUBWF      R0, 0
0x02EF	0x1D03      	BTFSS      STATUS, 2
0x02F0	0x2AF3      	GOTO       L__main110
0x02F1	0x300A      	MOVLW      10
0x02F2	0x022D      	SUBWF      _valid2, 0
L__main110:
0x02F3	0x1803      	BTFSC      STATUS, 0
0x02F4	0x2AF9      	GOTO       L_main36
L__main93:
;kit2.c,245 :: 		valid2++;
0x02F5	0x0AAD      	INCF       _valid2, 1
0x02F6	0x1903      	BTFSC      STATUS, 2
0x02F7	0x0AAE      	INCF       _valid2+1, 1
;kit2.c,246 :: 		}
0x02F8	0x2B59      	GOTO       L_main37
L_main36:
;kit2.c,247 :: 		else if(rfid[idx]=='3'&&valid2<10)
0x02F9	0x1283      	BCF        STATUS, 5
0x02FA	0x086B      	MOVF       _idx, 0
0x02FB	0x3EAF      	ADDLW      _rfid
0x02FC	0x0084      	MOVWF      FSR
0x02FD	0x0800      	MOVF       INDF, 0
0x02FE	0x3A33      	XORLW      51
0x02FF	0x1D03      	BTFSS      STATUS, 2
0x0300	0x2B11      	GOTO       L_main40
0x0301	0x3080      	MOVLW      128
0x0302	0x1683      	BSF        STATUS, 5
0x0303	0x062E      	XORWF      _valid2+1, 0
0x0304	0x00F0      	MOVWF      R0
0x0305	0x3080      	MOVLW      128
0x0306	0x0270      	SUBWF      R0, 0
0x0307	0x1D03      	BTFSS      STATUS, 2
0x0308	0x2B0B      	GOTO       L__main111
0x0309	0x300A      	MOVLW      10
0x030A	0x022D      	SUBWF      _valid2, 0
L__main111:
0x030B	0x1803      	BTFSC      STATUS, 0
0x030C	0x2B11      	GOTO       L_main40
L__main92:
;kit2.c,249 :: 		valid2++;
0x030D	0x0AAD      	INCF       _valid2, 1
0x030E	0x1903      	BTFSC      STATUS, 2
0x030F	0x0AAE      	INCF       _valid2+1, 1
;kit2.c,250 :: 		}
0x0310	0x2B59      	GOTO       L_main41
L_main40:
;kit2.c,251 :: 		else if(rfid[idx]=='2'&&valid2<10)
0x0311	0x1283      	BCF        STATUS, 5
0x0312	0x086B      	MOVF       _idx, 0
0x0313	0x3EAF      	ADDLW      _rfid
0x0314	0x0084      	MOVWF      FSR
0x0315	0x0800      	MOVF       INDF, 0
0x0316	0x3A32      	XORLW      50
0x0317	0x1D03      	BTFSS      STATUS, 2
0x0318	0x2B29      	GOTO       L_main44
0x0319	0x3080      	MOVLW      128
0x031A	0x1683      	BSF        STATUS, 5
0x031B	0x062E      	XORWF      _valid2+1, 0
0x031C	0x00F0      	MOVWF      R0
0x031D	0x3080      	MOVLW      128
0x031E	0x0270      	SUBWF      R0, 0
0x031F	0x1D03      	BTFSS      STATUS, 2
0x0320	0x2B23      	GOTO       L__main112
0x0321	0x300A      	MOVLW      10
0x0322	0x022D      	SUBWF      _valid2, 0
L__main112:
0x0323	0x1803      	BTFSC      STATUS, 0
0x0324	0x2B29      	GOTO       L_main44
L__main91:
;kit2.c,253 :: 		valid2++;
0x0325	0x0AAD      	INCF       _valid2, 1
0x0326	0x1903      	BTFSC      STATUS, 2
0x0327	0x0AAE      	INCF       _valid2+1, 1
;kit2.c,254 :: 		}
0x0328	0x2B59      	GOTO       L_main45
L_main44:
;kit2.c,255 :: 		else if(rfid[idx]=='E'&&valid2==5)
0x0329	0x1283      	BCF        STATUS, 5
0x032A	0x086B      	MOVF       _idx, 0
0x032B	0x3EAF      	ADDLW      _rfid
0x032C	0x0084      	MOVWF      FSR
0x032D	0x0800      	MOVF       INDF, 0
0x032E	0x3A45      	XORLW      69
0x032F	0x1D03      	BTFSS      STATUS, 2
0x0330	0x2B3E      	GOTO       L_main48
0x0331	0x3000      	MOVLW      0
0x0332	0x1683      	BSF        STATUS, 5
0x0333	0x062E      	XORWF      _valid2+1, 0
0x0334	0x1D03      	BTFSS      STATUS, 2
0x0335	0x2B38      	GOTO       L__main113
0x0336	0x3005      	MOVLW      5
0x0337	0x062D      	XORWF      _valid2, 0
L__main113:
0x0338	0x1D03      	BTFSS      STATUS, 2
0x0339	0x2B3E      	GOTO       L_main48
L__main90:
;kit2.c,257 :: 		valid2++;
0x033A	0x0AAD      	INCF       _valid2, 1
0x033B	0x1903      	BTFSC      STATUS, 2
0x033C	0x0AAE      	INCF       _valid2+1, 1
;kit2.c,258 :: 		}
0x033D	0x2B59      	GOTO       L_main49
L_main48:
;kit2.c,259 :: 		else if(rfid[idx]=='8'&&valid2<10)
0x033E	0x1283      	BCF        STATUS, 5
0x033F	0x086B      	MOVF       _idx, 0
0x0340	0x3EAF      	ADDLW      _rfid
0x0341	0x0084      	MOVWF      FSR
0x0342	0x0800      	MOVF       INDF, 0
0x0343	0x3A38      	XORLW      56
0x0344	0x1D03      	BTFSS      STATUS, 2
0x0345	0x2B56      	GOTO       L_main52
0x0346	0x3080      	MOVLW      128
0x0347	0x1683      	BSF        STATUS, 5
0x0348	0x062E      	XORWF      _valid2+1, 0
0x0349	0x00F0      	MOVWF      R0
0x034A	0x3080      	MOVLW      128
0x034B	0x0270      	SUBWF      R0, 0
0x034C	0x1D03      	BTFSS      STATUS, 2
0x034D	0x2B50      	GOTO       L__main114
0x034E	0x300A      	MOVLW      10
0x034F	0x022D      	SUBWF      _valid2, 0
L__main114:
0x0350	0x1803      	BTFSC      STATUS, 0
0x0351	0x2B56      	GOTO       L_main52
L__main89:
;kit2.c,261 :: 		valid2++;
0x0352	0x0AAD      	INCF       _valid2, 1
0x0353	0x1903      	BTFSC      STATUS, 2
0x0354	0x0AAE      	INCF       _valid2+1, 1
;kit2.c,262 :: 		}
0x0355	0x2B59      	GOTO       L_main53
L_main52:
0x0356	0x1683      	BSF        STATUS, 5
;kit2.c,265 :: 		valid2=0;
0x0357	0x01AD      	CLRF       _valid2
0x0358	0x01AE      	CLRF       _valid2+1
;kit2.c,266 :: 		}
L_main53:
L_main49:
L_main45:
L_main41:
L_main37:
;kit2.c,270 :: 		if(rfid[idx]=='0'&&valid1<10) //03002e90b0
0x0359	0x1283      	BCF        STATUS, 5
0x035A	0x086B      	MOVF       _idx, 0
0x035B	0x3EAF      	ADDLW      _rfid
0x035C	0x0084      	MOVWF      FSR
0x035D	0x0800      	MOVF       INDF, 0
0x035E	0x3A30      	XORLW      48
0x035F	0x1D03      	BTFSS      STATUS, 2
0x0360	0x2B71      	GOTO       L_main56
0x0361	0x3080      	MOVLW      128
0x0362	0x1683      	BSF        STATUS, 5
0x0363	0x062C      	XORWF      _valid1+1, 0
0x0364	0x00F0      	MOVWF      R0
0x0365	0x3080      	MOVLW      128
0x0366	0x0270      	SUBWF      R0, 0
0x0367	0x1D03      	BTFSS      STATUS, 2
0x0368	0x2B6B      	GOTO       L__main115
0x0369	0x300A      	MOVLW      10
0x036A	0x022B      	SUBWF      _valid1, 0
L__main115:
0x036B	0x1803      	BTFSC      STATUS, 0
0x036C	0x2B71      	GOTO       L_main56
L__main88:
;kit2.c,272 :: 		valid1++;
0x036D	0x0AAB      	INCF       _valid1, 1
0x036E	0x1903      	BTFSC      STATUS, 2
0x036F	0x0AAC      	INCF       _valid1+1, 1
;kit2.c,273 :: 		}
0x0370	0x2BDD      	GOTO       L_main57
L_main56:
;kit2.c,274 :: 		else if(rfid[idx]=='3'&&valid1==1)
0x0371	0x1283      	BCF        STATUS, 5
0x0372	0x086B      	MOVF       _idx, 0
0x0373	0x3EAF      	ADDLW      _rfid
0x0374	0x0084      	MOVWF      FSR
0x0375	0x0800      	MOVF       INDF, 0
0x0376	0x3A33      	XORLW      51
0x0377	0x1D03      	BTFSS      STATUS, 2
0x0378	0x2B86      	GOTO       L_main60
0x0379	0x3000      	MOVLW      0
0x037A	0x1683      	BSF        STATUS, 5
0x037B	0x062C      	XORWF      _valid1+1, 0
0x037C	0x1D03      	BTFSS      STATUS, 2
0x037D	0x2B80      	GOTO       L__main116
0x037E	0x3001      	MOVLW      1
0x037F	0x062B      	XORWF      _valid1, 0
L__main116:
0x0380	0x1D03      	BTFSS      STATUS, 2
0x0381	0x2B86      	GOTO       L_main60
L__main87:
;kit2.c,276 :: 		valid1++;
0x0382	0x0AAB      	INCF       _valid1, 1
0x0383	0x1903      	BTFSC      STATUS, 2
0x0384	0x0AAC      	INCF       _valid1+1, 1
;kit2.c,277 :: 		}
0x0385	0x2BDD      	GOTO       L_main61
L_main60:
;kit2.c,278 :: 		else if(rfid[idx]=='2'&&valid1==4)
0x0386	0x1283      	BCF        STATUS, 5
0x0387	0x086B      	MOVF       _idx, 0
0x0388	0x3EAF      	ADDLW      _rfid
0x0389	0x0084      	MOVWF      FSR
0x038A	0x0800      	MOVF       INDF, 0
0x038B	0x3A32      	XORLW      50
0x038C	0x1D03      	BTFSS      STATUS, 2
0x038D	0x2B9B      	GOTO       L_main64
0x038E	0x3000      	MOVLW      0
0x038F	0x1683      	BSF        STATUS, 5
0x0390	0x062C      	XORWF      _valid1+1, 0
0x0391	0x1D03      	BTFSS      STATUS, 2
0x0392	0x2B95      	GOTO       L__main117
0x0393	0x3004      	MOVLW      4
0x0394	0x062B      	XORWF      _valid1, 0
L__main117:
0x0395	0x1D03      	BTFSS      STATUS, 2
0x0396	0x2B9B      	GOTO       L_main64
L__main86:
;kit2.c,280 :: 		valid1++;
0x0397	0x0AAB      	INCF       _valid1, 1
0x0398	0x1903      	BTFSC      STATUS, 2
0x0399	0x0AAC      	INCF       _valid1+1, 1
;kit2.c,281 :: 		}
0x039A	0x2BDD      	GOTO       L_main65
L_main64:
;kit2.c,282 :: 		else if(rfid[idx]=='E'&&valid1==5)
0x039B	0x1283      	BCF        STATUS, 5
0x039C	0x086B      	MOVF       _idx, 0
0x039D	0x3EAF      	ADDLW      _rfid
0x039E	0x0084      	MOVWF      FSR
0x039F	0x0800      	MOVF       INDF, 0
0x03A0	0x3A45      	XORLW      69
0x03A1	0x1D03      	BTFSS      STATUS, 2
0x03A2	0x2BB0      	GOTO       L_main68
0x03A3	0x3000      	MOVLW      0
0x03A4	0x1683      	BSF        STATUS, 5
0x03A5	0x062C      	XORWF      _valid1+1, 0
0x03A6	0x1D03      	BTFSS      STATUS, 2
0x03A7	0x2BAA      	GOTO       L__main118
0x03A8	0x3005      	MOVLW      5
0x03A9	0x062B      	XORWF      _valid1, 0
L__main118:
0x03AA	0x1D03      	BTFSS      STATUS, 2
0x03AB	0x2BB0      	GOTO       L_main68
L__main85:
;kit2.c,284 :: 		valid1++;
0x03AC	0x0AAB      	INCF       _valid1, 1
0x03AD	0x1903      	BTFSC      STATUS, 2
0x03AE	0x0AAC      	INCF       _valid1+1, 1
;kit2.c,285 :: 		}
0x03AF	0x2BDD      	GOTO       L_main69
L_main68:
;kit2.c,286 :: 		else if(rfid[idx]=='9'&&valid1==6)
0x03B0	0x1283      	BCF        STATUS, 5
0x03B1	0x086B      	MOVF       _idx, 0
0x03B2	0x3EAF      	ADDLW      _rfid
0x03B3	0x0084      	MOVWF      FSR
0x03B4	0x0800      	MOVF       INDF, 0
0x03B5	0x3A39      	XORLW      57
0x03B6	0x1D03      	BTFSS      STATUS, 2
0x03B7	0x2BC5      	GOTO       L_main72
0x03B8	0x3000      	MOVLW      0
0x03B9	0x1683      	BSF        STATUS, 5
0x03BA	0x062C      	XORWF      _valid1+1, 0
0x03BB	0x1D03      	BTFSS      STATUS, 2
0x03BC	0x2BBF      	GOTO       L__main119
0x03BD	0x3006      	MOVLW      6
0x03BE	0x062B      	XORWF      _valid1, 0
L__main119:
0x03BF	0x1D03      	BTFSS      STATUS, 2
0x03C0	0x2BC5      	GOTO       L_main72
L__main84:
;kit2.c,288 :: 		valid1++;
0x03C1	0x0AAB      	INCF       _valid1, 1
0x03C2	0x1903      	BTFSC      STATUS, 2
0x03C3	0x0AAC      	INCF       _valid1+1, 1
;kit2.c,289 :: 		}
0x03C4	0x2BDD      	GOTO       L_main73
L_main72:
;kit2.c,290 :: 		else if(rfid[idx]=='B'&&valid1==8)
0x03C5	0x1283      	BCF        STATUS, 5
0x03C6	0x086B      	MOVF       _idx, 0
0x03C7	0x3EAF      	ADDLW      _rfid
0x03C8	0x0084      	MOVWF      FSR
0x03C9	0x0800      	MOVF       INDF, 0
0x03CA	0x3A42      	XORLW      66
0x03CB	0x1D03      	BTFSS      STATUS, 2
0x03CC	0x2BDA      	GOTO       L_main76
0x03CD	0x3000      	MOVLW      0
0x03CE	0x1683      	BSF        STATUS, 5
0x03CF	0x062C      	XORWF      _valid1+1, 0
0x03D0	0x1D03      	BTFSS      STATUS, 2
0x03D1	0x2BD4      	GOTO       L__main120
0x03D2	0x3008      	MOVLW      8
0x03D3	0x062B      	XORWF      _valid1, 0
L__main120:
0x03D4	0x1D03      	BTFSS      STATUS, 2
0x03D5	0x2BDA      	GOTO       L_main76
L__main83:
;kit2.c,292 :: 		valid1++;
0x03D6	0x0AAB      	INCF       _valid1, 1
0x03D7	0x1903      	BTFSC      STATUS, 2
0x03D8	0x0AAC      	INCF       _valid1+1, 1
;kit2.c,293 :: 		}
0x03D9	0x2BDD      	GOTO       L_main77
L_main76:
0x03DA	0x1683      	BSF        STATUS, 5
;kit2.c,296 :: 		valid1=0;
0x03DB	0x01AB      	CLRF       _valid1
0x03DC	0x01AC      	CLRF       _valid1+1
;kit2.c,297 :: 		}
L_main77:
L_main73:
L_main69:
L_main65:
L_main61:
L_main57:
;kit2.c,306 :: 		if(valid2>=10)
0x03DD	0x3080      	MOVLW      128
0x03DE	0x062E      	XORWF      _valid2+1, 0
0x03DF	0x00F0      	MOVWF      R0
0x03E0	0x3080      	MOVLW      128
0x03E1	0x0270      	SUBWF      R0, 0
0x03E2	0x1D03      	BTFSS      STATUS, 2
0x03E3	0x2BE6      	GOTO       L__main121
0x03E4	0x300A      	MOVLW      10
0x03E5	0x022D      	SUBWF      _valid2, 0
L__main121:
0x03E6	0x1C03      	BTFSS      STATUS, 0
0x03E7	0x2C0B      	GOTO       L_main78
;kit2.c,308 :: 		lcd_out(2,1,"User2 : 03002E2838");
0x03E8	0x3002      	MOVLW      2
0x03E9	0x00DD      	MOVWF      FARG_Lcd_Out_row
0x03EA	0x3001      	MOVLW      1
0x03EB	0x00DE      	MOVWF      FARG_Lcd_Out_column
0x03EC	0x3030      	MOVLW      ?lstr5_kit2
0x03ED	0x00DF      	MOVWF      FARG_Lcd_Out_text
0x03EE	0x20FD      	CALL       _Lcd_Out
;kit2.c,309 :: 		lcd_out(2,1,"UnValid");
0x03EF	0x3002      	MOVLW      2
0x03F0	0x1683      	BSF        STATUS, 5
0x03F1	0x00DD      	MOVWF      FARG_Lcd_Out_row
0x03F2	0x3001      	MOVLW      1
0x03F3	0x00DE      	MOVWF      FARG_Lcd_Out_column
0x03F4	0x3028      	MOVLW      ?lstr6_kit2
0x03F5	0x00DF      	MOVWF      FARG_Lcd_Out_text
0x03F6	0x20FD      	CALL       _Lcd_Out
;kit2.c,310 :: 		valid1=0;
0x03F7	0x1683      	BSF        STATUS, 5
0x03F8	0x01AB      	CLRF       _valid1
0x03F9	0x01AC      	CLRF       _valid1+1
;kit2.c,311 :: 		delay_ms(1000);
0x03FA	0x3006      	MOVLW      6
0x03FB	0x00FB      	MOVWF      R11
0x03FC	0x3013      	MOVLW      19
0x03FD	0x00FC      	MOVWF      R12
0x03FE	0x30AD      	MOVLW      173
0x03FF	0x00FD      	MOVWF      R13
L_main79:
0x0400	0x0BFD      	DECFSZ     R13, 1
0x0401	0x2C00      	GOTO       L_main79
0x0402	0x0BFC      	DECFSZ     R12, 1
0x0403	0x2C00      	GOTO       L_main79
0x0404	0x0BFB      	DECFSZ     R11, 1
0x0405	0x2C00      	GOTO       L_main79
0x0406	0x0000      	NOP
0x0407	0x0000      	NOP
;kit2.c,312 :: 		lcd_cmd(_lcd_clear);
0x0408	0x3001      	MOVLW      1
0x0409	0x00E3      	MOVWF      FARG_Lcd_Cmd_out_char
0x040A	0x2018      	CALL       _Lcd_Cmd
;kit2.c,313 :: 		}
L_main78:
;kit2.c,317 :: 		if(valid1>=10)
0x040B	0x3080      	MOVLW      128
0x040C	0x1683      	BSF        STATUS, 5
0x040D	0x062C      	XORWF      _valid1+1, 0
0x040E	0x00F0      	MOVWF      R0
0x040F	0x3080      	MOVLW      128
0x0410	0x0270      	SUBWF      R0, 0
0x0411	0x1D03      	BTFSS      STATUS, 2
0x0412	0x2C15      	GOTO       L__main122
0x0413	0x300A      	MOVLW      10
0x0414	0x022B      	SUBWF      _valid1, 0
L__main122:
0x0415	0x1C03      	BTFSS      STATUS, 0
0x0416	0x2C3A      	GOTO       L_main80
;kit2.c,319 :: 		lcd_out(2,1,"User1 : 03002E90B0");
0x0417	0x3002      	MOVLW      2
0x0418	0x00DD      	MOVWF      FARG_Lcd_Out_row
0x0419	0x3001      	MOVLW      1
0x041A	0x00DE      	MOVWF      FARG_Lcd_Out_column
0x041B	0x3043      	MOVLW      ?lstr7_kit2
0x041C	0x00DF      	MOVWF      FARG_Lcd_Out_text
0x041D	0x20FD      	CALL       _Lcd_Out
;kit2.c,320 :: 		lcd_out(2,1,"Valid");
0x041E	0x3002      	MOVLW      2
0x041F	0x1683      	BSF        STATUS, 5
0x0420	0x00DD      	MOVWF      FARG_Lcd_Out_row
0x0421	0x3001      	MOVLW      1
0x0422	0x00DE      	MOVWF      FARG_Lcd_Out_column
0x0423	0x3058      	MOVLW      ?lstr8_kit2
0x0424	0x00DF      	MOVWF      FARG_Lcd_Out_text
0x0425	0x20FD      	CALL       _Lcd_Out
;kit2.c,321 :: 		valid1=0;
0x0426	0x1683      	BSF        STATUS, 5
0x0427	0x01AB      	CLRF       _valid1
0x0428	0x01AC      	CLRF       _valid1+1
;kit2.c,322 :: 		delay_ms(1000);
0x0429	0x3006      	MOVLW      6
0x042A	0x00FB      	MOVWF      R11
0x042B	0x3013      	MOVLW      19
0x042C	0x00FC      	MOVWF      R12
0x042D	0x30AD      	MOVLW      173
0x042E	0x00FD      	MOVWF      R13
L_main81:
0x042F	0x0BFD      	DECFSZ     R13, 1
0x0430	0x2C2F      	GOTO       L_main81
0x0431	0x0BFC      	DECFSZ     R12, 1
0x0432	0x2C2F      	GOTO       L_main81
0x0433	0x0BFB      	DECFSZ     R11, 1
0x0434	0x2C2F      	GOTO       L_main81
0x0435	0x0000      	NOP
0x0436	0x0000      	NOP
;kit2.c,323 :: 		lcd_cmd(_lcd_clear);
0x0437	0x3001      	MOVLW      1
0x0438	0x00E3      	MOVWF      FARG_Lcd_Cmd_out_char
0x0439	0x2018      	CALL       _Lcd_Cmd
;kit2.c,324 :: 		}
L_main80:
0x043A	0x1283      	BCF        STATUS, 5
;kit2.c,327 :: 		lcd_chr_cp(rfid[idx]);
0x043B	0x086B      	MOVF       _idx, 0
0x043C	0x3EAF      	ADDLW      _rfid
0x043D	0x0084      	MOVWF      FSR
0x043E	0x0800      	MOVF       INDF, 0
0x043F	0x1683      	BSF        STATUS, 5
0x0440	0x00E1      	MOVWF      FARG_Lcd_Chr_CP_out_char
0x0441	0x20A2      	CALL       _Lcd_Chr_CP
;kit2.c,328 :: 		idx++;
0x0442	0x0AEB      	INCF       _idx, 1
0x0443	0x1903      	BTFSC      STATUS, 2
0x0444	0x0AEC      	INCF       _idx+1, 1
;kit2.c,329 :: 		if(idx>=10)
0x0445	0x3080      	MOVLW      128
0x0446	0x066C      	XORWF      _idx+1, 0
0x0447	0x00F0      	MOVWF      R0
0x0448	0x3080      	MOVLW      128
0x0449	0x0270      	SUBWF      R0, 0
0x044A	0x1D03      	BTFSS      STATUS, 2
0x044B	0x2C4E      	GOTO       L__main123
0x044C	0x300A      	MOVLW      10
0x044D	0x026B      	SUBWF      _idx, 0
L__main123:
0x044E	0x1C03      	BTFSS      STATUS, 0
0x044F	0x2C5A      	GOTO       L_main82
;kit2.c,331 :: 		idx=0;
0x0450	0x01EB      	CLRF       _idx
0x0451	0x01EC      	CLRF       _idx+1
;kit2.c,332 :: 		lcd_out(1,1,"S");
0x0452	0x3001      	MOVLW      1
0x0453	0x1683      	BSF        STATUS, 5
0x0454	0x00DD      	MOVWF      FARG_Lcd_Out_row
0x0455	0x3001      	MOVLW      1
0x0456	0x00DE      	MOVWF      FARG_Lcd_Out_column
0x0457	0x3056      	MOVLW      ?lstr9_kit2
0x0458	0x00DF      	MOVWF      FARG_Lcd_Out_text
0x0459	0x20FD      	CALL       _Lcd_Out
;kit2.c,333 :: 		}
L_main82:
;kit2.c,335 :: 		}
L_main33:
;kit2.c,339 :: 		}
0x045A	0x2A4D      	GOTO       L_main25
;kit2.c,346 :: 		}
L_end_main:
0x045B	0x2C5B      	GOTO       $+0
; end of _main
0x04BA	0x3020      	MOVLW      32
0x04BB	0x0084      	MOVWF      FSR
0x04BC	0x304B      	MOVLW      75
0x04BD	0x1283      	BCF        STATUS, 5
0x04BE	0x1303      	BCF        STATUS, 6
0x04BF	0x00F0      	MOVWF      R0
0x04C0	0x3061      	MOVLW      97
0x04C1	0x00ED      	MOVWF      ___DoICPAddr
0x04C2	0x3004      	MOVLW      4
0x04C3	0x00EE      	MOVWF      110
0x04C4	0x221C      	CALL       540
0x04C5	0x30A0      	MOVLW      160
0x04C6	0x0084      	MOVWF      FSR
0x04C7	0x300B      	MOVLW      11
0x04C8	0x00F0      	MOVWF      R0
0x04C9	0x30AC      	MOVLW      172
0x04CA	0x00ED      	MOVWF      ___DoICPAddr
0x04CB	0x3004      	MOVLW      4
0x04CC	0x00EE      	MOVWF      110
0x04CD	0x221C      	CALL       540
0x04CE	0x306B      	MOVLW      107
0x04CF	0x0084      	MOVWF      FSR
0x04D0	0x3002      	MOVLW      2
0x04D1	0x00F0      	MOVWF      R0
0x04D2	0x30B7      	MOVLW      183
0x04D3	0x00ED      	MOVWF      ___DoICPAddr
0x04D4	0x3004      	MOVLW      4
0x04D5	0x00EE      	MOVWF      110
0x04D6	0x221C      	CALL       540
0x04D7	0x0008      	RETURN
;kit2.c,0 :: ?ICS?lstr1_kit2
0x0461	0x3477 ;?ICS?lstr1_kit2+0
0x0462	0x3465 ;?ICS?lstr1_kit2+1
0x0463	0x346C ;?ICS?lstr1_kit2+2
0x0464	0x3463 ;?ICS?lstr1_kit2+3
0x0465	0x346F ;?ICS?lstr1_kit2+4
0x0466	0x346D ;?ICS?lstr1_kit2+5
0x0467	0x3465 ;?ICS?lstr1_kit2+6
0x0468	0x3400 ;?ICS?lstr1_kit2+7
; end of ?ICS?lstr1_kit2
;kit2.c,0 :: ?ICS?lstr6_kit2
0x0469	0x3455 ;?ICS?lstr6_kit2+0
0x046A	0x346E ;?ICS?lstr6_kit2+1
0x046B	0x3456 ;?ICS?lstr6_kit2+2
0x046C	0x3461 ;?ICS?lstr6_kit2+3
0x046D	0x346C ;?ICS?lstr6_kit2+4
0x046E	0x3469 ;?ICS?lstr6_kit2+5
0x046F	0x3464 ;?ICS?lstr6_kit2+6
0x0470	0x3400 ;?ICS?lstr6_kit2+7
; end of ?ICS?lstr6_kit2
;kit2.c,0 :: ?ICS?lstr5_kit2
0x0471	0x3455 ;?ICS?lstr5_kit2+0
0x0472	0x3473 ;?ICS?lstr5_kit2+1
0x0473	0x3465 ;?ICS?lstr5_kit2+2
0x0474	0x3472 ;?ICS?lstr5_kit2+3
0x0475	0x3432 ;?ICS?lstr5_kit2+4
0x0476	0x3420 ;?ICS?lstr5_kit2+5
0x0477	0x343A ;?ICS?lstr5_kit2+6
0x0478	0x3420 ;?ICS?lstr5_kit2+7
0x0479	0x3430 ;?ICS?lstr5_kit2+8
0x047A	0x3433 ;?ICS?lstr5_kit2+9
0x047B	0x3430 ;?ICS?lstr5_kit2+10
0x047C	0x3430 ;?ICS?lstr5_kit2+11
0x047D	0x3432 ;?ICS?lstr5_kit2+12
0x047E	0x3445 ;?ICS?lstr5_kit2+13
0x047F	0x3432 ;?ICS?lstr5_kit2+14
0x0480	0x3438 ;?ICS?lstr5_kit2+15
0x0481	0x3433 ;?ICS?lstr5_kit2+16
0x0482	0x3438 ;?ICS?lstr5_kit2+17
0x0483	0x3400 ;?ICS?lstr5_kit2+18
; end of ?ICS?lstr5_kit2
;kit2.c,0 :: ?ICS?lstr7_kit2
0x0484	0x3455 ;?ICS?lstr7_kit2+0
0x0485	0x3473 ;?ICS?lstr7_kit2+1
0x0486	0x3465 ;?ICS?lstr7_kit2+2
0x0487	0x3472 ;?ICS?lstr7_kit2+3
0x0488	0x3431 ;?ICS?lstr7_kit2+4
0x0489	0x3420 ;?ICS?lstr7_kit2+5
0x048A	0x343A ;?ICS?lstr7_kit2+6
0x048B	0x3420 ;?ICS?lstr7_kit2+7
0x048C	0x3430 ;?ICS?lstr7_kit2+8
0x048D	0x3433 ;?ICS?lstr7_kit2+9
0x048E	0x3430 ;?ICS?lstr7_kit2+10
0x048F	0x3430 ;?ICS?lstr7_kit2+11
0x0490	0x3432 ;?ICS?lstr7_kit2+12
0x0491	0x3445 ;?ICS?lstr7_kit2+13
0x0492	0x3439 ;?ICS?lstr7_kit2+14
0x0493	0x3430 ;?ICS?lstr7_kit2+15
0x0494	0x3442 ;?ICS?lstr7_kit2+16
0x0495	0x3430 ;?ICS?lstr7_kit2+17
0x0496	0x3400 ;?ICS?lstr7_kit2+18
; end of ?ICS?lstr7_kit2
;kit2.c,0 :: ?ICS?lstr9_kit2
0x0497	0x3453 ;?ICS?lstr9_kit2+0
0x0498	0x3400 ;?ICS?lstr9_kit2+1
; end of ?ICS?lstr9_kit2
;kit2.c,0 :: ?ICS?lstr8_kit2
0x0499	0x3456 ;?ICS?lstr8_kit2+0
0x049A	0x3461 ;?ICS?lstr8_kit2+1
0x049B	0x346C ;?ICS?lstr8_kit2+2
0x049C	0x3469 ;?ICS?lstr8_kit2+3
0x049D	0x3464 ;?ICS?lstr8_kit2+4
0x049E	0x3400 ;?ICS?lstr8_kit2+5
; end of ?ICS?lstr8_kit2
;kit2.c,0 :: ?ICS?lstr3_kit2
0x049F	0x3464 ;?ICS?lstr3_kit2+0
0x04A0	0x3461 ;?ICS?lstr3_kit2+1
0x04A1	0x3474 ;?ICS?lstr3_kit2+2
0x04A2	0x3461 ;?ICS?lstr3_kit2+3
0x04A3	0x3420 ;?ICS?lstr3_kit2+4
0x04A4	0x3474 ;?ICS?lstr3_kit2+5
0x04A5	0x3478 ;?ICS?lstr3_kit2+6
0x04A6	0x3420 ;?ICS?lstr3_kit2+7
0x04A7	0x3420 ;?ICS?lstr3_kit2+8
0x04A8	0x3420 ;?ICS?lstr3_kit2+9
0x04A9	0x3400 ;?ICS?lstr3_kit2+10
; end of ?ICS?lstr3_kit2
;kit2.c,0 :: ?ICS?lstr2_kit2
0x04AA	0x3453 ;?ICS?lstr2_kit2+0
0x04AB	0x3400 ;?ICS?lstr2_kit2+1
; end of ?ICS?lstr2_kit2
;kit2.c,0 :: ?ICS?lstr4_kit2
0x04AC	0x346E ;?ICS?lstr4_kit2+0
0x04AD	0x346F ;?ICS?lstr4_kit2+1
0x04AE	0x3420 ;?ICS?lstr4_kit2+2
0x04AF	0x3464 ;?ICS?lstr4_kit2+3
0x04B0	0x3461 ;?ICS?lstr4_kit2+4
0x04B1	0x3474 ;?ICS?lstr4_kit2+5
0x04B2	0x3461 ;?ICS?lstr4_kit2+6
0x04B3	0x3420 ;?ICS?lstr4_kit2+7
0x04B4	0x3474 ;?ICS?lstr4_kit2+8
0x04B5	0x3478 ;?ICS?lstr4_kit2+9
0x04B6	0x3400 ;?ICS?lstr4_kit2+10
; end of ?ICS?lstr4_kit2
;kit2.c,0 :: ?ICS_idx
0x04B7	0x3400 ;?ICS_idx+0
0x04B8	0x3400 ;?ICS_idx+1
; end of ?ICS_idx
Symbol List:
//** Routines locations **
//ADDRESS    SIZE    PROCEDURE
//----------------------------------------------
0x0003       [2]    _Delay_1us
0x0005       [8]    _Delay_50us
0x000D      [11]    _Delay_5500us
0x0018      [87]    _Lcd_Cmd
0x006F      [51]    _rw_register
0x00A2       [9]    _Lcd_Chr_CP
0x00AB       [7]    _____DoICP
0x00B2      [26]    _read_add
0x00CC      [26]    _write_add
0x00E6      [16]    _UART1_Init
0x00F6       [7]    _UART1_Data_Ready
0x00FD      [67]    _Lcd_Out
0x0140      [31]    _write_tx
0x015F      [78]    _Lcd_Init
0x01AD      [11]    _UART1_Read
0x01B8      [14]    _reset
0x01C6      [86]    _nrf24_config
0x021C      [12]    ___CC2DW
0x0228     [563]    _main
//** Variables locations ** 
//ADDRESS    SIZE    VARIABLE
//----------------------------------------------
0x0000       [1]    INDF
0x0002       [1]    PCL
0x0003       [1]    STATUS
0x0004       [1]    FSR
0x0006       [0]    RB1_bit
0x0006       [0]    RB2_bit
0x0006       [0]    RB0_bit
0x0006       [0]    RB3_bit
0x0006       [0]    LCD_D5
0x0006       [0]    LCD_D4
0x0006       [0]    LCD_D6
0x0006       [0]    LCD_D7
0x0006       [0]    RB5_bit
0x0006       [0]    RB4_bit
0x0006       [0]    RB6_bit
0x0006       [0]    LCD_EN
0x0006       [0]    LCD_RS
0x0007       [0]    RC4_bit
0x0007       [0]    RC3_bit
0x0007       [0]    RC2_bit
0x0007       [0]    RC1_bit
0x0007       [0]    CSK
0x0007       [0]    MISO
0x0007       [0]    MOSI
0x0007       [0]    RC0_bit
0x0007       [0]    CE
0x0007       [0]    CSN
0x000A       [1]    PCLATH
0x000C       [1]    PIR1
0x0018       [1]    RCSTA
0x001A       [1]    RCREG
0x0020       [8]    ?lstr1_kit2
0x0028       [8]    ?lstr6_kit2
0x0030      [19]    ?lstr5_kit2
0x0043      [19]    ?lstr7_kit2
0x0056       [2]    ?lstr9_kit2
0x0058       [6]    ?lstr8_kit2
0x005E      [11]    ?lstr3_kit2
0x0069       [2]    ?lstr2_kit2
0x006B       [2]    _idx
0x006D       [2]    ___DoICPAddr
0x006F       [0]    __Lib_Lcd_cmd_status
0x0070       [1]    R0
0x0071       [1]    R1
0x0072       [1]    R2
0x0073       [1]    R3
0x0074       [1]    R4
0x0075       [1]    R5
0x0076       [1]    R6
0x0077       [1]    R7
0x0078       [1]    R8
0x0079       [1]    R9
0x007A       [1]    R10
0x007B       [1]    R11
0x007C       [1]    R12
0x007D       [1]    R13
0x007E       [1]    R14
0x007F       [1]    R15
0x0086       [1]    TRISB
0x0086       [0]    TRISB3_bit
0x0086       [0]    TRISB2_bit
0x0086       [0]    TRISB1_bit
0x0086       [0]    TRISB4_bit
0x0086       [0]    TRISB6_bit
0x0086       [0]    TRISB5_bit
0x0086       [0]    LCD_D5_Direction
0x0086       [0]    LCD_D6_Direction
0x0086       [0]    LCD_D7_Direction
0x0086       [0]    LCD_D4_Direction
0x0086       [0]    LCD_RS_Direction
0x0086       [0]    LCD_EN_Direction
0x0087       [0]    TRISC3_bit
0x0087       [0]    TRISC2_bit
0x0087       [0]    TRISC4_bit
0x0087       [0]    TRISC7_bit
0x0087       [0]    TRISC6_bit
0x0087       [0]    CSK_DIR
0x0087       [0]    MOSI_DIR
0x0087       [0]    MISO_DIR
0x0087       [0]    CSN_DIR
0x0087       [0]    TRISC1_bit
0x0087       [0]    TRISC0_bit
0x0087       [0]    CE_DIR
0x0098       [1]    TXSTA
0x0099       [1]    SPBRG
0x00A0      [11]    ?lstr4_kit2
0x00AB       [2]    _valid1
0x00AD       [2]    _valid2
0x00AF      [11]    _rfid
0x00BA       [2]    main_temp1_L0
0x00BC      [32]    main_test_L0
0x00DC       [1]    FLOC__main
0x00DD       [1]    FARG_write_tx_add
0x00DD       [1]    FARG_Lcd_Out_row
0x00DE       [1]    FARG_Lcd_Out_column
0x00DE       [1]    FARG_write_tx_buffer
0x00DF       [1]    FARG_write_tx_bytes
0x00DF       [1]    FARG_Lcd_Out_text
0x00E0       [1]    Lcd_Out_i_L0
0x00E0       [1]    write_tx_counter_L0
0x00E1       [1]    FARG_write_add_add
0x00E1       [1]    FARG_read_add_add
0x00E1       [1]    FARG_Lcd_Chr_CP_out_char
0x00E2       [1]    FARG_write_add_value
0x00E2       [1]    read_add_value_L0
0x00E3       [1]    FARG_rw_register_add
0x00E3       [1]    FARG_Lcd_Cmd_out_char
0x00E4       [1]    rw_register_rec_L0
//** Constants locations ** 
//ADDRESS    SIZE    CONSTANT
//----------------------------------------------
0x0461       [8]    ?ICS?lstr1_kit2
0x0469       [8]    ?ICS?lstr6_kit2
0x0471      [19]    ?ICS?lstr5_kit2
0x0484      [19]    ?ICS?lstr7_kit2
0x0497       [2]    ?ICS?lstr9_kit2
0x0499       [6]    ?ICS?lstr8_kit2
0x049F      [11]    ?ICS?lstr3_kit2
0x04AA       [2]    ?ICS?lstr2_kit2
0x04AC      [11]    ?ICS?lstr4_kit2
0x04B7       [2]    ?ICS_idx
//** Label List: ** 
//----------------------------------------------
  L_rw_register0
  L_rw_register1
  L_rw_register2
  L_read_add3
  L_read_add4
  L_write_add5
  L_write_add6
  L_read_buff7
  L_read_buff8
  L_read_buff9
  L_read_buff10
  L_read_buff11
  L_write_buff12
  L_write_buff13
  L_write_buff14
  L_write_buff15
  L_write_buff16
  L_write_tx17
  L_write_tx18
  L_write_tx19
  L_write_tx20
  L_write_tx21
  L_nrf24_config22
  L_nrf24_config23
  L_nrf24_config24
  L_main25
  L_main26
  L_main27
  L_main28
  L_main29
  L_main30
  L_main31
  L_main32
  L_main33
  L_main34
  L_main35
  L_main36
  L_main37
  L_main38
  L_main39
  L_main40
  L_main41
  L_main42
  L_main43
  L_main44
  L_main45
  L_main46
  L_main47
  L_main48
  L_main49
  L_main50
  L_main51
  L_main52
  L_main53
  L_main54
  L_main55
  L_main56
  L_main57
  L_main58
  L_main59
  L_main60
  L_main61
  L_main62
  L_main63
  L_main64
  L_main65
  L_main66
  L_main67
  L_main68
  L_main69
  L_main70
  L_main71
  L_main72
  L_main73
  L_main74
  L_main75
  L_main76
  L_main77
  L_main78
  L_main79
  L_main80
  L_main81
  L_main82
  L__main83
  L__main84
  L__main85
  L__main86
  L__main87
  L__main88
  L__main89
  L__main90
  L__main91
  L__main92
  L__main93
  L_end_rw_register
  _rw_register
  L__rw_register95
  L__rw_register96
  L__rw_register97
  L__rw_register98
  L_end_read_add
  _read_add
  L_end_write_add
  _write_add
  L_end_read_buff
  _read_buff
  L_end_write_buff
  _write_buff
  L_end_write_tx
  _write_tx
  L_end_nrf24_config
  _nrf24_config
  L_end_reset
  _reset
  L_end_main
  _main
  L__main107
  L__main108
  L__main109
  L__main110
  L__main111
  L__main112
  L__main113
  L__main114
  L__main115
  L__main116
  L__main117
  L__main118
  L__main119
  L__main120
  L__main121
  L__main122
  L__main123
  L_Delay_10us0
  L_Delay_22us1
  L_Delay_50us2
  L_Delay_80us3
  L_Delay_500us4
  L_Delay_5500us5
  L_Delay_1ms6
  L_Delay_5ms7
  L_Delay_8ms8
  L_Delay_10ms9
  L_Delay_100ms10
  L_Delay_1sec11
  L_boot16_Delay_5ms12
  L_Delay_Cyc13
  L_Delay_Cyc14
  L_VDelay_ms15
  L_VDelay_ms16
  L_VDelay_ms17
  L_VDelay_Advanced_ms18
  L_VDelay_Advanced_ms19
  L_VDelay_Advanced_ms20
  L_end_Get_Fosc_kHz
  _Get_Fosc_kHz
  L_end_Delay_1us
  _Delay_1us
  L_end_Delay_10us
  _Delay_10us
  L_end_Delay_22us
  _Delay_22us
  L_end_Delay_50us
  _Delay_50us
  L_end_Delay_80us
  _Delay_80us
  L_end_Delay_500us
  _Delay_500us
  L_end_Delay_5500us
  _Delay_5500us
  L_end_Delay_1ms
  _Delay_1ms
  L_end_Delay_5ms
  _Delay_5ms
  L_end_Delay_8ms
  _Delay_8ms
  L_end_Delay_10ms
  _Delay_10ms
  L_end_Delay_100ms
  _Delay_100ms
  L_end_Delay_1sec
  _Delay_1sec
  L_end_boot16_Delay_5ms
  _boot16_Delay_5ms
  L_end_Delay_Cyc
  _Delay_Cyc
  L_end_VDelay_ms
  _VDelay_ms
  L__VDelay_ms38
  L__VDelay_ms39
  L__VDelay_ms40
  L_end_VDelay_Advanced_ms
  _VDelay_Advanced_ms
  L__VDelay_Advanced_ms42
  L__VDelay_Advanced_ms43
  L__VDelay_Advanced_ms44
  L_Lcd_Cmd0
  L_Lcd_Cmd1
  L_Lcd_Out_CP2
  L_Lcd_Out_CP3
  L_Lcd_Chr4
  L_Lcd_Chr5
  L_Lcd_Chr6
  L_Lcd_Chr7
  L_Lcd_Chr8
  L_Lcd_Chr9
  L_Lcd_Chr10
  L_Lcd_Out11
  L_Lcd_Out12
  L_Lcd_Out13
  L_Lcd_Out14
  L_Lcd_Out15
  L_Lcd_Out16
  L_Lcd_Out17
  L_Lcd_Out18
  L_Lcd_Out19
  L_end_Lcd_Cmd
  _Lcd_Cmd
  L__Lcd_Cmd21
  L__Lcd_Cmd22
  L__Lcd_Cmd23
  L__Lcd_Cmd24
  L__Lcd_Cmd25
  L__Lcd_Cmd26
  L__Lcd_Cmd27
  L__Lcd_Cmd28
  L__Lcd_Cmd29
  L__Lcd_Cmd30
  L__Lcd_Cmd31
  L__Lcd_Cmd32
  L__Lcd_Cmd33
  L__Lcd_Cmd34
  L__Lcd_Cmd35
  L__Lcd_Cmd36
  L__Lcd_Cmd37
  L__Lcd_Cmd38
  L__Lcd_Cmd39
  L__Lcd_Cmd40
  L_end_Lcd_Chr_CP
  _Lcd_Chr_CP
  L_end_Lcd_Out_CP
  _Lcd_Out_CP
  L_end_Lcd_Chr
  _Lcd_Chr
  L_end_Lcd_Init
  _Lcd_Init
  L_end_Lcd_Out
  _Lcd_Out
  L_loopCA2AWs
  L_CA2AWend
  _CCA2AW_Loop1
  L_loopCS2Ss
  L_CS2Send
  _CCS2S_Loop1
  L_CCS2Send
  L_loopFZinSWs
  L_FZinSend
  _CC2D_Loop1
  L_end_____DoICP
  _____DoICP
  L_end_____DoIFC
  _____DoIFC
  L_end___CA2AW
  ___CA2AW
  L_end___CCA2AW
  ___CCA2AW
  L_end___CS2S
  ___CS2S
  L_end___CCS2S
  ___CCS2S
  L_end___FZinS
  ___FZinS
  L_end___CC2DW
  ___CC2DW
  L_end_Swap
  _Swap
  L_UART1_Init0
  L_UART1_Init1
  L_UART1_Read2
  L_UART1_Write3
  L_UART1_Write4
  L_UART1_Write_Text5
  L_UART1_Write_Text6
  L_UART1_Read_Text7
  L_UART1_Read_Text8
  L_UART1_Read_Text9
  L_UART1_Read_Text10
  L_UART1_Read_Text11
  L_UART1_Read_Text12
  L_UART1_Read_Text13
  L_UART1_Read_Text14
  L_UART1_Read_Text15
  L_end_UART1_Init
  _UART1_Init
  L_end_UART1_Data_Ready
  _UART1_Data_Ready
  L_end_UART1_Read
  _UART1_Read
  L_end_UART1_Tx_Idle
  _UART1_Tx_Idle
  L_end_UART1_Write
  _UART1_Write
  L_end_UART1_Write_Text
  _UART1_Write_Text
  L_end_UART1_Read_Text
  _UART1_Read_Text
