;  LST file generated by mikroListExporter - v.2.0 
; Date/Time: 6/25/2014 2:03:47 PM
;----------------------------------------------

;Address Opcode 	ASM
0x0000	0x293E      	GOTO       318
_Delay_1us:
;__Lib_Delays.c,7 :: 		void Delay_1us() {
;__Lib_Delays.c,8 :: 		Delay_us(1);
0x0003	0x0000      	NOP
;__Lib_Delays.c,9 :: 		}
0x0004	0x0008      	RETURN
; end of _Delay_1us
_Delay_50us:
;__Lib_Delays.c,19 :: 		void Delay_50us() {
;__Lib_Delays.c,20 :: 		Delay_us(50);
0x0005	0x3010      	MOVLW      16
0x0006	0x1283      	BCF        STATUS, 5
0x0007	0x1303      	BCF        STATUS, 6
0x0008	0x00FD      	MOVWF      R13
L_Delay_50us2:
0x0009	0x0BFD      	DECFSZ     R13, 1
0x000A	0x2809      	GOTO       L_Delay_50us2
0x000B	0x0000      	NOP
;__Lib_Delays.c,21 :: 		}
0x000C	0x0008      	RETURN
; end of _Delay_50us
_Delay_5500us:
;__Lib_Delays.c,31 :: 		void Delay_5500us() {
;__Lib_Delays.c,32 :: 		Delay_us(5500);
0x000D	0x3008      	MOVLW      8
0x000E	0x1283      	BCF        STATUS, 5
0x000F	0x1303      	BCF        STATUS, 6
0x0010	0x00FC      	MOVWF      R12
0x0011	0x3023      	MOVLW      35
0x0012	0x00FD      	MOVWF      R13
L_Delay_5500us5:
0x0013	0x0BFD      	DECFSZ     R13, 1
0x0014	0x2813      	GOTO       L_Delay_5500us5
0x0015	0x0BFC      	DECFSZ     R12, 1
0x0016	0x2813      	GOTO       L_Delay_5500us5
;__Lib_Delays.c,33 :: 		}
0x0017	0x0008      	RETURN
; end of _Delay_5500us
_Lcd_Cmd:
;__Lib_Lcd.c,18 :: 		
;__Lib_Lcd.c,20 :: 		
0x0018	0x1683      	BSF        STATUS, 5
0x0019	0x1303      	BCF        STATUS, 6
0x001A	0x1BAA      	BTFSC      FARG_Lcd_Cmd_out_char, 7
0x001B	0x281F      	GOTO       L__Lcd_Cmd21
0x001C	0x1283      	BCF        STATUS, 5
0x001D	0x1306      	BCF        LCD_D7, BitPos(LCD_D7+0)
0x001E	0x2821      	GOTO       L__Lcd_Cmd22
L__Lcd_Cmd21:
0x001F	0x1283      	BCF        STATUS, 5
0x0020	0x1706      	BSF        LCD_D7, BitPos(LCD_D7+0)
L__Lcd_Cmd22:
;__Lib_Lcd.c,21 :: 		
0x0021	0x1683      	BSF        STATUS, 5
0x0022	0x1B2A      	BTFSC      FARG_Lcd_Cmd_out_char, 6
0x0023	0x2827      	GOTO       L__Lcd_Cmd23
0x0024	0x1283      	BCF        STATUS, 5
0x0025	0x1286      	BCF        LCD_D6, BitPos(LCD_D6+0)
0x0026	0x2829      	GOTO       L__Lcd_Cmd24
L__Lcd_Cmd23:
0x0027	0x1283      	BCF        STATUS, 5
0x0028	0x1686      	BSF        LCD_D6, BitPos(LCD_D6+0)
L__Lcd_Cmd24:
;__Lib_Lcd.c,22 :: 		
0x0029	0x1683      	BSF        STATUS, 5
0x002A	0x1AAA      	BTFSC      FARG_Lcd_Cmd_out_char, 5
0x002B	0x282F      	GOTO       L__Lcd_Cmd25
0x002C	0x1283      	BCF        STATUS, 5
0x002D	0x1206      	BCF        LCD_D5, BitPos(LCD_D5+0)
0x002E	0x2831      	GOTO       L__Lcd_Cmd26
L__Lcd_Cmd25:
0x002F	0x1283      	BCF        STATUS, 5
0x0030	0x1606      	BSF        LCD_D5, BitPos(LCD_D5+0)
L__Lcd_Cmd26:
;__Lib_Lcd.c,23 :: 		
0x0031	0x1683      	BSF        STATUS, 5
0x0032	0x1A2A      	BTFSC      FARG_Lcd_Cmd_out_char, 4
0x0033	0x2837      	GOTO       L__Lcd_Cmd27
0x0034	0x1283      	BCF        STATUS, 5
0x0035	0x1186      	BCF        LCD_D4, BitPos(LCD_D4+0)
0x0036	0x2839      	GOTO       L__Lcd_Cmd28
L__Lcd_Cmd27:
0x0037	0x1283      	BCF        STATUS, 5
0x0038	0x1586      	BSF        LCD_D4, BitPos(LCD_D4+0)
L__Lcd_Cmd28:
;__Lib_Lcd.c,25 :: 		
0x0039	0x186F      	BTFSC      __Lib_Lcd_cmd_status, BitPos(__Lib_Lcd_cmd_status+0)
0x003A	0x283D      	GOTO       L__Lcd_Cmd29
0x003B	0x1486      	BSF        LCD_RS, BitPos(LCD_RS+0)
0x003C	0x283E      	GOTO       L__Lcd_Cmd30
L__Lcd_Cmd29:
0x003D	0x1086      	BCF        LCD_RS, BitPos(LCD_RS+0)
L__Lcd_Cmd30:
;__Lib_Lcd.c,28 :: 		
0x003E	0x1506      	BSF        LCD_EN, BitPos(LCD_EN+0)
;__Lib_Lcd.c,29 :: 		
0x003F	0x2003      	CALL       _Delay_1us
;__Lib_Lcd.c,30 :: 		
0x0040	0x1106      	BCF        LCD_EN, BitPos(LCD_EN+0)
;__Lib_Lcd.c,33 :: 		
0x0041	0x1683      	BSF        STATUS, 5
0x0042	0x19AA      	BTFSC      FARG_Lcd_Cmd_out_char, 3
0x0043	0x2847      	GOTO       L__Lcd_Cmd31
0x0044	0x1283      	BCF        STATUS, 5
0x0045	0x1306      	BCF        LCD_D7, BitPos(LCD_D7+0)
0x0046	0x2849      	GOTO       L__Lcd_Cmd32
L__Lcd_Cmd31:
0x0047	0x1283      	BCF        STATUS, 5
0x0048	0x1706      	BSF        LCD_D7, BitPos(LCD_D7+0)
L__Lcd_Cmd32:
;__Lib_Lcd.c,34 :: 		
0x0049	0x1683      	BSF        STATUS, 5
0x004A	0x192A      	BTFSC      FARG_Lcd_Cmd_out_char, 2
0x004B	0x284F      	GOTO       L__Lcd_Cmd33
0x004C	0x1283      	BCF        STATUS, 5
0x004D	0x1286      	BCF        LCD_D6, BitPos(LCD_D6+0)
0x004E	0x2851      	GOTO       L__Lcd_Cmd34
L__Lcd_Cmd33:
0x004F	0x1283      	BCF        STATUS, 5
0x0050	0x1686      	BSF        LCD_D6, BitPos(LCD_D6+0)
L__Lcd_Cmd34:
;__Lib_Lcd.c,35 :: 		
0x0051	0x1683      	BSF        STATUS, 5
0x0052	0x18AA      	BTFSC      FARG_Lcd_Cmd_out_char, 1
0x0053	0x2857      	GOTO       L__Lcd_Cmd35
0x0054	0x1283      	BCF        STATUS, 5
0x0055	0x1206      	BCF        LCD_D5, BitPos(LCD_D5+0)
0x0056	0x2859      	GOTO       L__Lcd_Cmd36
L__Lcd_Cmd35:
0x0057	0x1283      	BCF        STATUS, 5
0x0058	0x1606      	BSF        LCD_D5, BitPos(LCD_D5+0)
L__Lcd_Cmd36:
;__Lib_Lcd.c,36 :: 		
0x0059	0x1683      	BSF        STATUS, 5
0x005A	0x182A      	BTFSC      FARG_Lcd_Cmd_out_char, 0
0x005B	0x285F      	GOTO       L__Lcd_Cmd37
0x005C	0x1283      	BCF        STATUS, 5
0x005D	0x1186      	BCF        LCD_D4, BitPos(LCD_D4+0)
0x005E	0x2861      	GOTO       L__Lcd_Cmd38
L__Lcd_Cmd37:
0x005F	0x1283      	BCF        STATUS, 5
0x0060	0x1586      	BSF        LCD_D4, BitPos(LCD_D4+0)
L__Lcd_Cmd38:
;__Lib_Lcd.c,38 :: 		
0x0061	0x186F      	BTFSC      __Lib_Lcd_cmd_status, BitPos(__Lib_Lcd_cmd_status+0)
0x0062	0x2865      	GOTO       L__Lcd_Cmd39
0x0063	0x1486      	BSF        LCD_RS, BitPos(LCD_RS+0)
0x0064	0x2866      	GOTO       L__Lcd_Cmd40
L__Lcd_Cmd39:
0x0065	0x1086      	BCF        LCD_RS, BitPos(LCD_RS+0)
L__Lcd_Cmd40:
;__Lib_Lcd.c,40 :: 		
0x0066	0x1506      	BSF        LCD_EN, BitPos(LCD_EN+0)
;__Lib_Lcd.c,41 :: 		
0x0067	0x2003      	CALL       _Delay_1us
;__Lib_Lcd.c,42 :: 		
0x0068	0x1106      	BCF        LCD_EN, BitPos(LCD_EN+0)
;__Lib_Lcd.c,44 :: 		
0x0069	0x1C6F      	BTFSS      __Lib_Lcd_cmd_status, BitPos(__Lib_Lcd_cmd_status+0)
0x006A	0x286D      	GOTO       L_Lcd_Cmd0
;__Lib_Lcd.c,45 :: 		
0x006B	0x200D      	CALL       _Delay_5500us
0x006C	0x286E      	GOTO       L_Lcd_Cmd1
L_Lcd_Cmd0:
;__Lib_Lcd.c,47 :: 		
0x006D	0x2005      	CALL       _Delay_50us
L_Lcd_Cmd1:
;__Lib_Lcd.c,48 :: 		
L_end_Lcd_Cmd:
0x006E	0x0008      	RETURN
; end of _Lcd_Cmd
_Lcd_Chr_CP:
;__Lib_Lcd.c,50 :: 		
;__Lib_Lcd.c,52 :: 		
0x006F	0x1283      	BCF        STATUS, 5
0x0070	0x1303      	BCF        STATUS, 6
0x0071	0x106F      	BCF        __Lib_Lcd_cmd_status, BitPos(__Lib_Lcd_cmd_status+0)
;__Lib_Lcd.c,53 :: 		
0x0072	0x1683      	BSF        STATUS, 5
0x0073	0x0829      	MOVF       FARG_Lcd_Chr_CP_out_char, 0
0x0074	0x00AA      	MOVWF      FARG_Lcd_Cmd_out_char
0x0075	0x2018      	CALL       _Lcd_Cmd
;__Lib_Lcd.c,54 :: 		
0x0076	0x146F      	BSF        __Lib_Lcd_cmd_status, BitPos(__Lib_Lcd_cmd_status+0)
;__Lib_Lcd.c,55 :: 		
L_end_Lcd_Chr_CP:
0x0077	0x0008      	RETURN
; end of _Lcd_Chr_CP
_____DoICP:
;__Lib_System.c,6 :: 		
;__Lib_System.c,9 :: 		
0x0078	0x1283      	BCF        STATUS, 5
0x0079	0x1303      	BCF        STATUS, 6
0x007A	0x0863      	MOVF       ___DoICPAddr+1, 0
0x007B	0x008A      	MOVWF      PCLATH
;__Lib_System.c,10 :: 		
0x007C	0x0862      	MOVF       ___DoICPAddr, 0
0x007D	0x0082      	MOVWF      PCL
;__Lib_System.c,12 :: 		
L_end_____DoICP:
0x007E	0x0008      	RETURN
; end of _____DoICP
_Lcd_Init:
;__Lib_Lcd.c,84 :: 		
;__Lib_Lcd.c,86 :: 		
0x007F	0x1683      	BSF        STATUS, 5
0x0080	0x1303      	BCF        STATUS, 6
0x0081	0x1106      	BCF        LCD_EN_Direction, BitPos(LCD_EN_Direction+0)
;__Lib_Lcd.c,87 :: 		
0x0082	0x1086      	BCF        LCD_RS_Direction, BitPos(LCD_RS_Direction+0)
;__Lib_Lcd.c,88 :: 		
0x0083	0x1186      	BCF        LCD_D4_Direction, BitPos(LCD_D4_Direction+0)
;__Lib_Lcd.c,89 :: 		
0x0084	0x1206      	BCF        LCD_D5_Direction, BitPos(LCD_D5_Direction+0)
;__Lib_Lcd.c,90 :: 		
0x0085	0x1286      	BCF        LCD_D6_Direction, BitPos(LCD_D6_Direction+0)
;__Lib_Lcd.c,91 :: 		
0x0086	0x1306      	BCF        LCD_D7_Direction, BitPos(LCD_D7_Direction+0)
;__Lib_Lcd.c,93 :: 		
0x0087	0x1283      	BCF        STATUS, 5
0x0088	0x1106      	BCF        LCD_EN, BitPos(LCD_EN+0)
;__Lib_Lcd.c,94 :: 		
0x0089	0x1086      	BCF        LCD_RS, BitPos(LCD_RS+0)
;__Lib_Lcd.c,95 :: 		
0x008A	0x1306      	BCF        LCD_D7, BitPos(LCD_D7+0)
;__Lib_Lcd.c,96 :: 		
0x008B	0x1286      	BCF        LCD_D6, BitPos(LCD_D6+0)
;__Lib_Lcd.c,97 :: 		
0x008C	0x1206      	BCF        LCD_D5, BitPos(LCD_D5+0)
;__Lib_Lcd.c,98 :: 		
0x008D	0x1186      	BCF        LCD_D4, BitPos(LCD_D4+0)
;__Lib_Lcd.c,100 :: 		
0x008E	0x200D      	CALL       _Delay_5500us
;__Lib_Lcd.c,101 :: 		
0x008F	0x200D      	CALL       _Delay_5500us
;__Lib_Lcd.c,102 :: 		
0x0090	0x200D      	CALL       _Delay_5500us
;__Lib_Lcd.c,105 :: 		
0x0091	0x1606      	BSF        LCD_D5, BitPos(LCD_D5+0)
;__Lib_Lcd.c,106 :: 		
0x0092	0x1586      	BSF        LCD_D4, BitPos(LCD_D4+0)
;__Lib_Lcd.c,107 :: 		
0x0093	0x1506      	BSF        LCD_EN, BitPos(LCD_EN+0)
;__Lib_Lcd.c,108 :: 		
0x0094	0x2003      	CALL       _Delay_1us
;__Lib_Lcd.c,109 :: 		
0x0095	0x1106      	BCF        LCD_EN, BitPos(LCD_EN+0)
;__Lib_Lcd.c,110 :: 		
0x0096	0x200D      	CALL       _Delay_5500us
;__Lib_Lcd.c,112 :: 		
0x0097	0x1506      	BSF        LCD_EN, BitPos(LCD_EN+0)
;__Lib_Lcd.c,113 :: 		
0x0098	0x2003      	CALL       _Delay_1us
;__Lib_Lcd.c,114 :: 		
0x0099	0x1106      	BCF        LCD_EN, BitPos(LCD_EN+0)
;__Lib_Lcd.c,115 :: 		
0x009A	0x200D      	CALL       _Delay_5500us
;__Lib_Lcd.c,117 :: 		
0x009B	0x1506      	BSF        LCD_EN, BitPos(LCD_EN+0)
;__Lib_Lcd.c,118 :: 		
0x009C	0x2003      	CALL       _Delay_1us
;__Lib_Lcd.c,119 :: 		
0x009D	0x1106      	BCF        LCD_EN, BitPos(LCD_EN+0)
;__Lib_Lcd.c,120 :: 		
0x009E	0x200D      	CALL       _Delay_5500us
;__Lib_Lcd.c,123 :: 		
0x009F	0x1186      	BCF        LCD_D4, BitPos(LCD_D4+0)
;__Lib_Lcd.c,124 :: 		
0x00A0	0x1506      	BSF        LCD_EN, BitPos(LCD_EN+0)
;__Lib_Lcd.c,125 :: 		
0x00A1	0x2003      	CALL       _Delay_1us
;__Lib_Lcd.c,126 :: 		
0x00A2	0x1106      	BCF        LCD_EN, BitPos(LCD_EN+0)
;__Lib_Lcd.c,127 :: 		
0x00A3	0x200D      	CALL       _Delay_5500us
;__Lib_Lcd.c,130 :: 		
0x00A4	0x1506      	BSF        LCD_EN, BitPos(LCD_EN+0)
;__Lib_Lcd.c,131 :: 		
0x00A5	0x2003      	CALL       _Delay_1us
;__Lib_Lcd.c,132 :: 		
0x00A6	0x1106      	BCF        LCD_EN, BitPos(LCD_EN+0)
;__Lib_Lcd.c,134 :: 		
0x00A7	0x1206      	BCF        LCD_D5, BitPos(LCD_D5+0)
;__Lib_Lcd.c,135 :: 		
0x00A8	0x1706      	BSF        LCD_D7, BitPos(LCD_D7+0)
;__Lib_Lcd.c,136 :: 		
0x00A9	0x1506      	BSF        LCD_EN, BitPos(LCD_EN+0)
;__Lib_Lcd.c,137 :: 		
0x00AA	0x2003      	CALL       _Delay_1us
;__Lib_Lcd.c,138 :: 		
0x00AB	0x1106      	BCF        LCD_EN, BitPos(LCD_EN+0)
;__Lib_Lcd.c,139 :: 		
0x00AC	0x200D      	CALL       _Delay_5500us
;__Lib_Lcd.c,142 :: 		
0x00AD	0x1306      	BCF        LCD_D7, BitPos(LCD_D7+0)
;__Lib_Lcd.c,143 :: 		
0x00AE	0x1586      	BSF        LCD_D4, BitPos(LCD_D4+0)
;__Lib_Lcd.c,144 :: 		
0x00AF	0x1506      	BSF        LCD_EN, BitPos(LCD_EN+0)
;__Lib_Lcd.c,145 :: 		
0x00B0	0x2003      	CALL       _Delay_1us
;__Lib_Lcd.c,146 :: 		
0x00B1	0x1106      	BCF        LCD_EN, BitPos(LCD_EN+0)
;__Lib_Lcd.c,148 :: 		
0x00B2	0x1186      	BCF        LCD_D4, BitPos(LCD_D4+0)
;__Lib_Lcd.c,149 :: 		
0x00B3	0x1506      	BSF        LCD_EN, BitPos(LCD_EN+0)
;__Lib_Lcd.c,150 :: 		
0x00B4	0x2003      	CALL       _Delay_1us
;__Lib_Lcd.c,151 :: 		
0x00B5	0x1106      	BCF        LCD_EN, BitPos(LCD_EN+0)
;__Lib_Lcd.c,152 :: 		
0x00B6	0x200D      	CALL       _Delay_5500us
;__Lib_Lcd.c,155 :: 		
0x00B7	0x1506      	BSF        LCD_EN, BitPos(LCD_EN+0)
;__Lib_Lcd.c,156 :: 		
0x00B8	0x2003      	CALL       _Delay_1us
;__Lib_Lcd.c,157 :: 		
0x00B9	0x1106      	BCF        LCD_EN, BitPos(LCD_EN+0)
;__Lib_Lcd.c,159 :: 		
0x00BA	0x1586      	BSF        LCD_D4, BitPos(LCD_D4+0)
;__Lib_Lcd.c,160 :: 		
0x00BB	0x1506      	BSF        LCD_EN, BitPos(LCD_EN+0)
;__Lib_Lcd.c,161 :: 		
0x00BC	0x2003      	CALL       _Delay_1us
;__Lib_Lcd.c,162 :: 		
0x00BD	0x1106      	BCF        LCD_EN, BitPos(LCD_EN+0)
;__Lib_Lcd.c,163 :: 		
0x00BE	0x200D      	CALL       _Delay_5500us
;__Lib_Lcd.c,166 :: 		
0x00BF	0x1186      	BCF        LCD_D4, BitPos(LCD_D4+0)
;__Lib_Lcd.c,167 :: 		
0x00C0	0x1506      	BSF        LCD_EN, BitPos(LCD_EN+0)
;__Lib_Lcd.c,168 :: 		
0x00C1	0x2003      	CALL       _Delay_1us
;__Lib_Lcd.c,169 :: 		
0x00C2	0x1106      	BCF        LCD_EN, BitPos(LCD_EN+0)
;__Lib_Lcd.c,171 :: 		
0x00C3	0x1706      	BSF        LCD_D7, BitPos(LCD_D7+0)
;__Lib_Lcd.c,172 :: 		
0x00C4	0x1686      	BSF        LCD_D6, BitPos(LCD_D6+0)
;__Lib_Lcd.c,173 :: 		
0x00C5	0x1606      	BSF        LCD_D5, BitPos(LCD_D5+0)
;__Lib_Lcd.c,174 :: 		
0x00C6	0x1586      	BSF        LCD_D4, BitPos(LCD_D4+0)
;__Lib_Lcd.c,175 :: 		
0x00C7	0x1506      	BSF        LCD_EN, BitPos(LCD_EN+0)
;__Lib_Lcd.c,176 :: 		
0x00C8	0x2003      	CALL       _Delay_1us
;__Lib_Lcd.c,177 :: 		
0x00C9	0x1106      	BCF        LCD_EN, BitPos(LCD_EN+0)
;__Lib_Lcd.c,179 :: 		
0x00CA	0x200D      	CALL       _Delay_5500us
;__Lib_Lcd.c,181 :: 		
0x00CB	0x146F      	BSF        __Lib_Lcd_cmd_status, BitPos(__Lib_Lcd_cmd_status+0)
;__Lib_Lcd.c,182 :: 		
L_end_Lcd_Init:
0x00CC	0x0008      	RETURN
; end of _Lcd_Init
_UART1_Data_Ready:
;__Lib_UART_c67.c,16 :: 		
;__Lib_UART_c67.c,17 :: 		
0x00CD	0x3000      	MOVLW      0
0x00CE	0x1283      	BCF        STATUS, 5
0x00CF	0x1303      	BCF        STATUS, 6
0x00D0	0x1A8C      	BTFSC      PIR1, 5
0x00D1	0x3001      	MOVLW      1
0x00D2	0x00F0      	MOVWF      R0
;__Lib_UART_c67.c,18 :: 		
L_end_UART1_Data_Ready:
0x00D3	0x0008      	RETURN
; end of _UART1_Data_Ready
_UART1_Read:
;__Lib_UART_c67.c,21 :: 		
;__Lib_UART_c67.c,24 :: 		
0x00D4	0x1283      	BCF        STATUS, 5
0x00D5	0x1303      	BCF        STATUS, 6
0x00D6	0x081A      	MOVF       RCREG, 0
0x00D7	0x00F1      	MOVWF      R1
;__Lib_UART_c67.c,25 :: 		
0x00D8	0x1C98      	BTFSS      RCSTA, 1
0x00D9	0x28DC      	GOTO       L_UART1_Read2
;__Lib_UART_c67.c,26 :: 		
0x00DA	0x1218      	BCF        RCSTA, 4
;__Lib_UART_c67.c,27 :: 		
0x00DB	0x1618      	BSF        RCSTA, 4
;__Lib_UART_c67.c,28 :: 		
L_UART1_Read2:
;__Lib_UART_c67.c,29 :: 		
0x00DC	0x0871      	MOVF       R1, 0
0x00DD	0x00F0      	MOVWF      R0
;__Lib_UART_c67.c,30 :: 		
L_end_UART1_Read:
0x00DE	0x0008      	RETURN
; end of _UART1_Read
_UART1_Init:
;__Lib_UART_c67.c,2 :: 		
;__Lib_UART_c67.c,5 :: 		
0x00DF	0x1683      	BSF        STATUS, 5
0x00E0	0x1303      	BCF        STATUS, 6
0x00E1	0x1698      	BSF        TXSTA, 5
;__Lib_UART_c67.c,6 :: 		
0x00E2	0x3090      	MOVLW      144
0x00E3	0x1283      	BCF        STATUS, 5
0x00E4	0x0098      	MOVWF      RCSTA
;__Lib_UART_c67.c,7 :: 		
0x00E5	0x1683      	BSF        STATUS, 5
0x00E6	0x1787      	BSF        TRISC7_bit, BitPos(TRISC7_bit+0)
;__Lib_UART_c67.c,8 :: 		
0x00E7	0x1307      	BCF        TRISC6_bit, BitPos(TRISC6_bit+0)
;__Lib_UART_c67.c,10 :: 		
L_UART1_Init0:
0x00E8	0x1283      	BCF        STATUS, 5
0x00E9	0x1E8C      	BTFSS      PIR1, 5
0x00EA	0x28EE      	GOTO       L_UART1_Init1
;__Lib_UART_c67.c,11 :: 		
0x00EB	0x081A      	MOVF       RCREG, 0
0x00EC	0x00F0      	MOVWF      R0
0x00ED	0x28E8      	GOTO       L_UART1_Init0
L_UART1_Init1:
;__Lib_UART_c67.c,12 :: 		
L_end_UART1_Init:
0x00EE	0x0008      	RETURN
; end of _UART1_Init
___CC2DW:
;__Lib_System.c,134 :: 		
;__Lib_System.c,137 :: 		
_CC2D_Loop1:
;__Lib_System.c,139 :: 		
0x00EF	0x2078      	CALL       _____DoICP
0x00F0	0x118A      	BCF        PCLATH, 3
0x00F1	0x120A      	BCF        PCLATH, 4
;__Lib_System.c,141 :: 		
0x00F2	0x0080      	MOVWF      INDF
;__Lib_System.c,142 :: 		
0x00F3	0x0A84      	INCF       FSR, 1
;__Lib_System.c,143 :: 		
0x00F4	0x0AE2      	INCF       ___DoICPAddr, 1
;__Lib_System.c,145 :: 		
0x00F5	0x1903      	BTFSC      STATUS, 2
;__Lib_System.c,146 :: 		
0x00F6	0x0AE3      	INCF       ___DoICPAddr+1, 1
;__Lib_System.c,147 :: 		
0x00F7	0x03F0      	DECF       R0, 1
;__Lib_System.c,149 :: 		
0x00F8	0x1D03      	BTFSS      STATUS, 2
;__Lib_System.c,150 :: 		
0x00F9	0x28EF      	GOTO       _CC2D_Loop1
;__Lib_System.c,152 :: 		
L_end___CC2DW:
0x00FA	0x0008      	RETURN
; end of ___CC2DW
_Lcd_Out:
;__Lib_Lcd.c,184 :: 		
;__Lib_Lcd.c,187 :: 		
0x00FB	0x290D      	GOTO       L_Lcd_Out11
;__Lib_Lcd.c,188 :: 		
L_Lcd_Out13:
0x00FC	0x3080      	MOVLW      128
0x00FD	0x1683      	BSF        STATUS, 5
0x00FE	0x1303      	BCF        STATUS, 6
0x00FF	0x00A5      	MOVWF      FARG_Lcd_Out_row
0x0100	0x2920      	GOTO       L_Lcd_Out12
;__Lib_Lcd.c,189 :: 		
L_Lcd_Out14:
0x0101	0x30C0      	MOVLW      192
0x0102	0x00A5      	MOVWF      FARG_Lcd_Out_row
0x0103	0x2920      	GOTO       L_Lcd_Out12
;__Lib_Lcd.c,190 :: 		
L_Lcd_Out15:
0x0104	0x3094      	MOVLW      148
0x0105	0x00A5      	MOVWF      FARG_Lcd_Out_row
0x0106	0x2920      	GOTO       L_Lcd_Out12
;__Lib_Lcd.c,191 :: 		
L_Lcd_Out16:
0x0107	0x30D4      	MOVLW      212
0x0108	0x00A5      	MOVWF      FARG_Lcd_Out_row
0x0109	0x2920      	GOTO       L_Lcd_Out12
;__Lib_Lcd.c,192 :: 		
L_Lcd_Out17:
0x010A	0x3080      	MOVLW      128
0x010B	0x00A5      	MOVWF      FARG_Lcd_Out_row
;__Lib_Lcd.c,193 :: 		
0x010C	0x2920      	GOTO       L_Lcd_Out12
L_Lcd_Out11:
0x010D	0x1683      	BSF        STATUS, 5
0x010E	0x1303      	BCF        STATUS, 6
0x010F	0x0825      	MOVF       FARG_Lcd_Out_row, 0
0x0110	0x3A01      	XORLW      1
0x0111	0x1903      	BTFSC      STATUS, 2
0x0112	0x28FC      	GOTO       L_Lcd_Out13
0x0113	0x0825      	MOVF       FARG_Lcd_Out_row, 0
0x0114	0x3A02      	XORLW      2
0x0115	0x1903      	BTFSC      STATUS, 2
0x0116	0x2901      	GOTO       L_Lcd_Out14
0x0117	0x0825      	MOVF       FARG_Lcd_Out_row, 0
0x0118	0x3A03      	XORLW      3
0x0119	0x1903      	BTFSC      STATUS, 2
0x011A	0x2904      	GOTO       L_Lcd_Out15
0x011B	0x0825      	MOVF       FARG_Lcd_Out_row, 0
0x011C	0x3A04      	XORLW      4
0x011D	0x1903      	BTFSC      STATUS, 2
0x011E	0x2907      	GOTO       L_Lcd_Out16
0x011F	0x290A      	GOTO       L_Lcd_Out17
L_Lcd_Out12:
;__Lib_Lcd.c,194 :: 		
0x0120	0x0326      	DECF       FARG_Lcd_Out_column, 0
0x0121	0x00F0      	MOVWF      R0
0x0122	0x0825      	MOVF       FARG_Lcd_Out_row, 0
0x0123	0x07F0      	ADDWF      R0, 1
0x0124	0x0870      	MOVF       R0, 0
0x0125	0x00A5      	MOVWF      FARG_Lcd_Out_row
;__Lib_Lcd.c,196 :: 		
0x0126	0x0870      	MOVF       R0, 0
0x0127	0x00AA      	MOVWF      FARG_Lcd_Cmd_out_char
0x0128	0x2018      	CALL       _Lcd_Cmd
;__Lib_Lcd.c,197 :: 		
0x0129	0x106F      	BCF        __Lib_Lcd_cmd_status, BitPos(__Lib_Lcd_cmd_status+0)
;__Lib_Lcd.c,198 :: 		
0x012A	0x1683      	BSF        STATUS, 5
0x012B	0x01A8      	CLRF       Lcd_Out_i_L0
;__Lib_Lcd.c,199 :: 		
L_Lcd_Out18:
0x012C	0x0828      	MOVF       Lcd_Out_i_L0, 0
0x012D	0x0727      	ADDWF      FARG_Lcd_Out_text, 0
0x012E	0x0084      	MOVWF      FSR
0x012F	0x0800      	MOVF       INDF, 0
0x0130	0x1903      	BTFSC      STATUS, 2
0x0131	0x293B      	GOTO       L_Lcd_Out19
;__Lib_Lcd.c,200 :: 		
0x0132	0x0828      	MOVF       Lcd_Out_i_L0, 0
0x0133	0x0727      	ADDWF      FARG_Lcd_Out_text, 0
0x0134	0x0084      	MOVWF      FSR
0x0135	0x0800      	MOVF       INDF, 0
0x0136	0x00A9      	MOVWF      FARG_Lcd_Chr_CP_out_char
0x0137	0x206F      	CALL       _Lcd_Chr_CP
0x0138	0x1683      	BSF        STATUS, 5
0x0139	0x0AA8      	INCF       Lcd_Out_i_L0, 1
0x013A	0x292C      	GOTO       L_Lcd_Out18
L_Lcd_Out19:
;__Lib_Lcd.c,201 :: 		
0x013B	0x1283      	BCF        STATUS, 5
0x013C	0x146F      	BSF        __Lib_Lcd_cmd_status, BitPos(__Lib_Lcd_cmd_status+0)
;__Lib_Lcd.c,202 :: 		
L_end_Lcd_Out:
0x013D	0x0008      	RETURN
; end of _Lcd_Out
_main:
0x013E	0x232A      	CALL       810
;kit2.c,22 :: 		void main() {
;kit2.c,26 :: 		lcd_init();
0x013F	0x207F      	CALL       _Lcd_Init
;kit2.c,28 :: 		lcd_out(2,1,"welcome");
0x0140	0x3002      	MOVLW      2
0x0141	0x1683      	BSF        STATUS, 5
0x0142	0x00A5      	MOVWF      FARG_Lcd_Out_row
0x0143	0x3001      	MOVLW      1
0x0144	0x00A6      	MOVWF      FARG_Lcd_Out_column
0x0145	0x3020      	MOVLW      ?lstr1_kit2
0x0146	0x00A7      	MOVWF      FARG_Lcd_Out_text
0x0147	0x20FB      	CALL       _Lcd_Out
;kit2.c,29 :: 		uart1_init(2400);
0x0148	0x3067      	MOVLW      103
0x0149	0x1683      	BSF        STATUS, 5
0x014A	0x0099      	MOVWF      SPBRG
0x014B	0x1518      	BSF        TXSTA, 2
0x014C	0x20DF      	CALL       _UART1_Init
;kit2.c,30 :: 		trisb.f0=0;
0x014D	0x1683      	BSF        STATUS, 5
0x014E	0x1006      	BCF        TRISB, 0
;kit2.c,31 :: 		rb0_bit=0;
0x014F	0x1283      	BCF        STATUS, 5
0x0150	0x1006      	BCF        RB0_bit, 0
;kit2.c,32 :: 		lcd_out(1,1,"S");
0x0151	0x3001      	MOVLW      1
0x0152	0x1683      	BSF        STATUS, 5
0x0153	0x00A5      	MOVWF      FARG_Lcd_Out_row
0x0154	0x3001      	MOVLW      1
0x0155	0x00A6      	MOVWF      FARG_Lcd_Out_column
0x0156	0x302A      	MOVLW      ?lstr2_kit2
0x0157	0x00A7      	MOVWF      FARG_Lcd_Out_text
0x0158	0x20FB      	CALL       _Lcd_Out
;kit2.c,33 :: 		while(1)
L_main0:
;kit2.c,35 :: 		if(uart1_data_ready())
0x0159	0x20CD      	CALL       _UART1_Data_Ready
0x015A	0x0870      	MOVF       R0, 0
0x015B	0x1903      	BTFSC      STATUS, 2
0x015C	0x2AE0      	GOTO       L_main2
;kit2.c,37 :: 		rfid[idx]=uart1_read();
0x015D	0x0828      	MOVF       _idx, 0
0x015E	0x3E64      	ADDLW      _rfid
0x015F	0x1683      	BSF        STATUS, 5
0x0160	0x00A4      	MOVWF      FLOC__main
0x0161	0x20D4      	CALL       _UART1_Read
0x0162	0x1683      	BSF        STATUS, 5
0x0163	0x0824      	MOVF       FLOC__main, 0
0x0164	0x0084      	MOVWF      FSR
0x0165	0x0870      	MOVF       R0, 0
0x0166	0x0080      	MOVWF      INDF
;kit2.c,40 :: 		if(rfid[idx]=='0'&&valid2<10)
0x0167	0x1283      	BCF        STATUS, 5
0x0168	0x0828      	MOVF       _idx, 0
0x0169	0x3E64      	ADDLW      _rfid
0x016A	0x0084      	MOVWF      FSR
0x016B	0x0800      	MOVF       INDF, 0
0x016C	0x3A30      	XORLW      48
0x016D	0x1D03      	BTFSS      STATUS, 2
0x016E	0x297F      	GOTO       L_main5
0x016F	0x3080      	MOVLW      128
0x0170	0x1683      	BSF        STATUS, 5
0x0171	0x0623      	XORWF      _valid2+1, 0
0x0172	0x00F0      	MOVWF      R0
0x0173	0x3080      	MOVLW      128
0x0174	0x0270      	SUBWF      R0, 0
0x0175	0x1D03      	BTFSS      STATUS, 2
0x0176	0x2979      	GOTO       L__main63
0x0177	0x300A      	MOVLW      10
0x0178	0x0222      	SUBWF      _valid2, 0
L__main63:
0x0179	0x1803      	BTFSC      STATUS, 0
0x017A	0x297F      	GOTO       L_main5
L__main62:
;kit2.c,42 :: 		valid2++;
0x017B	0x0AA2      	INCF       _valid2, 1
0x017C	0x1903      	BTFSC      STATUS, 2
0x017D	0x0AA3      	INCF       _valid2+1, 1
;kit2.c,43 :: 		}
0x017E	0x29DF      	GOTO       L_main6
L_main5:
;kit2.c,44 :: 		else if(rfid[idx]=='3'&&valid2<10)
0x017F	0x1283      	BCF        STATUS, 5
0x0180	0x0828      	MOVF       _idx, 0
0x0181	0x3E64      	ADDLW      _rfid
0x0182	0x0084      	MOVWF      FSR
0x0183	0x0800      	MOVF       INDF, 0
0x0184	0x3A33      	XORLW      51
0x0185	0x1D03      	BTFSS      STATUS, 2
0x0186	0x2997      	GOTO       L_main9
0x0187	0x3080      	MOVLW      128
0x0188	0x1683      	BSF        STATUS, 5
0x0189	0x0623      	XORWF      _valid2+1, 0
0x018A	0x00F0      	MOVWF      R0
0x018B	0x3080      	MOVLW      128
0x018C	0x0270      	SUBWF      R0, 0
0x018D	0x1D03      	BTFSS      STATUS, 2
0x018E	0x2991      	GOTO       L__main64
0x018F	0x300A      	MOVLW      10
0x0190	0x0222      	SUBWF      _valid2, 0
L__main64:
0x0191	0x1803      	BTFSC      STATUS, 0
0x0192	0x2997      	GOTO       L_main9
L__main61:
;kit2.c,46 :: 		valid2++;
0x0193	0x0AA2      	INCF       _valid2, 1
0x0194	0x1903      	BTFSC      STATUS, 2
0x0195	0x0AA3      	INCF       _valid2+1, 1
;kit2.c,47 :: 		}
0x0196	0x29DF      	GOTO       L_main10
L_main9:
;kit2.c,48 :: 		else if(rfid[idx]=='2'&&valid2<10)
0x0197	0x1283      	BCF        STATUS, 5
0x0198	0x0828      	MOVF       _idx, 0
0x0199	0x3E64      	ADDLW      _rfid
0x019A	0x0084      	MOVWF      FSR
0x019B	0x0800      	MOVF       INDF, 0
0x019C	0x3A32      	XORLW      50
0x019D	0x1D03      	BTFSS      STATUS, 2
0x019E	0x29AF      	GOTO       L_main13
0x019F	0x3080      	MOVLW      128
0x01A0	0x1683      	BSF        STATUS, 5
0x01A1	0x0623      	XORWF      _valid2+1, 0
0x01A2	0x00F0      	MOVWF      R0
0x01A3	0x3080      	MOVLW      128
0x01A4	0x0270      	SUBWF      R0, 0
0x01A5	0x1D03      	BTFSS      STATUS, 2
0x01A6	0x29A9      	GOTO       L__main65
0x01A7	0x300A      	MOVLW      10
0x01A8	0x0222      	SUBWF      _valid2, 0
L__main65:
0x01A9	0x1803      	BTFSC      STATUS, 0
0x01AA	0x29AF      	GOTO       L_main13
L__main60:
;kit2.c,50 :: 		valid2++;
0x01AB	0x0AA2      	INCF       _valid2, 1
0x01AC	0x1903      	BTFSC      STATUS, 2
0x01AD	0x0AA3      	INCF       _valid2+1, 1
;kit2.c,51 :: 		}
0x01AE	0x29DF      	GOTO       L_main14
L_main13:
;kit2.c,52 :: 		else if(rfid[idx]=='E'&&valid2==5)
0x01AF	0x1283      	BCF        STATUS, 5
0x01B0	0x0828      	MOVF       _idx, 0
0x01B1	0x3E64      	ADDLW      _rfid
0x01B2	0x0084      	MOVWF      FSR
0x01B3	0x0800      	MOVF       INDF, 0
0x01B4	0x3A45      	XORLW      69
0x01B5	0x1D03      	BTFSS      STATUS, 2
0x01B6	0x29C4      	GOTO       L_main17
0x01B7	0x3000      	MOVLW      0
0x01B8	0x1683      	BSF        STATUS, 5
0x01B9	0x0623      	XORWF      _valid2+1, 0
0x01BA	0x1D03      	BTFSS      STATUS, 2
0x01BB	0x29BE      	GOTO       L__main66
0x01BC	0x3005      	MOVLW      5
0x01BD	0x0622      	XORWF      _valid2, 0
L__main66:
0x01BE	0x1D03      	BTFSS      STATUS, 2
0x01BF	0x29C4      	GOTO       L_main17
L__main59:
;kit2.c,54 :: 		valid2++;
0x01C0	0x0AA2      	INCF       _valid2, 1
0x01C1	0x1903      	BTFSC      STATUS, 2
0x01C2	0x0AA3      	INCF       _valid2+1, 1
;kit2.c,55 :: 		}
0x01C3	0x29DF      	GOTO       L_main18
L_main17:
;kit2.c,56 :: 		else if(rfid[idx]=='8'&&valid2<10)
0x01C4	0x1283      	BCF        STATUS, 5
0x01C5	0x0828      	MOVF       _idx, 0
0x01C6	0x3E64      	ADDLW      _rfid
0x01C7	0x0084      	MOVWF      FSR
0x01C8	0x0800      	MOVF       INDF, 0
0x01C9	0x3A38      	XORLW      56
0x01CA	0x1D03      	BTFSS      STATUS, 2
0x01CB	0x29DC      	GOTO       L_main21
0x01CC	0x3080      	MOVLW      128
0x01CD	0x1683      	BSF        STATUS, 5
0x01CE	0x0623      	XORWF      _valid2+1, 0
0x01CF	0x00F0      	MOVWF      R0
0x01D0	0x3080      	MOVLW      128
0x01D1	0x0270      	SUBWF      R0, 0
0x01D2	0x1D03      	BTFSS      STATUS, 2
0x01D3	0x29D6      	GOTO       L__main67
0x01D4	0x300A      	MOVLW      10
0x01D5	0x0222      	SUBWF      _valid2, 0
L__main67:
0x01D6	0x1803      	BTFSC      STATUS, 0
0x01D7	0x29DC      	GOTO       L_main21
L__main58:
;kit2.c,58 :: 		valid2++;
0x01D8	0x0AA2      	INCF       _valid2, 1
0x01D9	0x1903      	BTFSC      STATUS, 2
0x01DA	0x0AA3      	INCF       _valid2+1, 1
;kit2.c,59 :: 		}
0x01DB	0x29DF      	GOTO       L_main22
L_main21:
0x01DC	0x1683      	BSF        STATUS, 5
;kit2.c,62 :: 		valid2=0;
0x01DD	0x01A2      	CLRF       _valid2
0x01DE	0x01A3      	CLRF       _valid2+1
;kit2.c,63 :: 		}
L_main22:
L_main18:
L_main14:
L_main10:
L_main6:
;kit2.c,67 :: 		if(rfid[idx]=='0'&&valid1<10) //03002e90b0
0x01DF	0x1283      	BCF        STATUS, 5
0x01E0	0x0828      	MOVF       _idx, 0
0x01E1	0x3E64      	ADDLW      _rfid
0x01E2	0x0084      	MOVWF      FSR
0x01E3	0x0800      	MOVF       INDF, 0
0x01E4	0x3A30      	XORLW      48
0x01E5	0x1D03      	BTFSS      STATUS, 2
0x01E6	0x29F7      	GOTO       L_main25
0x01E7	0x3080      	MOVLW      128
0x01E8	0x1683      	BSF        STATUS, 5
0x01E9	0x0621      	XORWF      _valid1+1, 0
0x01EA	0x00F0      	MOVWF      R0
0x01EB	0x3080      	MOVLW      128
0x01EC	0x0270      	SUBWF      R0, 0
0x01ED	0x1D03      	BTFSS      STATUS, 2
0x01EE	0x29F1      	GOTO       L__main68
0x01EF	0x300A      	MOVLW      10
0x01F0	0x0220      	SUBWF      _valid1, 0
L__main68:
0x01F1	0x1803      	BTFSC      STATUS, 0
0x01F2	0x29F7      	GOTO       L_main25
L__main57:
;kit2.c,69 :: 		valid1++;
0x01F3	0x0AA0      	INCF       _valid1, 1
0x01F4	0x1903      	BTFSC      STATUS, 2
0x01F5	0x0AA1      	INCF       _valid1+1, 1
;kit2.c,70 :: 		}
0x01F6	0x2A63      	GOTO       L_main26
L_main25:
;kit2.c,71 :: 		else if(rfid[idx]=='3'&&valid1==1)
0x01F7	0x1283      	BCF        STATUS, 5
0x01F8	0x0828      	MOVF       _idx, 0
0x01F9	0x3E64      	ADDLW      _rfid
0x01FA	0x0084      	MOVWF      FSR
0x01FB	0x0800      	MOVF       INDF, 0
0x01FC	0x3A33      	XORLW      51
0x01FD	0x1D03      	BTFSS      STATUS, 2
0x01FE	0x2A0C      	GOTO       L_main29
0x01FF	0x3000      	MOVLW      0
0x0200	0x1683      	BSF        STATUS, 5
0x0201	0x0621      	XORWF      _valid1+1, 0
0x0202	0x1D03      	BTFSS      STATUS, 2
0x0203	0x2A06      	GOTO       L__main69
0x0204	0x3001      	MOVLW      1
0x0205	0x0620      	XORWF      _valid1, 0
L__main69:
0x0206	0x1D03      	BTFSS      STATUS, 2
0x0207	0x2A0C      	GOTO       L_main29
L__main56:
;kit2.c,73 :: 		valid1++;
0x0208	0x0AA0      	INCF       _valid1, 1
0x0209	0x1903      	BTFSC      STATUS, 2
0x020A	0x0AA1      	INCF       _valid1+1, 1
;kit2.c,74 :: 		}
0x020B	0x2A63      	GOTO       L_main30
L_main29:
;kit2.c,75 :: 		else if(rfid[idx]=='2'&&valid1==4)
0x020C	0x1283      	BCF        STATUS, 5
0x020D	0x0828      	MOVF       _idx, 0
0x020E	0x3E64      	ADDLW      _rfid
0x020F	0x0084      	MOVWF      FSR
0x0210	0x0800      	MOVF       INDF, 0
0x0211	0x3A32      	XORLW      50
0x0212	0x1D03      	BTFSS      STATUS, 2
0x0213	0x2A21      	GOTO       L_main33
0x0214	0x3000      	MOVLW      0
0x0215	0x1683      	BSF        STATUS, 5
0x0216	0x0621      	XORWF      _valid1+1, 0
0x0217	0x1D03      	BTFSS      STATUS, 2
0x0218	0x2A1B      	GOTO       L__main70
0x0219	0x3004      	MOVLW      4
0x021A	0x0620      	XORWF      _valid1, 0
L__main70:
0x021B	0x1D03      	BTFSS      STATUS, 2
0x021C	0x2A21      	GOTO       L_main33
L__main55:
;kit2.c,77 :: 		valid1++;
0x021D	0x0AA0      	INCF       _valid1, 1
0x021E	0x1903      	BTFSC      STATUS, 2
0x021F	0x0AA1      	INCF       _valid1+1, 1
;kit2.c,78 :: 		}
0x0220	0x2A63      	GOTO       L_main34
L_main33:
;kit2.c,79 :: 		else if(rfid[idx]=='E'&&valid1==5)
0x0221	0x1283      	BCF        STATUS, 5
0x0222	0x0828      	MOVF       _idx, 0
0x0223	0x3E64      	ADDLW      _rfid
0x0224	0x0084      	MOVWF      FSR
0x0225	0x0800      	MOVF       INDF, 0
0x0226	0x3A45      	XORLW      69
0x0227	0x1D03      	BTFSS      STATUS, 2
0x0228	0x2A36      	GOTO       L_main37
0x0229	0x3000      	MOVLW      0
0x022A	0x1683      	BSF        STATUS, 5
0x022B	0x0621      	XORWF      _valid1+1, 0
0x022C	0x1D03      	BTFSS      STATUS, 2
0x022D	0x2A30      	GOTO       L__main71
0x022E	0x3005      	MOVLW      5
0x022F	0x0620      	XORWF      _valid1, 0
L__main71:
0x0230	0x1D03      	BTFSS      STATUS, 2
0x0231	0x2A36      	GOTO       L_main37
L__main54:
;kit2.c,81 :: 		valid1++;
0x0232	0x0AA0      	INCF       _valid1, 1
0x0233	0x1903      	BTFSC      STATUS, 2
0x0234	0x0AA1      	INCF       _valid1+1, 1
;kit2.c,82 :: 		}
0x0235	0x2A63      	GOTO       L_main38
L_main37:
;kit2.c,83 :: 		else if(rfid[idx]=='9'&&valid1==6)
0x0236	0x1283      	BCF        STATUS, 5
0x0237	0x0828      	MOVF       _idx, 0
0x0238	0x3E64      	ADDLW      _rfid
0x0239	0x0084      	MOVWF      FSR
0x023A	0x0800      	MOVF       INDF, 0
0x023B	0x3A39      	XORLW      57
0x023C	0x1D03      	BTFSS      STATUS, 2
0x023D	0x2A4B      	GOTO       L_main41
0x023E	0x3000      	MOVLW      0
0x023F	0x1683      	BSF        STATUS, 5
0x0240	0x0621      	XORWF      _valid1+1, 0
0x0241	0x1D03      	BTFSS      STATUS, 2
0x0242	0x2A45      	GOTO       L__main72
0x0243	0x3006      	MOVLW      6
0x0244	0x0620      	XORWF      _valid1, 0
L__main72:
0x0245	0x1D03      	BTFSS      STATUS, 2
0x0246	0x2A4B      	GOTO       L_main41
L__main53:
;kit2.c,85 :: 		valid1++;
0x0247	0x0AA0      	INCF       _valid1, 1
0x0248	0x1903      	BTFSC      STATUS, 2
0x0249	0x0AA1      	INCF       _valid1+1, 1
;kit2.c,86 :: 		}
0x024A	0x2A63      	GOTO       L_main42
L_main41:
;kit2.c,87 :: 		else if(rfid[idx]=='B'&&valid1==8)
0x024B	0x1283      	BCF        STATUS, 5
0x024C	0x0828      	MOVF       _idx, 0
0x024D	0x3E64      	ADDLW      _rfid
0x024E	0x0084      	MOVWF      FSR
0x024F	0x0800      	MOVF       INDF, 0
0x0250	0x3A42      	XORLW      66
0x0251	0x1D03      	BTFSS      STATUS, 2
0x0252	0x2A60      	GOTO       L_main45
0x0253	0x3000      	MOVLW      0
0x0254	0x1683      	BSF        STATUS, 5
0x0255	0x0621      	XORWF      _valid1+1, 0
0x0256	0x1D03      	BTFSS      STATUS, 2
0x0257	0x2A5A      	GOTO       L__main73
0x0258	0x3008      	MOVLW      8
0x0259	0x0620      	XORWF      _valid1, 0
L__main73:
0x025A	0x1D03      	BTFSS      STATUS, 2
0x025B	0x2A60      	GOTO       L_main45
L__main52:
;kit2.c,89 :: 		valid1++;
0x025C	0x0AA0      	INCF       _valid1, 1
0x025D	0x1903      	BTFSC      STATUS, 2
0x025E	0x0AA1      	INCF       _valid1+1, 1
;kit2.c,90 :: 		}
0x025F	0x2A63      	GOTO       L_main46
L_main45:
0x0260	0x1683      	BSF        STATUS, 5
;kit2.c,93 :: 		valid1=0;
0x0261	0x01A0      	CLRF       _valid1
0x0262	0x01A1      	CLRF       _valid1+1
;kit2.c,94 :: 		}
L_main46:
L_main42:
L_main38:
L_main34:
L_main30:
L_main26:
;kit2.c,103 :: 		if(valid2>=10)
0x0263	0x3080      	MOVLW      128
0x0264	0x0623      	XORWF      _valid2+1, 0
0x0265	0x00F0      	MOVWF      R0
0x0266	0x3080      	MOVLW      128
0x0267	0x0270      	SUBWF      R0, 0
0x0268	0x1D03      	BTFSS      STATUS, 2
0x0269	0x2A6C      	GOTO       L__main74
0x026A	0x300A      	MOVLW      10
0x026B	0x0222      	SUBWF      _valid2, 0
L__main74:
0x026C	0x1C03      	BTFSS      STATUS, 0
0x026D	0x2A91      	GOTO       L_main47
;kit2.c,105 :: 		lcd_out(2,1,"User2 : 03002E2838");
0x026E	0x3002      	MOVLW      2
0x026F	0x00A5      	MOVWF      FARG_Lcd_Out_row
0x0270	0x3001      	MOVLW      1
0x0271	0x00A6      	MOVWF      FARG_Lcd_Out_column
0x0272	0x302C      	MOVLW      ?lstr3_kit2
0x0273	0x00A7      	MOVWF      FARG_Lcd_Out_text
0x0274	0x20FB      	CALL       _Lcd_Out
;kit2.c,106 :: 		lcd_out(2,1,"UnValid");
0x0275	0x3002      	MOVLW      2
0x0276	0x1683      	BSF        STATUS, 5
0x0277	0x00A5      	MOVWF      FARG_Lcd_Out_row
0x0278	0x3001      	MOVLW      1
0x0279	0x00A6      	MOVWF      FARG_Lcd_Out_column
0x027A	0x303F      	MOVLW      ?lstr4_kit2
0x027B	0x00A7      	MOVWF      FARG_Lcd_Out_text
0x027C	0x20FB      	CALL       _Lcd_Out
;kit2.c,107 :: 		valid1=0;
0x027D	0x1683      	BSF        STATUS, 5
0x027E	0x01A0      	CLRF       _valid1
0x027F	0x01A1      	CLRF       _valid1+1
;kit2.c,108 :: 		delay_ms(1000);
0x0280	0x3006      	MOVLW      6
0x0281	0x00FB      	MOVWF      R11
0x0282	0x3013      	MOVLW      19
0x0283	0x00FC      	MOVWF      R12
0x0284	0x30AD      	MOVLW      173
0x0285	0x00FD      	MOVWF      R13
L_main48:
0x0286	0x0BFD      	DECFSZ     R13, 1
0x0287	0x2A86      	GOTO       L_main48
0x0288	0x0BFC      	DECFSZ     R12, 1
0x0289	0x2A86      	GOTO       L_main48
0x028A	0x0BFB      	DECFSZ     R11, 1
0x028B	0x2A86      	GOTO       L_main48
0x028C	0x0000      	NOP
0x028D	0x0000      	NOP
;kit2.c,109 :: 		lcd_cmd(_lcd_clear);
0x028E	0x3001      	MOVLW      1
0x028F	0x00AA      	MOVWF      FARG_Lcd_Cmd_out_char
0x0290	0x2018      	CALL       _Lcd_Cmd
;kit2.c,110 :: 		}
L_main47:
;kit2.c,114 :: 		if(valid1>=10)
0x0291	0x3080      	MOVLW      128
0x0292	0x1683      	BSF        STATUS, 5
0x0293	0x0621      	XORWF      _valid1+1, 0
0x0294	0x00F0      	MOVWF      R0
0x0295	0x3080      	MOVLW      128
0x0296	0x0270      	SUBWF      R0, 0
0x0297	0x1D03      	BTFSS      STATUS, 2
0x0298	0x2A9B      	GOTO       L__main75
0x0299	0x300A      	MOVLW      10
0x029A	0x0220      	SUBWF      _valid1, 0
L__main75:
0x029B	0x1C03      	BTFSS      STATUS, 0
0x029C	0x2AC0      	GOTO       L_main49
;kit2.c,116 :: 		lcd_out(2,1,"User1 : 03002E90B0");
0x029D	0x3002      	MOVLW      2
0x029E	0x00A5      	MOVWF      FARG_Lcd_Out_row
0x029F	0x3001      	MOVLW      1
0x02A0	0x00A6      	MOVWF      FARG_Lcd_Out_column
0x02A1	0x3047      	MOVLW      ?lstr5_kit2
0x02A2	0x00A7      	MOVWF      FARG_Lcd_Out_text
0x02A3	0x20FB      	CALL       _Lcd_Out
;kit2.c,117 :: 		lcd_out(2,1,"Valid");
0x02A4	0x3002      	MOVLW      2
0x02A5	0x1683      	BSF        STATUS, 5
0x02A6	0x00A5      	MOVWF      FARG_Lcd_Out_row
0x02A7	0x3001      	MOVLW      1
0x02A8	0x00A6      	MOVWF      FARG_Lcd_Out_column
0x02A9	0x305A      	MOVLW      ?lstr6_kit2
0x02AA	0x00A7      	MOVWF      FARG_Lcd_Out_text
0x02AB	0x20FB      	CALL       _Lcd_Out
;kit2.c,118 :: 		valid1=0;
0x02AC	0x1683      	BSF        STATUS, 5
0x02AD	0x01A0      	CLRF       _valid1
0x02AE	0x01A1      	CLRF       _valid1+1
;kit2.c,119 :: 		delay_ms(1000);
0x02AF	0x3006      	MOVLW      6
0x02B0	0x00FB      	MOVWF      R11
0x02B1	0x3013      	MOVLW      19
0x02B2	0x00FC      	MOVWF      R12
0x02B3	0x30AD      	MOVLW      173
0x02B4	0x00FD      	MOVWF      R13
L_main50:
0x02B5	0x0BFD      	DECFSZ     R13, 1
0x02B6	0x2AB5      	GOTO       L_main50
0x02B7	0x0BFC      	DECFSZ     R12, 1
0x02B8	0x2AB5      	GOTO       L_main50
0x02B9	0x0BFB      	DECFSZ     R11, 1
0x02BA	0x2AB5      	GOTO       L_main50
0x02BB	0x0000      	NOP
0x02BC	0x0000      	NOP
;kit2.c,120 :: 		lcd_cmd(_lcd_clear);
0x02BD	0x3001      	MOVLW      1
0x02BE	0x00AA      	MOVWF      FARG_Lcd_Cmd_out_char
0x02BF	0x2018      	CALL       _Lcd_Cmd
;kit2.c,121 :: 		}
L_main49:
0x02C0	0x1283      	BCF        STATUS, 5
;kit2.c,124 :: 		lcd_chr_cp(rfid[idx]);
0x02C1	0x0828      	MOVF       _idx, 0
0x02C2	0x3E64      	ADDLW      _rfid
0x02C3	0x0084      	MOVWF      FSR
0x02C4	0x0800      	MOVF       INDF, 0
0x02C5	0x1683      	BSF        STATUS, 5
0x02C6	0x00A9      	MOVWF      FARG_Lcd_Chr_CP_out_char
0x02C7	0x206F      	CALL       _Lcd_Chr_CP
;kit2.c,125 :: 		idx++;
0x02C8	0x0AA8      	INCF       _idx, 1
0x02C9	0x1903      	BTFSC      STATUS, 2
0x02CA	0x0AA9      	INCF       _idx+1, 1
;kit2.c,126 :: 		if(idx>=10)
0x02CB	0x3080      	MOVLW      128
0x02CC	0x0629      	XORWF      _idx+1, 0
0x02CD	0x00F0      	MOVWF      R0
0x02CE	0x3080      	MOVLW      128
0x02CF	0x0270      	SUBWF      R0, 0
0x02D0	0x1D03      	BTFSS      STATUS, 2
0x02D1	0x2AD4      	GOTO       L__main76
0x02D2	0x300A      	MOVLW      10
0x02D3	0x0228      	SUBWF      _idx, 0
L__main76:
0x02D4	0x1C03      	BTFSS      STATUS, 0
0x02D5	0x2AE0      	GOTO       L_main51
;kit2.c,128 :: 		idx=0;
0x02D6	0x01A8      	CLRF       _idx
0x02D7	0x01A9      	CLRF       _idx+1
;kit2.c,129 :: 		lcd_out(1,1,"S");
0x02D8	0x3001      	MOVLW      1
0x02D9	0x1683      	BSF        STATUS, 5
0x02DA	0x00A5      	MOVWF      FARG_Lcd_Out_row
0x02DB	0x3001      	MOVLW      1
0x02DC	0x00A6      	MOVWF      FARG_Lcd_Out_column
0x02DD	0x3060      	MOVLW      ?lstr7_kit2
0x02DE	0x00A7      	MOVWF      FARG_Lcd_Out_text
0x02DF	0x20FB      	CALL       _Lcd_Out
;kit2.c,130 :: 		}
L_main51:
;kit2.c,132 :: 		}
L_main2:
;kit2.c,136 :: 		}
0x02E0	0x2959      	GOTO       L_main0
;kit2.c,143 :: 		}
0x02E1	0x2AE1      	GOTO       $+0
; end of _main
0x032A	0x3020      	MOVLW      32
0x032B	0x0084      	MOVWF      FSR
0x032C	0x3042      	MOVLW      66
0x032D	0x1283      	BCF        STATUS, 5
0x032E	0x1303      	BCF        STATUS, 6
0x032F	0x00F0      	MOVWF      R0
0x0330	0x30E7      	MOVLW      231
0x0331	0x00E2      	MOVWF      ___DoICPAddr
0x0332	0x3002      	MOVLW      2
0x0333	0x00E3      	MOVWF      99
0x0334	0x20EF      	CALL       239
0x0335	0x0008      	RETURN
;kit2.c,0 :: ?ICS?lstr1_kit2
0x02E7	0x3477 ;?ICS?lstr1_kit2+0
0x02E8	0x3465 ;?ICS?lstr1_kit2+1
0x02E9	0x346C ;?ICS?lstr1_kit2+2
0x02EA	0x3463 ;?ICS?lstr1_kit2+3
0x02EB	0x346F ;?ICS?lstr1_kit2+4
0x02EC	0x346D ;?ICS?lstr1_kit2+5
0x02ED	0x3465 ;?ICS?lstr1_kit2+6
0x02EE	0x3400 ;?ICS?lstr1_kit2+7
; end of ?ICS?lstr1_kit2
;kit2.c,0 :: ?ICS_idx
0x02EF	0x3400 ;?ICS_idx+0
0x02F0	0x3400 ;?ICS_idx+1
; end of ?ICS_idx
;kit2.c,0 :: ?ICS?lstr2_kit2
0x02F1	0x3453 ;?ICS?lstr2_kit2+0
0x02F2	0x3400 ;?ICS?lstr2_kit2+1
; end of ?ICS?lstr2_kit2
;kit2.c,0 :: ?ICS?lstr3_kit2
0x02F3	0x3455 ;?ICS?lstr3_kit2+0
0x02F4	0x3473 ;?ICS?lstr3_kit2+1
0x02F5	0x3465 ;?ICS?lstr3_kit2+2
0x02F6	0x3472 ;?ICS?lstr3_kit2+3
0x02F7	0x3432 ;?ICS?lstr3_kit2+4
0x02F8	0x3420 ;?ICS?lstr3_kit2+5
0x02F9	0x343A ;?ICS?lstr3_kit2+6
0x02FA	0x3420 ;?ICS?lstr3_kit2+7
0x02FB	0x3430 ;?ICS?lstr3_kit2+8
0x02FC	0x3433 ;?ICS?lstr3_kit2+9
0x02FD	0x3430 ;?ICS?lstr3_kit2+10
0x02FE	0x3430 ;?ICS?lstr3_kit2+11
0x02FF	0x3432 ;?ICS?lstr3_kit2+12
0x0300	0x3445 ;?ICS?lstr3_kit2+13
0x0301	0x3432 ;?ICS?lstr3_kit2+14
0x0302	0x3438 ;?ICS?lstr3_kit2+15
0x0303	0x3433 ;?ICS?lstr3_kit2+16
0x0304	0x3438 ;?ICS?lstr3_kit2+17
0x0305	0x3400 ;?ICS?lstr3_kit2+18
; end of ?ICS?lstr3_kit2
;kit2.c,0 :: ?ICS?lstr4_kit2
0x0306	0x3455 ;?ICS?lstr4_kit2+0
0x0307	0x346E ;?ICS?lstr4_kit2+1
0x0308	0x3456 ;?ICS?lstr4_kit2+2
0x0309	0x3461 ;?ICS?lstr4_kit2+3
0x030A	0x346C ;?ICS?lstr4_kit2+4
0x030B	0x3469 ;?ICS?lstr4_kit2+5
0x030C	0x3464 ;?ICS?lstr4_kit2+6
0x030D	0x3400 ;?ICS?lstr4_kit2+7
; end of ?ICS?lstr4_kit2
;kit2.c,0 :: ?ICS?lstr5_kit2
0x030E	0x3455 ;?ICS?lstr5_kit2+0
0x030F	0x3473 ;?ICS?lstr5_kit2+1
0x0310	0x3465 ;?ICS?lstr5_kit2+2
0x0311	0x3472 ;?ICS?lstr5_kit2+3
0x0312	0x3431 ;?ICS?lstr5_kit2+4
0x0313	0x3420 ;?ICS?lstr5_kit2+5
0x0314	0x343A ;?ICS?lstr5_kit2+6
0x0315	0x3420 ;?ICS?lstr5_kit2+7
0x0316	0x3430 ;?ICS?lstr5_kit2+8
0x0317	0x3433 ;?ICS?lstr5_kit2+9
0x0318	0x3430 ;?ICS?lstr5_kit2+10
0x0319	0x3430 ;?ICS?lstr5_kit2+11
0x031A	0x3432 ;?ICS?lstr5_kit2+12
0x031B	0x3445 ;?ICS?lstr5_kit2+13
0x031C	0x3439 ;?ICS?lstr5_kit2+14
0x031D	0x3430 ;?ICS?lstr5_kit2+15
0x031E	0x3442 ;?ICS?lstr5_kit2+16
0x031F	0x3430 ;?ICS?lstr5_kit2+17
0x0320	0x3400 ;?ICS?lstr5_kit2+18
; end of ?ICS?lstr5_kit2
;kit2.c,0 :: ?ICS?lstr6_kit2
0x0321	0x3456 ;?ICS?lstr6_kit2+0
0x0322	0x3461 ;?ICS?lstr6_kit2+1
0x0323	0x346C ;?ICS?lstr6_kit2+2
0x0324	0x3469 ;?ICS?lstr6_kit2+3
0x0325	0x3464 ;?ICS?lstr6_kit2+4
0x0326	0x3400 ;?ICS?lstr6_kit2+5
; end of ?ICS?lstr6_kit2
;kit2.c,0 :: ?ICS?lstr7_kit2
0x0327	0x3453 ;?ICS?lstr7_kit2+0
0x0328	0x3400 ;?ICS?lstr7_kit2+1
; end of ?ICS?lstr7_kit2
Symbol List:
//** Routines locations **
//ADDRESS    SIZE    PROCEDURE
//----------------------------------------------
0x0003       [2]    _Delay_1us
0x0005       [8]    _Delay_50us
0x000D      [11]    _Delay_5500us
0x0018      [87]    _Lcd_Cmd
0x006F       [9]    _Lcd_Chr_CP
0x0078       [7]    _____DoICP
0x007F      [78]    _Lcd_Init
0x00CD       [7]    _UART1_Data_Ready
0x00D4      [11]    _UART1_Read
0x00DF      [16]    _UART1_Init
0x00EF      [12]    ___CC2DW
0x00FB      [67]    _Lcd_Out
0x013E     [419]    _main
//** Variables locations ** 
//ADDRESS    SIZE    VARIABLE
//----------------------------------------------
0x0000       [1]    INDF
0x0001       [1]    TMR0
0x0002       [1]    PCL
0x0003       [0]    RP1_bit
0x0003       [0]    C_bit
0x0003       [0]    NOT_PD_bit
0x0003       [0]    IRP_bit
0x0003       [0]    NOT_TO_bit
0x0003       [1]    STATUS
0x0003       [0]    DC_bit
0x0003       [0]    RP0_bit
0x0003       [0]    Z_bit
0x0004       [1]    FSR
0x0004       [1]    FSRPTR
0x0005       [1]    PORTA
0x0005       [0]    RA2_bit
0x0005       [0]    RA3_bit
0x0005       [0]    RA5_bit
0x0005       [0]    RA4_bit
0x0005       [0]    RA0_bit
0x0005       [0]    RA1_bit
0x0006       [0]    RB4_bit
0x0006       [0]    RB3_bit
0x0006       [0]    RB5_bit
0x0006       [0]    RB7_bit
0x0006       [0]    RB6_bit
0x0006       [0]    LCD_D4
0x0006       [0]    LCD_D5
0x0006       [1]    PORTB
0x0006       [0]    LCD_EN
0x0006       [0]    LCD_RS
0x0006       [0]    LCD_D6
0x0006       [0]    RB2_bit
0x0006       [0]    LCD_D7
0x0006       [0]    RB1_bit
0x0006       [0]    RB0_bit
0x0007       [0]    RC4_bit
0x0007       [0]    RC3_bit
0x0007       [0]    RC7_bit
0x0007       [0]    RC0_bit
0x0007       [0]    RC6_bit
0x0007       [1]    PORTC
0x0007       [0]    RC2_bit
0x0007       [0]    RC1_bit
0x0007       [0]    RC5_bit
0x0008       [0]    RD2_bit
0x0008       [0]    RD3_bit
0x0008       [0]    RD0_bit
0x0008       [0]    RD1_bit
0x0008       [0]    RD4_bit
0x0008       [0]    RD7_bit
0x0008       [1]    PORTD
0x0008       [0]    RD5_bit
0x0008       [0]    RD6_bit
0x0009       [0]    RE1_bit
0x0009       [0]    RE0_bit
0x0009       [1]    PORTE
0x0009       [0]    RE2_bit
0x000A       [1]    PCLATH
0x000B       [0]    RBIE_bit
0x000B       [0]    INTE_bit
0x000B       [0]    TMR0IF_bit
0x000B       [0]    INTF_bit
0x000B       [0]    RBIF_bit
0x000B       [0]    T0IE_bit
0x000B       [0]    T0IF_bit
0x000B       [0]    GIE_bit
0x000B       [0]    TMR0IE_bit
0x000B       [0]    PEIE_bit
0x000B       [1]    INTCON
0x000C       [0]    ADIF_bit
0x000C       [0]    TMR2IF_bit
0x000C       [0]    RCIF_bit
0x000C       [0]    SSPIF_bit
0x000C       [0]    CCP1IF_bit
0x000C       [0]    PSPIF_bit
0x000C       [0]    TXIF_bit
0x000C       [1]    PIR1
0x000C       [0]    TMR1IF_bit
0x000D       [0]    CMIF_bit
0x000D       [1]    PIR2
0x000D       [0]    EEIF_bit
0x000D       [0]    CCP2IF_bit
0x000D       [0]    BCLIF_bit
0x000E       [1]    TMR1L
0x000F       [1]    TMR1H
0x0010       [0]    T1CKPS1_bit
0x0010       [0]    T1CKPS0_bit
0x0010       [0]    TMR1CS_bit
0x0010       [0]    TMR1ON_bit
0x0010       [0]    T1INSYNC_bit
0x0010       [1]    T1CON
0x0010       [0]    T1OSCEN_bit
0x0010       [0]    T1SYNC_bit
0x0010       [0]    NOT_T1SYNC_bit
0x0011       [1]    TMR2
0x0012       [0]    TOUTPS2_bit
0x0012       [1]    T2CON
0x0012       [0]    TOUTPS3_bit
0x0012       [0]    T2CKPS1_bit
0x0012       [0]    T2CKPS0_bit
0x0012       [0]    TMR2ON_bit
0x0012       [0]    TOUTPS1_bit
0x0012       [0]    TOUTPS0_bit
0x0013       [1]    SSPBUF
0x0014       [0]    CKP_bit
0x0014       [0]    SSPOV_bit
0x0014       [0]    SSPM0_bit
0x0014       [0]    WCOL_bit
0x0014       [0]    SSPM1_bit
0x0014       [0]    SSPM3_bit
0x0014       [0]    SSPEN_bit
0x0014       [0]    SSPM2_bit
0x0014       [1]    SSPCON
0x0015       [2]    CCPR1
0x0015       [1]    CCPR1L
0x0016       [1]    CCPR1H
0x0017       [0]    CCP1Y_bit
0x0017       [0]    CCP1M2_bit
0x0017       [0]    CCP1M0_bit
0x0017       [0]    CCP1M3_bit
0x0017       [0]    CCP1X_bit
0x0017       [1]    CCP1CON
0x0017       [0]    CCP1M1_bit
0x0018       [0]    RC9_bit
0x0018       [0]    RC8_9_bit
0x0018       [0]    NOT_RC8_bit
0x0018       [0]    RCD8_bit
0x0018       [0]    CREN_bit
0x0018       [0]    SREN_bit
0x0018       [0]    ADDEN_bit
0x0018       [1]    RCSTA
0x0018       [0]    FERR_bit
0x0018       [0]    SPEN_bit
0x0018       [0]    RX9D_bit
0x0018       [0]    RX9_bit
0x0018       [0]    OERR_bit
0x0019       [1]    TXREG
0x001A       [1]    RCREG
0x001B       [1]    CCPR2L
0x001B       [2]    CCPR2
0x001C       [1]    CCPR2H
0x001D       [0]    CCP2M3_bit
0x001D       [0]    CCP2M1_bit
0x001D       [1]    CCP2CON
0x001D       [0]    CCP2X_bit
0x001D       [0]    CCP2M0_bit
0x001D       [0]    CCP2M2_bit
0x001D       [0]    CCP2Y_bit
0x001E       [1]    ADRESH
0x001F       [0]    CHS2_bit
0x001F       [0]    GO_DONE_bit
0x001F       [1]    ADCON0
0x001F       [0]    NOT_DONE_bit
0x001F       [0]    ADCS0_bit
0x001F       [0]    ADCS1_bit
0x001F       [0]    GO_NOT_DONE_bit
0x001F       [0]    ADON_bit
0x001F       [0]    GO_bit
0x001F       [0]    CHS1_bit
0x001F       [0]    CHS0_bit
0x0020       [8]    ?lstr1_kit2
0x0028       [2]    _idx
0x002A       [2]    ?lstr2_kit2
0x002C      [19]    ?lstr3_kit2
0x003F       [8]    ?lstr4_kit2
0x0047      [19]    ?lstr5_kit2
0x005A       [6]    ?lstr6_kit2
0x0060       [2]    ?lstr7_kit2
0x0062       [2]    ___DoICPAddr
0x0064      [11]    _rfid
0x006F       [0]    __Lib_Lcd_cmd_status
0x0070       [1]    R0
0x0071       [1]    R1
0x0072       [1]    R2
0x0073       [1]    R3
0x0074       [1]    R4
0x0075       [1]    R5
0x0076       [1]    R6
0x0077       [1]    R7
0x0078       [1]    R8
0x0079       [1]    R9
0x007A       [1]    R10
0x007B       [1]    R11
0x007C       [1]    R12
0x007D       [1]    R13
0x007E       [1]    R14
0x007F       [1]    R15
0x0081       [0]    INTEDG_bit
0x0081       [0]    NOT_RBPU_bit
0x0081       [0]    T0CS_bit
0x0081       [0]    PSA_bit
0x0081       [0]    T0SE_bit
0x0081       [0]    PS2_bit
0x0081       [1]    OPTION_REG
0x0081       [0]    PS0_bit
0x0081       [0]    PS1_bit
0x0085       [1]    TRISA
0x0085       [0]    TRISA3_bit
0x0085       [0]    TRISA4_bit
0x0085       [0]    TRISA5_bit
0x0085       [0]    TRISA0_bit
0x0085       [0]    TRISA1_bit
0x0085       [0]    TRISA2_bit
0x0086       [0]    TRISB5_bit
0x0086       [0]    TRISB4_bit
0x0086       [0]    TRISB7_bit
0x0086       [0]    TRISB6_bit
0x0086       [0]    TRISB1_bit
0x0086       [0]    TRISB0_bit
0x0086       [0]    TRISB3_bit
0x0086       [0]    TRISB2_bit
0x0086       [0]    LCD_EN_Direction
0x0086       [0]    LCD_RS_Direction
0x0086       [1]    TRISB
0x0086       [0]    LCD_D4_Direction
0x0086       [0]    LCD_D7_Direction
0x0086       [0]    LCD_D6_Direction
0x0086       [0]    LCD_D5_Direction
0x0087       [1]    TRISC
0x0087       [0]    TRISC2_bit
0x0087       [0]    TRISC3_bit
0x0087       [0]    TRISC0_bit
0x0087       [0]    TRISC1_bit
0x0087       [0]    TRISC6_bit
0x0087       [0]    TRISC7_bit
0x0087       [0]    TRISC4_bit
0x0087       [0]    TRISC5_bit
0x0088       [0]    TRISD1_bit
0x0088       [0]    TRISD2_bit
0x0088       [1]    TRISD
0x0088       [0]    TRISD0_bit
0x0088       [0]    TRISD3_bit
0x0088       [0]    TRISD6_bit
0x0088       [0]    TRISD7_bit
0x0088       [0]    TRISD4_bit
0x0088       [0]    TRISD5_bit
0x0089       [0]    IBF_bit
0x0089       [0]    TRISE0_bit
0x0089       [0]    TRISE1_bit
0x0089       [0]    PSPMODE_bit
0x0089       [0]    IBOV_bit
0x0089       [0]    OBF_bit
0x0089       [0]    OBF_TRISE_bit
0x0089       [1]    TRISE
0x0089       [0]    IBF_TRISE_bit
0x0089       [0]    TRISE2_bit
0x0089       [0]    PSPMODE_TRISE_bit
0x0089       [0]    IBOV_TRISE_bit
0x008C       [0]    CCP1IE_bit
0x008C       [0]    SSPIE_bit
0x008C       [0]    TMR1IE_bit
0x008C       [0]    TMR2IE_bit
0x008C       [0]    TXIE_bit
0x008C       [0]    PSPIE_bit
0x008C       [1]    PIE1
0x008C       [0]    RCIE_bit
0x008C       [0]    ADIE_bit
0x008D       [0]    BCLIE_bit
0x008D       [0]    CCP2IE_bit
0x008D       [1]    PIE2
0x008D       [0]    CMIE_bit
0x008D       [0]    EEIE_bit
0x008E       [0]    NOT_BO_bit
0x008E       [1]    PCON
0x008E       [0]    NOT_POR_bit
0x008E       [0]    NOT_BOR_bit
0x0091       [0]    RSEN_bit
0x0091       [0]    PEN_bit
0x0091       [0]    SEN_bit
0x0091       [1]    SSPCON2
0x0091       [0]    RCEN_bit
0x0091       [0]    ACKDT_bit
0x0091       [0]    ACKSTAT_bit
0x0091       [0]    GCEN_bit
0x0091       [0]    ACKEN_bit
0x0092       [1]    PR2
0x0093       [1]    SSPADD
0x0094       [0]    I2C_READ_bit
0x0094       [0]    D_bit
0x0094       [0]    I2C_STOP__bit
0x0094       [0]    SMP_bit
0x0094       [0]    CKE_bit
0x0094       [1]    SSPSTAT
0x0094       [0]    R_bit
0x0094       [0]    I2C_START__bit
0x0094       [0]    D_NOT_A_bit
0x0094       [0]    P_bit
0x0094       [0]    READ_WRITE_bit
0x0094       [0]    DATA_ADDRESS_bit
0x0094       [0]    UA_bit
0x0094       [0]    BF_bit
0x0094       [0]    S_bit
0x0094       [0]    R_NOT_W_bit
0x0094       [0]    NOT_A_bit
0x0094       [0]    NOT_WRITE_bit
0x0094       [0]    I2C_DATA_bit
0x0094       [0]    NOT_W_bit
0x0094       [0]    NOT_ADDRESS_bit
0x0094       [0]    D_A_bit
0x0094       [0]    R_W_bit
0x0098       [1]    TXSTA
0x0098       [0]    BRGH_bit
0x0098       [0]    NOT_TX8_bit
0x0098       [0]    TXD8_bit
0x0098       [0]    CSRC_bit
0x0098       [0]    TRMT_bit
0x0098       [0]    TX9D_bit
0x0098       [0]    TX8_9_bit
0x0098       [0]    TXEN_bit
0x0098       [0]    SYNC_bit
0x0098       [0]    TX9_bit
0x0099       [1]    SPBRG
0x009C       [0]    C2OUT_bit
0x009C       [0]    CM2_bit
0x009C       [0]    CM1_bit
0x009C       [0]    CM0_bit
0x009C       [0]    C1OUT_bit
0x009C       [0]    C1INV_bit
0x009C       [1]    CMCON
0x009C       [0]    C2INV_bit
0x009C       [0]    CIS_bit
0x009D       [0]    CVRR_bit
0x009D       [0]    CVR2_bit
0x009D       [0]    CVR3_bit
0x009D       [1]    CVRCON
0x009D       [0]    CVR1_bit
0x009D       [0]    CVROE_bit
0x009D       [0]    CVREN_bit
0x009D       [0]    CVR0_bit
0x009E       [1]    ADRESL
0x009F       [0]    PCFG1_bit
0x009F       [0]    PCFG2_bit
0x009F       [0]    PCFG3_bit
0x009F       [0]    ADCS2_bit
0x009F       [0]    ADFM_bit
0x009F       [0]    PCFG0_bit
0x009F       [1]    ADCON1
0x00A0       [2]    _valid1
0x00A2       [2]    _valid2
0x00A4       [1]    FLOC__main
0x00A5       [1]    FARG_Lcd_Out_row
0x00A6       [1]    FARG_Lcd_Out_column
0x00A7       [1]    FARG_Lcd_Out_text
0x00A8       [1]    Lcd_Out_i_L0
0x00A9       [1]    FARG_Lcd_Chr_CP_out_char
0x00AA       [1]    FARG_Lcd_Cmd_out_char
0x010C       [1]    EEDATA
0x010D       [1]    EEADR
0x010E       [1]    EEDATH
0x010F       [1]    EEADRH
0x018C       [0]    WR_bit
0x018C       [0]    EEPGD_bit
0x018C       [0]    WRERR_bit
0x018C       [1]    EECON1
0x018C       [0]    RD_bit
0x018C       [0]    WREN_bit
0x018D       [1]    EECON2
//** Constants locations ** 
//ADDRESS    SIZE    CONSTANT
//----------------------------------------------
0x02E7       [8]    ?ICS?lstr1_kit2
0x02EF       [2]    ?ICS_idx
0x02F1       [2]    ?ICS?lstr2_kit2
0x02F3      [19]    ?ICS?lstr3_kit2
0x0306       [8]    ?ICS?lstr4_kit2
0x030E      [19]    ?ICS?lstr5_kit2
0x0321       [6]    ?ICS?lstr6_kit2
0x0327       [2]    ?ICS?lstr7_kit2
//** Label List: ** 
//----------------------------------------------
  L_main0
  L_main1
  L_main2
  L_main3
  L_main4
  L_main5
  L_main6
  L_main7
  L_main8
  L_main9
  L_main10
  L_main11
  L_main12
  L_main13
  L_main14
  L_main15
  L_main16
  L_main17
  L_main18
  L_main19
  L_main20
  L_main21
  L_main22
  L_main23
  L_main24
  L_main25
  L_main26
  L_main27
  L_main28
  L_main29
  L_main30
  L_main31
  L_main32
  L_main33
  L_main34
  L_main35
  L_main36
  L_main37
  L_main38
  L_main39
  L_main40
  L_main41
  L_main42
  L_main43
  L_main44
  L_main45
  L_main46
  L_main47
  L_main48
  L_main49
  L_main50
  L_main51
  L__main52
  L__main53
  L__main54
  L__main55
  L__main56
  L__main57
  L__main58
  L__main59
  L__main60
  L__main61
  L__main62
  _main
  L__main63
  L__main64
  L__main65
  L__main66
  L__main67
  L__main68
  L__main69
  L__main70
  L__main71
  L__main72
  L__main73
  L__main74
  L__main75
  L__main76
  L_Delay_10us0
  L_Delay_22us1
  L_Delay_50us2
  L_Delay_80us3
  L_Delay_500us4
  L_Delay_5500us5
  L_Delay_1ms6
  L_Delay_5ms7
  L_Delay_8ms8
  L_Delay_10ms9
  L_Delay_100ms10
  L_Delay_1sec11
  L_boot16_Delay_5ms12
  L_Delay_Cyc13
  L_Delay_Cyc14
  L_VDelay_ms15
  L_VDelay_ms16
  L_VDelay_ms17
  L_VDelay_Advanced_ms18
  L_VDelay_Advanced_ms19
  L_VDelay_Advanced_ms20
  _Get_Fosc_kHz
  _Delay_1us
  _Delay_10us
  _Delay_22us
  _Delay_50us
  _Delay_80us
  _Delay_500us
  _Delay_5500us
  _Delay_1ms
  _Delay_5ms
  _Delay_8ms
  _Delay_10ms
  _Delay_100ms
  _Delay_1sec
  _boot16_Delay_5ms
  _Delay_Cyc
  _VDelay_ms
  L__VDelay_ms21
  L__VDelay_ms22
  L__VDelay_ms23
  _VDelay_Advanced_ms
  L__VDelay_Advanced_ms24
  L__VDelay_Advanced_ms25
  L__VDelay_Advanced_ms26
  L_Lcd_Cmd0
  L_Lcd_Cmd1
  L_Lcd_Out_CP2
  L_Lcd_Out_CP3
  L_Lcd_Chr4
  L_Lcd_Chr5
  L_Lcd_Chr6
  L_Lcd_Chr7
  L_Lcd_Chr8
  L_Lcd_Chr9
  L_Lcd_Chr10
  L_Lcd_Out11
  L_Lcd_Out12
  L_Lcd_Out13
  L_Lcd_Out14
  L_Lcd_Out15
  L_Lcd_Out16
  L_Lcd_Out17
  L_Lcd_Out18
  L_Lcd_Out19
  L_end_Lcd_Cmd
  _Lcd_Cmd
  L__Lcd_Cmd21
  L__Lcd_Cmd22
  L__Lcd_Cmd23
  L__Lcd_Cmd24
  L__Lcd_Cmd25
  L__Lcd_Cmd26
  L__Lcd_Cmd27
  L__Lcd_Cmd28
  L__Lcd_Cmd29
  L__Lcd_Cmd30
  L__Lcd_Cmd31
  L__Lcd_Cmd32
  L__Lcd_Cmd33
  L__Lcd_Cmd34
  L__Lcd_Cmd35
  L__Lcd_Cmd36
  L__Lcd_Cmd37
  L__Lcd_Cmd38
  L__Lcd_Cmd39
  L__Lcd_Cmd40
  L_end_Lcd_Chr_CP
  _Lcd_Chr_CP
  L_end_Lcd_Out_CP
  _Lcd_Out_CP
  L_end_Lcd_Chr
  _Lcd_Chr
  L_end_Lcd_Init
  _Lcd_Init
  L_end_Lcd_Out
  _Lcd_Out
  L_loopCA2AWs
  L_CA2AWend
  _CCA2AW_Loop1
  L_loopCS2Ss
  L_CS2Send
  _CCS2S_Loop1
  L_CCS2Send
  L_loopFZinSWs
  L_FZinSend
  _CC2D_Loop1
  L_end_____DoICP
  _____DoICP
  L_end_____DoIFC
  _____DoIFC
  L_end___CA2AW
  ___CA2AW
  L_end___CCA2AW
  ___CCA2AW
  L_end___CS2S
  ___CS2S
  L_end___CCS2S
  ___CCS2S
  L_end___FZinS
  ___FZinS
  L_end___CC2DW
  ___CC2DW
  L_end_Swap
  _Swap
  L_UART1_Init0
  L_UART1_Init1
  L_UART1_Read2
  L_UART1_Write3
  L_UART1_Write4
  L_UART1_Write_Text5
  L_UART1_Write_Text6
  L_UART1_Read_Text7
  L_UART1_Read_Text8
  L_UART1_Read_Text9
  L_UART1_Read_Text10
  L_UART1_Read_Text11
  L_UART1_Read_Text12
  L_UART1_Read_Text13
  L_UART1_Read_Text14
  L_UART1_Read_Text15
  L_end_UART1_Init
  _UART1_Init
  L_end_UART1_Data_Ready
  _UART1_Data_Ready
  L_end_UART1_Read
  _UART1_Read
  L_end_UART1_Tx_Idle
  _UART1_Tx_Idle
  L_end_UART1_Write
  _UART1_Write
  L_end_UART1_Write_Text
  _UART1_Write_Text
  L_end_UART1_Read_Text
  _UART1_Read_Text
